2022-09-22 16:55:50,306 INFO autoreload: Watching for file changes with StatReloader
2022-09-22 16:55:52,113 ERROR log: Internal Server Error: /
Traceback (most recent call last):
  File "/Users/malf/Workspace/codecanyon/voucher-wheel/venv/lib/python3.8/site-packages/django/db/backends/utils.py", line 84, in _execute
    return self.cursor.execute(sql, params)
  File "/Users/malf/Workspace/codecanyon/voucher-wheel/venv/lib/python3.8/site-packages/django/db/backends/sqlite3/base.py", line 423, in execute
    return Database.Cursor.execute(self, query, params)
sqlite3.OperationalError: no such table: app_prize

The above exception was the direct cause of the following exception:

Traceback (most recent call last):
  File "/Users/malf/Workspace/codecanyon/voucher-wheel/venv/lib/python3.8/site-packages/django/core/handlers/exception.py", line 47, in inner
    response = get_response(request)
  File "/Users/malf/Workspace/codecanyon/voucher-wheel/venv/lib/python3.8/site-packages/django/core/handlers/base.py", line 181, in _get_response
    response = wrapped_callback(request, *callback_args, **callback_kwargs)
  File "/Users/malf/Workspace/codecanyon/voucher-wheel/wheel/app/views.py", line 70, in index
    prizes = get_list_or_404(Prize)
  File "/Users/malf/Workspace/codecanyon/voucher-wheel/venv/lib/python3.8/site-packages/django/shortcuts.py", line 96, in get_list_or_404
    obj_list = list(queryset.filter(*args, **kwargs))
  File "/Users/malf/Workspace/codecanyon/voucher-wheel/venv/lib/python3.8/site-packages/django/db/models/query.py", line 262, in __len__
    self._fetch_all()
  File "/Users/malf/Workspace/codecanyon/voucher-wheel/venv/lib/python3.8/site-packages/django/db/models/query.py", line 1324, in _fetch_all
    self._result_cache = list(self._iterable_class(self))
  File "/Users/malf/Workspace/codecanyon/voucher-wheel/venv/lib/python3.8/site-packages/django/db/models/query.py", line 51, in __iter__
    results = compiler.execute_sql(chunked_fetch=self.chunked_fetch, chunk_size=self.chunk_size)
  File "/Users/malf/Workspace/codecanyon/voucher-wheel/venv/lib/python3.8/site-packages/django/db/models/sql/compiler.py", line 1175, in execute_sql
    cursor.execute(sql, params)
  File "/Users/malf/Workspace/codecanyon/voucher-wheel/venv/lib/python3.8/site-packages/django/db/backends/utils.py", line 98, in execute
    return super().execute(sql, params)
  File "/Users/malf/Workspace/codecanyon/voucher-wheel/venv/lib/python3.8/site-packages/django/db/backends/utils.py", line 66, in execute
    return self._execute_with_wrappers(sql, params, many=False, executor=self._execute)
  File "/Users/malf/Workspace/codecanyon/voucher-wheel/venv/lib/python3.8/site-packages/django/db/backends/utils.py", line 75, in _execute_with_wrappers
    return executor(sql, params, many, context)
  File "/Users/malf/Workspace/codecanyon/voucher-wheel/venv/lib/python3.8/site-packages/django/db/backends/utils.py", line 84, in _execute
    return self.cursor.execute(sql, params)
  File "/Users/malf/Workspace/codecanyon/voucher-wheel/venv/lib/python3.8/site-packages/django/db/utils.py", line 90, in __exit__
    raise dj_exc_value.with_traceback(traceback) from exc_value
  File "/Users/malf/Workspace/codecanyon/voucher-wheel/venv/lib/python3.8/site-packages/django/db/backends/utils.py", line 84, in _execute
    return self.cursor.execute(sql, params)
  File "/Users/malf/Workspace/codecanyon/voucher-wheel/venv/lib/python3.8/site-packages/django/db/backends/sqlite3/base.py", line 423, in execute
    return Database.Cursor.execute(self, query, params)
django.db.utils.OperationalError: no such table: app_prize
2022-09-22 16:55:52,117 ERROR basehttp: "GET / HTTP/1.1" 500 127514
2022-09-22 16:55:52,658 WARNING log: Not Found: /favicon.ico
2022-09-22 16:55:52,658 WARNING basehttp: "GET /favicon.ico HTTP/1.1" 404 2619
2022-09-22 16:57:21,005 INFO basehttp: "GET / HTTP/1.1" 200 7449
2022-09-22 16:57:21,737 INFO basehttp: "GET /static/img/wheel.png HTTP/1.1" 200 407425
2022-09-22 16:57:21,739 INFO basehttp: "GET /static/img/outwheel.png HTTP/1.1" 200 440976
2022-09-22 16:57:22,405 INFO basehttp: "GET /static/img/logo.png HTTP/1.1" 200 11712
2022-09-22 16:57:28,131 INFO basehttp: "GET / HTTP/1.1" 200 7449
2022-09-22 16:57:28,227 INFO basehttp: "GET /static/css/styles.css HTTP/1.1" 200 1055
2022-09-22 16:57:28,233 INFO basehttp: "GET /static/js/confetti.js HTTP/1.1" 200 7222
2022-09-22 16:57:28,233 INFO basehttp: "GET /static/js/script.js HTTP/1.1" 200 4688
2022-09-22 16:57:28,233 INFO basehttp: "GET /static/img/logo.png HTTP/1.1" 200 11712
2022-09-22 16:57:29,098 INFO basehttp: "GET /static/media/roulette.mp3 HTTP/1.1" 200 95433
2022-09-22 16:57:29,100 INFO basehttp: "GET /static/img/wheel.png HTTP/1.1" 200 407425
2022-09-22 16:57:29,101 INFO basehttp: "GET /static/img/outwheel.png HTTP/1.1" 200 440976
2022-09-22 16:57:29,109 INFO basehttp: "GET /static/img/favicon.ico/favicon-32x32.png HTTP/1.1" 200 2438
2022-09-23 18:30:18,045 INFO autoreload: Watching for file changes with StatReloader
2022-09-23 18:30:20,224 INFO basehttp: "GET / HTTP/1.1" 200 7449
2022-09-23 18:30:21,189 INFO basehttp: "GET /static/img/wheel.png HTTP/1.1" 200 407425
2022-09-23 18:30:21,190 INFO basehttp: "GET /static/img/outwheel.png HTTP/1.1" 200 440976
2022-09-23 18:30:21,258 INFO basehttp: "GET /static/media/roulette.mp3 HTTP/1.1" 200 95433
2022-09-23 18:33:31,180 INFO basehttp: "GET / HTTP/1.1" 200 7449
2022-09-23 18:33:32,024 INFO basehttp: "GET / HTTP/1.1" 200 7449
2022-09-23 18:33:36,940 INFO basehttp: "GET / HTTP/1.1" 200 7449
2022-09-23 18:33:37,057 INFO basehttp: "GET /static/css/styles.css HTTP/1.1" 200 1055
2022-09-23 18:33:37,069 INFO basehttp: "GET /static/js/confetti.js HTTP/1.1" 200 7222
2022-09-23 18:33:37,073 INFO basehttp: "GET /static/js/script.js HTTP/1.1" 200 4688
2022-09-23 18:33:37,074 INFO basehttp: "GET /static/img/logo.png HTTP/1.1" 200 11712
2022-09-23 18:33:37,532 INFO basehttp: "GET /static/img/wheel.png HTTP/1.1" 200 407425
2022-09-23 18:33:37,533 INFO basehttp: "GET /static/img/outwheel.png HTTP/1.1" 200 440976
2022-09-23 18:33:37,539 INFO basehttp: "GET /static/media/roulette.mp3 HTTP/1.1" 200 95433
2022-09-23 18:33:37,548 INFO basehttp: "GET /static/img/favicon.ico/favicon-32x32.png HTTP/1.1" 200 2438
2022-09-23 18:33:52,189 INFO basehttp: "GET / HTTP/1.1" 200 7449
2022-09-23 18:33:54,208 INFO basehttp: "GET / HTTP/1.1" 200 7449
2022-09-23 18:34:31,631 INFO basehttp: "GET /admin HTTP/1.1" 301 0
2022-09-23 18:34:31,654 INFO basehttp: "GET /admin/ HTTP/1.1" 302 0
2022-09-23 18:34:31,687 INFO basehttp: "GET /admin/login/?next=/admin/ HTTP/1.1" 200 2217
2022-09-23 18:34:31,789 INFO basehttp: "GET /static/admin/css/nav_sidebar.css HTTP/1.1" 200 2271
2022-09-23 18:34:31,790 INFO basehttp: "GET /static/admin/css/responsive.css HTTP/1.1" 200 18545
2022-09-23 18:34:31,791 INFO basehttp: "GET /static/admin/css/login.css HTTP/1.1" 200 939
2022-09-23 18:34:31,792 INFO basehttp: "GET /static/admin/css/base.css HTTP/1.1" 200 19513
2022-09-23 18:34:31,826 INFO basehttp: "GET /static/admin/css/fonts.css HTTP/1.1" 200 423
2022-09-23 18:34:31,839 INFO basehttp: "GET /static/admin/js/nav_sidebar.js HTTP/1.1" 200 1360
2022-09-23 18:34:31,894 INFO basehttp: "GET /static/admin/fonts/Roboto-Light-webfont.woff HTTP/1.1" 200 85692
2022-09-23 18:34:31,903 INFO basehttp: "GET /static/admin/fonts/Roboto-Regular-webfont.woff HTTP/1.1" 200 85876
2022-09-23 18:34:36,132 INFO basehttp: "GET / HTTP/1.1" 200 7449
2022-09-23 18:34:38,136 INFO basehttp: "GET / HTTP/1.1" 200 7449
2022-09-23 18:34:38,699 INFO basehttp: "GET / HTTP/1.1" 200 7449
2022-09-23 18:34:39,014 INFO basehttp: "GET / HTTP/1.1" 200 7449
2022-09-23 18:34:39,294 INFO basehttp: "GET / HTTP/1.1" 200 7449
2022-09-23 18:34:39,501 INFO basehttp: "GET / HTTP/1.1" 200 7449
2022-09-23 18:34:39,698 INFO basehttp: "GET / HTTP/1.1" 200 7449
2022-09-23 18:34:39,927 INFO basehttp: "GET / HTTP/1.1" 200 7449
2022-09-23 18:35:23,921 INFO basehttp: "GET / HTTP/1.1" 200 7449
2022-09-23 18:35:23,940 INFO basehttp: "GET /static/css/styles.css HTTP/1.1" 200 1055
2022-09-23 18:35:23,950 INFO basehttp: "GET /static/js/script.js HTTP/1.1" 200 4688
2022-09-23 18:35:23,953 INFO basehttp: "GET /static/js/confetti.js HTTP/1.1" 200 7222
2022-09-23 18:35:23,954 INFO basehttp: "GET /static/img/logo.png HTTP/1.1" 200 11712
2022-09-23 18:35:24,145 INFO basehttp: "GET /static/img/outwheel.png HTTP/1.1" 200 244376
2022-09-23 18:35:24,146 INFO basehttp: "GET /static/img/wheel.png HTTP/1.1" 200 407425
2022-09-23 18:35:24,166 INFO basehttp: "GET /static/media/roulette.mp3 HTTP/1.1" 200 95433
2022-09-23 18:35:24,178 INFO basehttp: "GET /static/img/favicon.ico/favicon-32x32.png HTTP/1.1" 200 2438
2022-09-23 18:37:01,438 INFO views: Draw_new with POST
2022-09-23 18:37:01,456 ERROR draw: UniqueCode matching query does not exist.
2022-09-23 18:37:01,463 INFO basehttp: "POST /draw HTTP/1.1" 200 6169
2022-09-23 18:37:01,505 INFO basehttp: "GET /static/img/outwheel.png HTTP/1.1" 304 0
2022-09-23 18:37:01,554 INFO basehttp: "GET /static/img/favicon.ico/android-icon-192x192.png HTTP/1.1" 200 17042
2022-09-23 18:37:10,520 INFO views: Draw with GET for id 1
2022-09-23 18:37:10,521 INFO views: Prize 1, 10% OFF, True
2022-09-23 18:37:10,528 INFO basehttp: "GET /1 HTTP/1.1" 200 7088
2022-09-23 18:54:01,393 INFO basehttp: "GET / HTTP/1.1" 200 7449
2022-09-23 18:56:01,505 INFO views: Draw_new with POST
2022-09-23 18:56:01,518 ERROR draw: UniqueCode matching query does not exist.
2022-09-23 18:56:01,525 INFO basehttp: "POST /draw HTTP/1.1" 200 6169
2022-09-23 18:56:01,626 INFO basehttp: "GET /static/img/outwheel.png HTTP/1.1" 304 0
2022-09-23 18:56:10,642 INFO views: Draw with GET for id 2
2022-09-23 18:56:10,644 INFO views: Prize 2, NO LUCK ..., False
2022-09-23 18:56:10,652 INFO basehttp: "GET /2 HTTP/1.1" 200 6548
2022-09-23 18:56:48,926 INFO views: Draw with GET for id 2
2022-09-23 18:56:48,928 INFO views: Prize 2, NO LUCK ..., False
2022-09-23 18:56:48,934 INFO basehttp: "GET /2 HTTP/1.1" 200 6548
2022-09-23 18:57:11,521 INFO views: Draw_new with POST
2022-09-23 18:57:11,530 ERROR draw: UniqueCode matching query does not exist.
2022-09-23 18:57:11,540 INFO basehttp: "POST /draw HTTP/1.1" 200 6169
2022-09-23 18:57:20,631 INFO views: Draw with GET for id 3
2022-09-23 18:57:20,634 INFO views: Prize 4, NOTHING ..., False
2022-09-23 18:57:20,641 INFO basehttp: "GET /3 HTTP/1.1" 200 6548
2022-09-23 18:57:39,586 INFO basehttp: "GET /admin HTTP/1.1" 301 0
2022-09-23 18:57:39,591 INFO basehttp: "GET /admin/ HTTP/1.1" 302 0
2022-09-23 18:57:39,615 INFO basehttp: "GET /admin/login/?next=/admin/ HTTP/1.1" 200 2217
2022-09-23 18:57:39,635 INFO basehttp: "GET /static/admin/css/base.css HTTP/1.1" 200 19513
2022-09-23 18:57:39,641 INFO basehttp: "GET /static/admin/css/nav_sidebar.css HTTP/1.1" 200 2271
2022-09-23 18:57:39,644 INFO basehttp: "GET /static/admin/css/login.css HTTP/1.1" 200 939
2022-09-23 18:57:39,653 INFO basehttp: "GET /static/admin/css/responsive.css HTTP/1.1" 200 18545
2022-09-23 18:57:39,654 INFO basehttp: "GET /static/admin/js/nav_sidebar.js HTTP/1.1" 200 1360
2022-09-23 18:57:39,670 INFO basehttp: "GET /static/admin/css/fonts.css HTTP/1.1" 200 423
2022-09-23 18:57:39,727 INFO basehttp: "GET /static/admin/fonts/Roboto-Regular-webfont.woff HTTP/1.1" 200 85876
2022-09-23 18:57:39,727 INFO basehttp: "GET /static/admin/fonts/Roboto-Light-webfont.woff HTTP/1.1" 200 85692
2022-09-23 18:57:39,758 WARNING log: Not Found: /favicon.ico
2022-09-23 18:57:39,758 WARNING basehttp: "GET /favicon.ico HTTP/1.1" 404 2619
2022-09-23 18:57:44,557 INFO basehttp: "POST /admin/login/?next=/admin/ HTTP/1.1" 200 2378
2022-09-23 18:57:44,575 INFO basehttp: "GET /static/admin/fonts/Roboto-Bold-webfont.woff HTTP/1.1" 200 86184
2022-09-23 18:57:47,685 INFO basehttp: "POST /admin/login/?next=/admin/ HTTP/1.1" 200 2378
2022-09-23 18:58:02,870 INFO basehttp: "POST /admin/login/?next=/admin/ HTTP/1.1" 200 2378
2022-09-23 18:58:04,808 INFO basehttp: "POST /admin/login/?next=/admin/ HTTP/1.1" 200 2378
2022-09-23 18:58:08,516 INFO basehttp: "POST /admin/login/?next=/admin/ HTTP/1.1" 302 0
2022-09-23 18:58:08,545 INFO basehttp: "GET /admin/ HTTP/1.1" 200 4784
2022-09-23 18:58:08,556 INFO basehttp: "GET /static/admin/css/dashboard.css HTTP/1.1" 200 380
2022-09-23 18:58:08,562 INFO basehttp: "GET /static/admin/img/icon-addlink.svg HTTP/1.1" 200 331
2022-09-23 18:58:08,565 INFO basehttp: "GET /static/admin/img/icon-changelink.svg HTTP/1.1" 200 380
2022-09-23 18:58:14,006 INFO basehttp: "GET /admin/app/uniquecode/ HTTP/1.1" 200 6745
2022-09-23 18:58:14,030 INFO basehttp: "GET /static/admin/js/jquery.init.js HTTP/1.1" 200 347
2022-09-23 18:58:14,034 INFO basehttp: "GET /static/admin/css/changelists.css HTTP/1.1" 200 6874
2022-09-23 18:58:14,038 INFO basehttp: "GET /static/admin/js/core.js HTTP/1.1" 200 5698
2022-09-23 18:58:14,039 INFO basehttp: "GET /static/admin/js/actions.js HTTP/1.1" 200 7664
2022-09-23 18:58:14,042 INFO basehttp: "GET /static/admin/js/admin/RelatedObjectLookups.js HTTP/1.1" 200 5984
2022-09-23 18:58:14,044 INFO basehttp: "GET /static/admin/js/prepopulate.js HTTP/1.1" 200 1531
2022-09-23 18:58:14,048 INFO basehttp: "GET /admin/jsi18n/ HTTP/1.1" 200 3195
2022-09-23 18:58:14,049 INFO basehttp: "GET /static/admin/js/urlify.js HTTP/1.1" 200 7902
2022-09-23 18:58:14,053 INFO basehttp: "GET /static/admin/js/vendor/xregexp/xregexp.js HTTP/1.1" 200 232381
2022-09-23 18:58:14,055 INFO basehttp: "GET /static/admin/js/vendor/jquery/jquery.js HTTP/1.1" 200 287630
2022-09-23 18:58:14,088 INFO basehttp: "GET /static/admin/img/tooltag-add.svg HTTP/1.1" 200 331
2022-09-23 18:58:17,297 INFO basehttp: "GET /admin/app/uniquecode/add/ HTTP/1.1" 200 8154
2022-09-23 18:58:17,315 INFO basehttp: "GET /static/admin/css/forms.css HTTP/1.1" 200 8804
2022-09-23 18:58:17,315 INFO basehttp: "GET /admin/jsi18n/ HTTP/1.1" 200 3195
2022-09-23 18:58:17,323 INFO basehttp: "GET /static/admin/js/prepopulate_init.js HTTP/1.1" 200 492
2022-09-23 18:58:17,323 INFO basehttp: "GET /static/admin/css/widgets.css HTTP/1.1" 200 11097
2022-09-23 18:58:17,326 INFO basehttp: "GET /static/admin/js/change_form.js HTTP/1.1" 200 606
2022-09-23 18:58:24,423 INFO basehttp: "POST /admin/app/uniquecode/add/ HTTP/1.1" 302 0
2022-09-23 18:58:24,462 INFO basehttp: "GET /admin/app/uniquecode/ HTTP/1.1" 200 9021
2022-09-23 18:58:24,479 INFO basehttp: "GET /static/admin/img/icon-no.svg HTTP/1.1" 200 560
2022-09-23 18:58:24,482 INFO basehttp: "GET /admin/jsi18n/ HTTP/1.1" 200 3195
2022-09-23 18:58:24,495 INFO basehttp: "GET /static/admin/img/icon-yes.svg HTTP/1.1" 200 436
2022-09-23 18:58:26,063 INFO basehttp: "GET /admin/app/uniquecode/1/change/ HTTP/1.1" 200 8419
2022-09-23 18:58:26,079 INFO basehttp: "GET /admin/jsi18n/ HTTP/1.1" 200 3195
2022-09-23 18:58:29,738 INFO basehttp: "GET /admin/app/prize/ HTTP/1.1" 200 14121
2022-09-23 18:58:29,754 INFO basehttp: "GET /admin/jsi18n/ HTTP/1.1" 200 3195
2022-09-23 18:58:31,538 INFO basehttp: "GET /admin/app/prize/15/change/ HTTP/1.1" 200 7223
2022-09-23 18:58:31,553 INFO basehttp: "GET /admin/jsi18n/ HTTP/1.1" 200 3195
2022-09-23 18:58:33,658 INFO basehttp: "GET /admin/app/prize/ HTTP/1.1" 200 14121
2022-09-23 18:58:35,854 INFO basehttp: "GET /admin/app/prize/13/change/ HTTP/1.1" 200 7207
2022-09-23 18:58:35,870 INFO basehttp: "GET /admin/jsi18n/ HTTP/1.1" 200 3195
2022-09-23 18:58:52,377 INFO basehttp: "POST /admin/app/prize/13/change/ HTTP/1.1" 302 0
2022-09-23 18:58:52,444 INFO basehttp: "GET /admin/app/prize/ HTTP/1.1" 200 14320
2022-09-23 18:58:52,462 INFO basehttp: "GET /admin/jsi18n/ HTTP/1.1" 200 3195
2022-09-23 18:58:54,795 INFO basehttp: "GET /admin/app/prize/9/change/ HTTP/1.1" 200 7205
2022-09-23 18:58:54,812 INFO basehttp: "GET /admin/jsi18n/ HTTP/1.1" 200 3195
2022-09-23 18:59:10,644 INFO basehttp: "POST /admin/app/prize/9/change/ HTTP/1.1" 302 0
2022-09-23 18:59:10,705 INFO basehttp: "GET /admin/app/prize/ HTTP/1.1" 200 14307
2022-09-23 18:59:10,722 INFO basehttp: "GET /admin/jsi18n/ HTTP/1.1" 200 3195
2022-09-23 18:59:16,361 INFO basehttp: "GET /admin/app/prize/6/change/ HTTP/1.1" 200 7217
2022-09-23 18:59:16,378 INFO basehttp: "GET /admin/jsi18n/ HTTP/1.1" 200 3195
2022-09-23 18:59:22,136 INFO basehttp: "POST /admin/app/prize/6/change/ HTTP/1.1" 302 0
2022-09-23 18:59:22,204 INFO basehttp: "GET /admin/app/prize/ HTTP/1.1" 200 14312
2022-09-23 18:59:22,223 INFO basehttp: "GET /admin/jsi18n/ HTTP/1.1" 200 3195
2022-09-23 18:59:27,651 INFO basehttp: "GET /admin/app/prize/15/change/ HTTP/1.1" 200 7223
2022-09-23 18:59:27,667 INFO basehttp: "GET /admin/jsi18n/ HTTP/1.1" 200 3195
2022-09-23 18:59:45,481 INFO basehttp: "POST /admin/app/prize/15/change/ HTTP/1.1" 302 0
2022-09-23 18:59:45,545 INFO basehttp: "GET /admin/app/prize/ HTTP/1.1" 200 14306
2022-09-23 18:59:45,563 INFO basehttp: "GET /admin/jsi18n/ HTTP/1.1" 200 3195
2022-09-23 18:59:48,992 INFO basehttp: "GET /admin/app/prize/15/change/ HTTP/1.1" 200 7203
2022-09-23 18:59:49,009 INFO basehttp: "GET /admin/jsi18n/ HTTP/1.1" 200 3195
2022-09-23 18:59:53,379 INFO basehttp: "POST /admin/app/prize/15/change/ HTTP/1.1" 302 0
2022-09-23 18:59:53,448 INFO basehttp: "GET /admin/app/prize/ HTTP/1.1" 200 14308
2022-09-23 18:59:53,466 INFO basehttp: "GET /admin/jsi18n/ HTTP/1.1" 200 3195
2022-09-23 18:59:55,068 INFO basehttp: "GET /admin/app/prize/6/change/ HTTP/1.1" 200 7209
2022-09-23 18:59:55,085 INFO basehttp: "GET /admin/jsi18n/ HTTP/1.1" 200 3195
2022-09-23 18:59:59,191 INFO basehttp: "POST /admin/app/prize/6/change/ HTTP/1.1" 302 0
2022-09-23 18:59:59,255 INFO basehttp: "GET /admin/app/prize/ HTTP/1.1" 200 14306
2022-09-23 18:59:59,270 INFO basehttp: "GET /admin/jsi18n/ HTTP/1.1" 200 3195
2022-09-23 19:00:03,147 INFO basehttp: "GET /admin/app/prize/13/change/ HTTP/1.1" 200 7207
2022-09-23 19:00:03,162 INFO basehttp: "GET /admin/jsi18n/ HTTP/1.1" 200 3195
2022-09-23 19:00:07,361 INFO basehttp: "GET / HTTP/1.1" 200 7436
2022-09-23 19:00:07,429 INFO basehttp: "GET /static/img/outwheel.png HTTP/1.1" 304 0
2022-09-23 19:00:23,679 INFO basehttp: "POST /admin/app/prize/13/change/ HTTP/1.1" 302 0
2022-09-23 19:00:23,753 INFO basehttp: "GET /admin/app/prize/ HTTP/1.1" 200 14307
2022-09-23 19:00:23,769 INFO basehttp: "GET /admin/jsi18n/ HTTP/1.1" 200 3195
2022-09-23 19:00:30,229 INFO basehttp: "GET / HTTP/1.1" 200 7436
2022-09-23 19:00:43,908 INFO views: Draw_new with POST
2022-09-23 19:00:43,928 INFO basehttp: "POST /draw HTTP/1.1" 200 6157
2022-09-23 19:00:53,016 INFO views: Draw with GET for id 4
2022-09-23 19:00:53,020 INFO views: Prize 11, 25% OFF, True
2022-09-23 19:00:53,031 INFO basehttp: "GET /4 HTTP/1.1" 200 7077
2022-09-24 08:46:20,475 INFO basehttp: "GET / HTTP/1.1" 200 7436
2022-09-24 08:46:20,525 INFO basehttp: "GET /static/css/styles.css HTTP/1.1" 200 1055
2022-09-24 08:46:20,528 INFO basehttp: "GET /static/js/confetti.js HTTP/1.1" 200 7222
2022-09-24 08:46:20,529 INFO basehttp: "GET /static/js/script.js HTTP/1.1" 200 4688
2022-09-24 08:46:20,531 INFO basehttp: "GET /static/img/logo.png HTTP/1.1" 200 11712
2022-09-24 08:46:20,693 INFO basehttp: "GET /static/img/outwheel.png HTTP/1.1" 200 244376
2022-09-24 08:46:20,694 INFO basehttp: "GET /static/media/roulette.mp3 HTTP/1.1" 200 95433
2022-09-24 08:46:20,695 INFO basehttp: "GET /static/img/wheel.png HTTP/1.1" 200 407425
2022-09-24 08:46:20,711 INFO basehttp: "GET /static/img/favicon.ico/favicon-32x32.png HTTP/1.1" 200 2438
2022-09-26 20:49:47,447 INFO autoreload: Watching for file changes with StatReloader
2022-09-26 20:49:52,352 INFO basehttp: "GET / HTTP/1.1" 200 7436
2022-09-26 20:49:52,779 INFO basehttp: "GET /static/img/logo.png HTTP/1.1" 200 11712
2022-09-26 20:49:54,178 INFO basehttp: "GET /static/img/outwheel.png HTTP/1.1" 200 440976
2022-09-26 20:49:54,182 INFO basehttp: "GET /static/img/wheel.png HTTP/1.1" 200 407425
2022-09-26 20:49:54,201 INFO basehttp: "GET /static/media/roulette.mp3 HTTP/1.1" 200 95433
2022-09-26 20:49:54,210 INFO basehttp: "GET /static/img/favicon.ico/android-icon-192x192.png HTTP/1.1" 200 17042
2022-09-26 21:05:25,920 INFO basehttp: "GET / HTTP/1.1" 200 7436
2022-09-26 21:05:26,107 INFO basehttp: "GET /static/img/logo.svg HTTP/1.1" 200 123645
2022-09-26 21:05:26,180 INFO basehttp: "GET /static/img/outwheel.png HTTP/1.1" 304 0
2022-09-26 21:05:26,641 INFO basehttp: "GET /static/img/logo.svg HTTP/1.1" 200 123645
2022-09-26 21:05:59,008 INFO basehttp: "GET / HTTP/1.1" 200 7456
2022-09-26 21:05:59,282 INFO basehttp: "GET /static/img/logo.svg HTTP/1.1" 304 0
2022-09-26 21:06:05,507 INFO basehttp: "GET / HTTP/1.1" 200 7457
2022-09-26 21:06:10,358 INFO basehttp: "GET / HTTP/1.1" 200 7457
2022-09-26 21:06:15,191 INFO basehttp: "GET / HTTP/1.1" 200 7457
2022-09-26 21:06:15,279 INFO basehttp: "GET /static/img/logo.svg HTTP/1.1" 304 0
2022-09-26 21:08:34,326 INFO basehttp: "GET / HTTP/1.1" 200 7457
2022-09-26 21:08:34,509 INFO basehttp: "GET /static/img/logo.svg HTTP/1.1" 200 124205
2022-09-26 21:12:27,192 INFO basehttp: "GET / HTTP/1.1" 200 7713
2022-09-26 21:12:27,369 INFO basehttp: "GET /static/img/logo.svg HTTP/1.1" 304 0
2022-09-26 21:12:27,444 INFO basehttp: "GET /static/img/outwheel.png HTTP/1.1" 304 0
2022-09-26 21:14:13,368 INFO basehttp: "GET / HTTP/1.1" 200 7733
2022-09-26 21:14:13,540 INFO basehttp: "GET /static/img/logo.svg HTTP/1.1" 304 0
2022-09-26 21:14:26,553 INFO basehttp: "GET / HTTP/1.1" 200 7732
2022-09-26 21:15:13,575 INFO basehttp: "GET / HTTP/1.1" 200 7687
2022-09-26 21:15:13,778 INFO basehttp: "GET /static/img/logo.svg HTTP/1.1" 304 0
2022-09-26 21:15:23,552 INFO basehttp: "GET / HTTP/1.1" 200 7749
2022-09-26 21:15:51,299 INFO basehttp: "GET / HTTP/1.1" 200 7703
2022-09-26 21:16:44,134 INFO basehttp: "GET / HTTP/1.1" 200 7751
2022-09-26 21:16:44,392 INFO basehttp: "GET /static/img/logo.svg HTTP/1.1" 304 0
2022-09-26 21:16:44,487 INFO basehttp: "GET /static/img/outwheel.png HTTP/1.1" 304 0
2023-08-05 15:40:40,113 INFO autoreload: Watching for file changes with StatReloader
2023-08-05 15:41:06,097 INFO basehttp: "GET / HTTP/1.1" 200 7460
2023-08-05 15:41:06,215 INFO basehttp: "GET /static/css/styles.css HTTP/1.1" 200 1055
2023-08-05 15:41:06,234 INFO basehttp: "GET /static/js/confetti.js HTTP/1.1" 200 7222
2023-08-05 15:41:06,240 INFO basehttp: "GET /static/js/script.js HTTP/1.1" 200 4688
2023-08-05 15:41:06,457 INFO basehttp: "GET /static/img/logo.svg HTTP/1.1" 200 124205
2023-08-05 15:41:06,852 INFO basehttp: "GET /static/img/wheel.png HTTP/1.1" 200 407425
2023-08-05 15:41:06,866 INFO basehttp: "GET /static/img/outwheel.png HTTP/1.1" 200 440976
2023-08-05 15:41:06,876 INFO basehttp: "GET /static/img/favicon.ico/android-icon-192x192.png HTTP/1.1" 200 17042
2023-08-05 15:41:06,880 INFO basehttp: "GET /static/img/favicon.ico/favicon-16x16.png HTTP/1.1" 200 1534
2023-08-05 15:41:06,894 INFO basehttp: "GET /static/media/roulette.mp3 HTTP/1.1" 200 95433
2023-08-05 15:42:03,055 INFO basehttp: "GET /admin HTTP/1.1" 301 0
2023-08-05 15:42:03,159 INFO basehttp: "GET /admin/ HTTP/1.1" 302 0
2023-08-05 15:42:03,247 INFO basehttp: "GET /admin/login/?next=/admin/ HTTP/1.1" 200 2217
2023-08-05 15:42:03,385 INFO basehttp: "GET /static/admin/css/base.css HTTP/1.1" 200 19513
2023-08-05 15:42:03,387 INFO basehttp: "GET /static/admin/css/nav_sidebar.css HTTP/1.1" 200 2271
2023-08-05 15:42:03,389 INFO basehttp: "GET /static/admin/js/nav_sidebar.js HTTP/1.1" 200 1360
2023-08-05 15:42:03,397 INFO basehttp: "GET /static/admin/css/login.css HTTP/1.1" 200 939
2023-08-05 15:42:03,402 INFO basehttp: "GET /static/admin/css/responsive.css HTTP/1.1" 200 18545
2023-08-05 15:42:03,425 INFO basehttp: "GET /static/admin/css/fonts.css HTTP/1.1" 200 423
2023-08-05 15:42:03,517 WARNING log: Not Found: /favicon.ico
2023-08-05 15:42:03,519 WARNING basehttp: "GET /favicon.ico HTTP/1.1" 404 2619
2023-08-05 15:42:03,541 INFO basehttp: "GET /static/admin/fonts/Roboto-Regular-webfont.woff HTTP/1.1" 200 85876
2023-08-05 15:42:03,544 INFO basehttp: "GET /static/admin/fonts/Roboto-Light-webfont.woff HTTP/1.1" 200 85692
2023-08-05 15:42:10,196 INFO basehttp: "POST /admin/login/?next=/admin/ HTTP/1.1" 200 2379
2023-08-05 15:42:10,362 INFO basehttp: "GET /static/admin/fonts/Roboto-Bold-webfont.woff HTTP/1.1" 200 86184
2023-08-05 15:42:15,423 INFO basehttp: "POST /admin/login/?next=/admin/ HTTP/1.1" 200 2379
2023-08-05 15:42:15,630 INFO basehttp: "GET /static/admin/css/base.css HTTP/1.1" 304 0
2023-08-05 15:42:15,635 INFO basehttp: "GET /static/admin/css/nav_sidebar.css HTTP/1.1" 304 0
2023-08-05 15:42:15,640 INFO basehttp: "GET /static/admin/css/responsive.css HTTP/1.1" 304 0
2023-08-05 15:42:15,641 INFO basehttp: "GET /static/admin/js/nav_sidebar.js HTTP/1.1" 304 0
2023-08-05 15:42:15,642 INFO basehttp: "GET /static/admin/css/login.css HTTP/1.1" 304 0
2023-08-05 15:42:15,676 INFO basehttp: "GET /static/admin/css/fonts.css HTTP/1.1" 304 0
2023-08-05 15:42:20,935 INFO basehttp: "POST /admin/login/?next=/admin/ HTTP/1.1" 200 2378
2023-08-05 15:42:23,924 INFO basehttp: "POST /admin/login/?next=/admin/ HTTP/1.1" 200 2378
2023-08-05 15:42:46,837 INFO basehttp: "GET / HTTP/1.1" 200 7460
2023-08-05 15:43:42,344 INFO basehttp: "GET /admin/ HTTP/1.1" 302 0
2023-08-05 15:43:42,412 INFO basehttp: "GET /admin/login/?next=/admin/ HTTP/1.1" 200 2217
2023-08-05 15:43:42,571 INFO basehttp: "GET /static/admin/css/base.css HTTP/1.1" 304 0
2023-08-05 15:43:42,573 INFO basehttp: "GET /static/admin/css/nav_sidebar.css HTTP/1.1" 304 0
2023-08-05 15:43:42,576 INFO basehttp: "GET /static/admin/css/login.css HTTP/1.1" 304 0
2023-08-05 15:43:42,577 INFO basehttp: "GET /static/admin/js/nav_sidebar.js HTTP/1.1" 304 0
2023-08-05 15:43:42,580 INFO basehttp: "GET /static/admin/css/responsive.css HTTP/1.1" 304 0
2023-08-05 15:43:42,616 INFO basehttp: "GET /static/admin/css/fonts.css HTTP/1.1" 304 0
2023-08-05 15:43:42,649 INFO basehttp: "GET /static/admin/fonts/Roboto-Regular-webfont.woff HTTP/1.1" 304 0
2023-08-05 15:43:42,655 INFO basehttp: "GET /static/admin/fonts/Roboto-Light-webfont.woff HTTP/1.1" 304 0
2023-08-05 15:43:45,921 INFO basehttp: "POST /admin/login/?next=/admin/ HTTP/1.1" 200 2378
2023-08-05 15:43:46,085 INFO basehttp: "GET /static/admin/fonts/Roboto-Bold-webfont.woff HTTP/1.1" 304 0
2023-08-05 15:44:11,363 INFO basehttp: "POST /admin/login/?next=/admin/ HTTP/1.1" 200 2378
2023-08-05 15:44:11,518 INFO basehttp: "GET /static/admin/js/nav_sidebar.js HTTP/1.1" 304 0
2023-08-05 15:44:11,522 INFO basehttp: "GET /static/admin/css/login.css HTTP/1.1" 304 0
2023-08-05 15:44:11,525 INFO basehttp: "GET /static/admin/css/base.css HTTP/1.1" 304 0
2023-08-05 15:44:11,527 INFO basehttp: "GET /static/admin/css/nav_sidebar.css HTTP/1.1" 304 0
2023-08-05 15:44:11,528 INFO basehttp: "GET /static/admin/css/responsive.css HTTP/1.1" 304 0
2023-08-05 15:44:11,557 INFO basehttp: "GET /static/admin/css/fonts.css HTTP/1.1" 304 0
2023-08-05 16:02:29,978 INFO autoreload: Watching for file changes with StatReloader
2023-08-05 16:02:37,741 INFO basehttp: "GET / HTTP/1.1" 200 7460
2023-08-05 16:02:43,301 INFO basehttp: "GET /admin/ HTTP/1.1" 302 0
2023-08-05 16:02:43,372 INFO basehttp: "GET /admin/login/?next=/admin/ HTTP/1.1" 200 2217
2023-08-05 16:02:43,666 INFO basehttp: "GET /static/admin/css/responsive.css HTTP/1.1" 200 18545
2023-08-05 16:02:43,670 INFO basehttp: "GET /static/admin/css/login.css HTTP/1.1" 200 939
2023-08-05 16:02:43,671 INFO basehttp: "GET /static/admin/css/base.css HTTP/1.1" 200 19513
2023-08-05 16:02:43,673 INFO basehttp: "GET /static/admin/css/nav_sidebar.css HTTP/1.1" 200 2271
2023-08-05 16:02:43,674 INFO basehttp: "GET /static/admin/js/nav_sidebar.js HTTP/1.1" 200 1360
2023-08-05 16:02:43,692 INFO basehttp: "GET /static/admin/css/fonts.css HTTP/1.1" 200 423
2023-08-05 16:02:48,600 INFO basehttp: "POST /admin/login/?next=/admin/ HTTP/1.1" 200 2378
2023-08-05 16:02:48,775 INFO basehttp: "GET /static/admin/css/base.css HTTP/1.1" 304 0
2023-08-05 16:02:48,778 INFO basehttp: "GET /static/admin/css/nav_sidebar.css HTTP/1.1" 304 0
2023-08-05 16:02:48,783 INFO basehttp: "GET /static/admin/css/login.css HTTP/1.1" 304 0
2023-08-05 16:02:48,787 INFO basehttp: "GET /static/admin/css/responsive.css HTTP/1.1" 304 0
2023-08-05 16:02:48,788 INFO basehttp: "GET /static/admin/js/nav_sidebar.js HTTP/1.1" 304 0
2023-08-05 16:02:48,814 INFO basehttp: "GET /static/admin/css/fonts.css HTTP/1.1" 304 0
2023-08-05 16:03:03,777 INFO basehttp: "POST /admin/login/?next=/admin/ HTTP/1.1" 200 2378
2023-08-05 16:03:03,929 INFO basehttp: "GET /static/admin/css/nav_sidebar.css HTTP/1.1" 304 0
2023-08-05 16:03:03,932 INFO basehttp: "GET /static/admin/css/base.css HTTP/1.1" 304 0
2023-08-05 16:03:03,934 INFO basehttp: "GET /static/admin/js/nav_sidebar.js HTTP/1.1" 304 0
2023-08-05 16:03:03,935 INFO basehttp: "GET /static/admin/css/login.css HTTP/1.1" 304 0
2023-08-05 16:03:03,937 INFO basehttp: "GET /static/admin/css/responsive.css HTTP/1.1" 304 0
2023-08-05 16:03:03,963 INFO basehttp: "GET /static/admin/css/fonts.css HTTP/1.1" 304 0
2023-08-05 16:03:10,616 INFO basehttp: "POST /admin/login/?next=/admin/ HTTP/1.1" 200 2378
2023-08-05 16:03:10,786 INFO basehttp: "GET /static/admin/css/base.css HTTP/1.1" 304 0
2023-08-05 16:03:10,796 INFO basehttp: "GET /static/admin/css/nav_sidebar.css HTTP/1.1" 304 0
2023-08-05 16:03:10,802 INFO basehttp: "GET /static/admin/css/login.css HTTP/1.1" 304 0
2023-08-05 16:03:10,803 INFO basehttp: "GET /static/admin/js/nav_sidebar.js HTTP/1.1" 304 0
2023-08-05 16:03:10,806 INFO basehttp: "GET /static/admin/css/responsive.css HTTP/1.1" 304 0
2023-08-05 16:03:10,823 INFO basehttp: "GET /static/admin/css/fonts.css HTTP/1.1" 304 0
2023-08-05 16:03:42,537 INFO basehttp: "GET / HTTP/1.1" 200 7460
2023-08-05 16:03:52,196 INFO views: Draw_new with POST
2023-08-05 16:03:52,241 ERROR draw: UniqueCode matching query does not exist.
2023-08-05 16:03:52,257 INFO basehttp: "POST /draw HTTP/1.1" 200 6180
2023-08-05 16:04:01,480 INFO views: Draw with GET for id 5
2023-08-05 16:04:01,484 INFO views: Prize 9, PS5, False
2023-08-05 16:04:01,505 INFO basehttp: "GET /5 HTTP/1.1" 200 6556
2023-08-05 16:04:04,125 INFO basehttp: "GET /?csrfmiddlewaretoken=AdVmhxYOFSj08qf1w10r8jPxazAvmxtq2iWiJVNoSorreZnw6rftOgqrzdJ45xGP HTTP/1.1" 200 7460
2023-08-05 16:04:10,222 INFO views: Draw_new with POST
2023-08-05 16:04:10,246 ERROR draw: UniqueCode matching query does not exist.
2023-08-05 16:04:10,265 INFO basehttp: "POST /draw HTTP/1.1" 200 6180
2023-08-05 16:04:19,515 INFO views: Draw with GET for id 6
2023-08-05 16:04:19,528 INFO views: Prize 15, BAD LUCK!, False
2023-08-05 16:04:19,545 INFO basehttp: "GET /6 HTTP/1.1" 200 6556
2023-08-05 16:04:26,286 INFO basehttp: "GET /?csrfmiddlewaretoken=v23TieLUKcBdIZpTxO51P7u7Nm2Lqv4dX74PKCAuXIJEOyxo7ek3v451c0bk9vhC HTTP/1.1" 200 7460
2023-08-05 16:04:32,192 INFO basehttp: "GET /?admin HTTP/1.1" 200 7460
2023-08-05 16:04:36,780 INFO basehttp: "GET /admin/ HTTP/1.1" 302 0
2023-08-05 16:04:36,870 INFO basehttp: "GET /admin/login/?next=/admin/ HTTP/1.1" 200 2217
2023-08-05 16:04:36,959 INFO basehttp: "GET /static/admin/css/base.css HTTP/1.1" 304 0
2023-08-05 16:04:36,968 INFO basehttp: "GET /static/admin/js/nav_sidebar.js HTTP/1.1" 304 0
2023-08-05 16:04:36,970 INFO basehttp: "GET /static/admin/css/login.css HTTP/1.1" 304 0
2023-08-05 16:04:36,971 INFO basehttp: "GET /static/admin/css/responsive.css HTTP/1.1" 304 0
2023-08-05 16:04:36,971 INFO basehttp: "GET /static/admin/css/nav_sidebar.css HTTP/1.1" 304 0
2023-08-05 16:04:37,041 INFO basehttp: "GET /static/admin/css/fonts.css HTTP/1.1" 304 0
2023-08-05 16:04:37,089 INFO basehttp: "GET /static/admin/fonts/Roboto-Regular-webfont.woff HTTP/1.1" 200 85876
2023-08-05 16:04:37,099 INFO basehttp: "GET /static/admin/fonts/Roboto-Light-webfont.woff HTTP/1.1" 200 85692
2023-08-05 16:28:46,359 INFO basehttp: "POST /admin/login/?next=/admin/ HTTP/1.1" 200 2378
2023-08-05 16:28:46,548 INFO basehttp: "GET /static/admin/css/nav_sidebar.css HTTP/1.1" 304 0
2023-08-05 16:28:46,550 INFO basehttp: "GET /static/admin/css/base.css HTTP/1.1" 304 0
2023-08-05 16:28:46,551 INFO basehttp: "GET /static/admin/js/nav_sidebar.js HTTP/1.1" 304 0
2023-08-05 16:28:46,559 INFO basehttp: "GET /static/admin/css/login.css HTTP/1.1" 304 0
2023-08-05 16:28:46,563 INFO basehttp: "GET /static/admin/css/responsive.css HTTP/1.1" 304 0
2023-08-05 16:28:46,608 INFO basehttp: "GET /static/admin/css/fonts.css HTTP/1.1" 200 423
2023-08-05 16:28:46,742 INFO basehttp: "GET /static/admin/fonts/Roboto-Bold-webfont.woff HTTP/1.1" 200 86184
2023-08-05 16:30:33,974 INFO basehttp: "POST /admin/login/?next=/admin/ HTTP/1.1" 200 2378
2023-08-05 16:30:37,401 INFO basehttp: "POST /admin/login/?next=/admin/ HTTP/1.1" 200 2378
2023-08-05 16:30:40,693 INFO basehttp: "POST /admin/login/?next=/admin/ HTTP/1.1" 200 2378
2023-08-05 16:42:52,646 INFO basehttp: "POST /admin/login/?next=/admin/ HTTP/1.1" 302 0
2023-08-05 16:42:52,732 INFO basehttp: "GET /admin/ HTTP/1.1" 200 7116
2023-08-05 16:42:52,913 INFO basehttp: "GET /static/admin/css/nav_sidebar.css HTTP/1.1" 304 0
2023-08-05 16:42:52,914 INFO basehttp: "GET /static/admin/css/base.css HTTP/1.1" 304 0
2023-08-05 16:42:52,918 INFO basehttp: "GET /static/admin/js/nav_sidebar.js HTTP/1.1" 304 0
2023-08-05 16:42:52,919 INFO basehttp: "GET /static/admin/css/responsive.css HTTP/1.1" 304 0
2023-08-05 16:42:52,934 INFO basehttp: "GET /static/admin/css/dashboard.css HTTP/1.1" 200 380
2023-08-05 16:42:52,954 INFO basehttp: "GET /static/admin/css/fonts.css HTTP/1.1" 304 0
2023-08-05 16:42:52,974 INFO basehttp: "GET /static/admin/img/icon-addlink.svg HTTP/1.1" 200 331
2023-08-05 16:42:52,978 INFO basehttp: "GET /static/admin/img/icon-changelink.svg HTTP/1.1" 200 380
2023-08-05 16:43:02,738 INFO basehttp: "GET /admin/app/draw/ HTTP/1.1" 200 12763
2023-08-05 16:43:02,883 INFO basehttp: "GET /static/admin/css/changelists.css HTTP/1.1" 200 6874
2023-08-05 16:43:02,886 INFO basehttp: "GET /static/admin/js/jquery.init.js HTTP/1.1" 200 347
2023-08-05 16:43:02,892 INFO basehttp: "GET /static/admin/js/core.js HTTP/1.1" 200 5698
2023-08-05 16:43:02,895 INFO basehttp: "GET /static/admin/js/actions.js HTTP/1.1" 200 7664
2023-08-05 16:43:02,899 INFO basehttp: "GET /static/admin/js/urlify.js HTTP/1.1" 200 7902
2023-08-05 16:43:02,899 INFO basehttp: "GET /static/admin/js/admin/RelatedObjectLookups.js HTTP/1.1" 200 5984
2023-08-05 16:43:02,910 INFO basehttp: "GET /static/admin/js/vendor/jquery/jquery.js HTTP/1.1" 200 287630
2023-08-05 16:43:02,915 INFO basehttp: "GET /static/admin/js/prepopulate.js HTTP/1.1" 200 1531
2023-08-05 16:43:02,930 INFO basehttp: "GET /admin/jsi18n/ HTTP/1.1" 200 3195
2023-08-05 16:43:02,934 INFO basehttp: "GET /static/admin/js/vendor/xregexp/xregexp.js HTTP/1.1" 200 232381
2023-08-05 16:43:02,943 INFO basehttp: "GET /static/admin/img/search.svg HTTP/1.1" 200 458
2023-08-05 16:43:02,944 INFO basehttp: "GET /static/admin/img/icon-no.svg HTTP/1.1" 200 560
2023-08-05 16:43:03,026 INFO basehttp: "GET /static/admin/img/tooltag-add.svg HTTP/1.1" 200 331
2023-08-05 16:43:06,427 INFO basehttp: "GET /admin/app/prize/ HTTP/1.1" 200 14108
2023-08-05 16:43:06,537 INFO basehttp: "GET /admin/jsi18n/ HTTP/1.1" 200 3195
2023-08-05 16:43:06,553 INFO basehttp: "GET /static/admin/img/icon-yes.svg HTTP/1.1" 200 436
2023-08-05 16:43:08,245 INFO basehttp: "GET /admin/app/uniquecode/ HTTP/1.1" 200 8801
2023-08-05 16:43:08,346 INFO basehttp: "GET /admin/jsi18n/ HTTP/1.1" 200 3195
2023-08-05 16:43:12,899 INFO basehttp: "GET /admin/app/draw/ HTTP/1.1" 200 12763
2023-08-05 16:43:13,013 INFO basehttp: "GET /admin/jsi18n/ HTTP/1.1" 200 3195
2023-08-05 16:43:15,828 INFO basehttp: "GET /admin/app/prize/ HTTP/1.1" 200 14108
2023-08-05 16:43:15,936 INFO basehttp: "GET /admin/jsi18n/ HTTP/1.1" 200 3195
2023-08-05 16:43:17,497 INFO basehttp: "GET /admin/app/uniquecode/ HTTP/1.1" 200 8801
2023-08-05 16:43:17,579 INFO basehttp: "GET /admin/jsi18n/ HTTP/1.1" 200 3195
2023-08-05 16:43:19,199 INFO basehttp: "GET /admin/app/draw/ HTTP/1.1" 200 12763
2023-08-05 16:43:19,320 INFO basehttp: "GET /admin/jsi18n/ HTTP/1.1" 200 3195
2023-08-05 16:43:29,728 INFO basehttp: "POST /admin/app/draw/ HTTP/1.1" 200 6350
2023-08-05 16:43:29,894 INFO basehttp: "GET /static/admin/js/cancel.js HTTP/1.1" 200 884
2023-08-05 16:43:32,280 INFO basehttp: "POST /admin/app/draw/ HTTP/1.1" 302 0
2023-08-05 16:43:32,384 INFO basehttp: "GET /admin/app/draw/ HTTP/1.1" 200 7672
2023-08-05 16:43:32,497 INFO basehttp: "GET /admin/jsi18n/ HTTP/1.1" 200 3195
2023-08-05 16:43:34,402 INFO basehttp: "GET /admin/app/prize/ HTTP/1.1" 200 14108
2023-08-05 16:43:34,519 INFO basehttp: "GET /admin/jsi18n/ HTTP/1.1" 200 3195
2023-08-05 16:43:48,274 INFO basehttp: "GET /admin/app/uniquecode/ HTTP/1.1" 200 8801
2023-08-05 16:43:48,398 INFO basehttp: "GET /admin/jsi18n/ HTTP/1.1" 200 3195
2023-08-05 16:43:58,592 INFO basehttp: "GET / HTTP/1.1" 200 7460
2023-08-05 16:43:59,304 INFO basehttp: "GET /static/css/styles.css HTTP/1.1" 200 1055
2023-08-05 16:43:59,317 INFO basehttp: "GET /static/img/logo.svg HTTP/1.1" 200 124205
2023-08-05 16:43:59,692 INFO basehttp: "GET /static/media/roulette.mp3 HTTP/1.1" 200 95433
2023-08-05 16:43:59,732 INFO basehttp: "GET /static/img/favicon.ico/android-icon-192x192.png HTTP/1.1" 200 17042
2023-08-05 16:43:59,735 INFO basehttp: "GET /static/img/favicon.ico/favicon-16x16.png HTTP/1.1" 200 1534
2023-08-05 16:44:05,394 INFO basehttp: "GET /admin/app/prize/ HTTP/1.1" 200 14108
2023-08-05 16:44:05,518 INFO basehttp: "GET /static/admin/js/jquery.init.js HTTP/1.1" 200 347
2023-08-05 16:44:05,528 INFO basehttp: "GET /admin/jsi18n/ HTTP/1.1" 200 3195
2023-08-05 16:44:06,990 INFO basehttp: "GET /admin/app/prize/15/change/ HTTP/1.1" 200 7207
2023-08-05 16:44:07,116 INFO basehttp: "GET /static/admin/js/change_form.js HTTP/1.1" 200 606
2023-08-05 16:44:07,135 INFO basehttp: "GET /static/admin/css/forms.css HTTP/1.1" 200 8804
2023-08-05 16:44:07,137 INFO basehttp: "GET /static/admin/js/prepopulate_init.js HTTP/1.1" 200 492
2023-08-05 16:44:07,139 INFO basehttp: "GET /admin/jsi18n/ HTTP/1.1" 200 3195
2023-08-05 16:44:07,168 INFO basehttp: "GET /static/admin/css/widgets.css HTTP/1.1" 200 11097
2023-08-05 16:44:14,377 INFO basehttp: "POST /admin/app/prize/15/change/ HTTP/1.1" 302 0
2023-08-05 16:44:14,562 INFO basehttp: "GET /admin/app/prize/ HTTP/1.1" 200 14305
2023-08-05 16:44:14,673 INFO basehttp: "GET /admin/jsi18n/ HTTP/1.1" 200 3195
2023-08-05 16:44:17,439 INFO basehttp: "GET / HTTP/1.1" 200 7459
2023-08-05 16:44:41,710 INFO basehttp: "GET /admin/app/prize/14/change/ HTTP/1.1" 200 7203
2023-08-05 16:44:41,828 INFO basehttp: "GET /admin/jsi18n/ HTTP/1.1" 200 3195
2023-08-05 16:44:45,441 INFO basehttp: "POST /admin/app/prize/14/change/ HTTP/1.1" 302 0
2023-08-05 16:44:45,627 INFO basehttp: "GET /admin/app/prize/ HTTP/1.1" 200 14307
2023-08-05 16:44:45,746 INFO basehttp: "GET /admin/jsi18n/ HTTP/1.1" 200 3195
2023-08-05 16:44:47,456 INFO basehttp: "GET /admin/app/prize/13/change/ HTTP/1.1" 200 7207
2023-08-05 16:44:47,611 INFO basehttp: "GET /admin/jsi18n/ HTTP/1.1" 200 3195
2023-08-05 16:44:51,477 INFO basehttp: "POST /admin/app/prize/13/change/ HTTP/1.1" 302 0
2023-08-05 16:44:51,658 INFO basehttp: "GET /admin/app/prize/ HTTP/1.1" 200 14306
2023-08-05 16:44:51,755 INFO basehttp: "GET /admin/jsi18n/ HTTP/1.1" 200 3195
2023-08-05 16:44:53,471 INFO basehttp: "GET /admin/app/prize/12/change/ HTTP/1.1" 200 7199
2023-08-05 16:44:53,574 INFO basehttp: "GET /admin/jsi18n/ HTTP/1.1" 200 3195
2023-08-05 16:44:56,747 INFO basehttp: "POST /admin/app/prize/12/change/ HTTP/1.1" 302 0
2023-08-05 16:44:56,937 INFO basehttp: "GET /admin/app/prize/ HTTP/1.1" 200 14307
2023-08-05 16:44:57,031 INFO basehttp: "GET /admin/jsi18n/ HTTP/1.1" 200 3195
2023-08-05 16:45:05,553 INFO basehttp: "GET / HTTP/1.1" 200 7461
2023-08-05 16:45:06,577 INFO basehttp: "GET / HTTP/1.1" 200 7461
2023-08-05 16:45:18,358 INFO basehttp: "GET /admin/app/uniquecode/ HTTP/1.1" 200 8801
2023-08-05 16:45:18,479 INFO basehttp: "GET /admin/jsi18n/ HTTP/1.1" 200 3195
2023-08-05 16:45:30,815 INFO views: Draw_new with POST
2023-08-05 16:45:30,821 WARNING views: invalid form else => False <ul class="errorlist"><li>code<ul class="errorlist"><li>Invalid or expired code!</li></ul></li></ul>
2023-08-05 16:45:30,850 INFO basehttp: "POST /draw HTTP/1.1" 200 7622
2023-08-05 16:45:36,171 INFO basehttp: "GET /admin/app/uniquecode/1/change/ HTTP/1.1" 200 8412
2023-08-05 16:45:36,286 INFO basehttp: "GET /admin/jsi18n/ HTTP/1.1" 200 3195
2023-08-05 16:46:07,129 INFO basehttp: "POST /admin/app/uniquecode/1/change/ HTTP/1.1" 302 0
2023-08-05 16:46:07,324 INFO basehttp: "GET /admin/app/uniquecode/ HTTP/1.1" 200 9022
2023-08-05 16:46:07,488 INFO basehttp: "GET /admin/jsi18n/ HTTP/1.1" 200 3195
2023-08-05 16:46:10,139 INFO basehttp: "GET /admin/app/uniquecode/add/ HTTP/1.1" 200 8142
2023-08-05 16:46:10,345 INFO basehttp: "GET /admin/jsi18n/ HTTP/1.1" 200 3195
2023-08-05 16:46:18,752 INFO basehttp: "POST /admin/app/uniquecode/add/ HTTP/1.1" 302 0
2023-08-05 16:46:18,929 INFO basehttp: "GET /admin/app/uniquecode/ HTTP/1.1" 200 9527
2023-08-05 16:46:19,082 INFO basehttp: "GET /admin/jsi18n/ HTTP/1.1" 200 3195
2023-08-05 16:46:25,103 INFO basehttp: "GET /admin/app/uniquecode/2/change/ HTTP/1.1" 200 8412
2023-08-05 16:46:25,241 INFO basehttp: "GET /admin/jsi18n/ HTTP/1.1" 200 3195
2023-08-05 16:46:31,609 INFO views: Draw_new with POST
2023-08-05 16:46:31,617 WARNING views: invalid form else => False <ul class="errorlist"><li>code<ul class="errorlist"><li>Invalid or expired code!</li></ul></li></ul>
2023-08-05 16:46:31,652 INFO basehttp: "POST /draw HTTP/1.1" 200 7622
2023-08-05 16:46:44,888 INFO basehttp: "GET /admin/app/uniquecode/ HTTP/1.1" 200 9308
2023-08-05 16:46:45,004 INFO basehttp: "GET /admin/jsi18n/ HTTP/1.1" 200 3195
2023-08-05 16:47:00,543 INFO views: Draw_new with POST
2023-08-05 16:47:00,551 ERROR draw: UniqueCode matching query does not exist.
2023-08-05 16:47:00,552 WARNING views: invalid form else => False <ul class="errorlist"><li>code<ul class="errorlist"><li>Invalid or expired code!</li></ul></li></ul>
2023-08-05 16:47:00,574 ERROR draw: UniqueCode matching query does not exist.
2023-08-05 16:47:00,587 INFO basehttp: "POST /draw HTTP/1.1" 200 7621
2023-08-05 16:47:17,862 INFO views: Draw_new with POST
2023-08-05 16:47:17,868 ERROR draw: UniqueCode matching query does not exist.
2023-08-05 16:47:17,869 WARNING views: invalid form else => False <ul class="errorlist"><li>code<ul class="errorlist"><li>Invalid or expired code!</li></ul></li></ul>
2023-08-05 16:47:17,885 ERROR draw: UniqueCode matching query does not exist.
2023-08-05 16:47:17,894 INFO basehttp: "POST /draw HTTP/1.1" 200 7621
2023-08-05 16:47:25,824 INFO basehttp: "POST /admin/app/uniquecode/ HTTP/1.1" 200 5783
2023-08-05 16:47:25,985 INFO basehttp: "GET /static/admin/js/nav_sidebar.js HTTP/1.1" 304 0
2023-08-05 16:47:25,988 INFO basehttp: "GET /static/admin/js/vendor/jquery/jquery.js HTTP/1.1" 304 0
2023-08-05 16:47:25,993 INFO basehttp: "GET /static/admin/js/jquery.init.js HTTP/1.1" 304 0
2023-08-05 16:47:25,997 INFO basehttp: "GET /static/admin/js/core.js HTTP/1.1" 304 0
2023-08-05 16:47:26,007 INFO basehttp: "GET /static/admin/js/admin/RelatedObjectLookups.js HTTP/1.1" 304 0
2023-08-05 16:47:26,013 INFO basehttp: "GET /static/admin/js/actions.js HTTP/1.1" 304 0
2023-08-05 16:47:26,022 INFO basehttp: "GET /static/admin/js/urlify.js HTTP/1.1" 304 0
2023-08-05 16:47:26,026 INFO basehttp: "GET /static/admin/js/vendor/xregexp/xregexp.js HTTP/1.1" 304 0
2023-08-05 16:47:26,032 INFO basehttp: "GET /static/admin/js/prepopulate.js HTTP/1.1" 304 0
2023-08-05 16:47:26,040 INFO basehttp: "GET /static/admin/css/nav_sidebar.css HTTP/1.1" 304 0
2023-08-05 16:47:26,061 INFO basehttp: "GET /static/admin/css/base.css HTTP/1.1" 200 19513
2023-08-05 16:47:26,066 INFO basehttp: "GET /static/admin/css/responsive.css HTTP/1.1" 304 0
2023-08-05 16:47:26,153 INFO basehttp: "GET /static/admin/css/fonts.css HTTP/1.1" 304 0
2023-08-05 16:47:26,215 INFO basehttp: "GET /static/admin/img/icon-addlink.svg HTTP/1.1" 304 0
2023-08-05 16:47:27,967 INFO basehttp: "POST /admin/app/uniquecode/ HTTP/1.1" 302 0
2023-08-05 16:47:28,051 INFO basehttp: "GET /admin/app/uniquecode/ HTTP/1.1" 200 6887
2023-08-05 16:47:28,340 INFO basehttp: "GET /admin/jsi18n/ HTTP/1.1" 200 3195
2023-08-05 16:47:28,354 INFO basehttp: "GET /static/admin/css/changelists.css HTTP/1.1" 304 0
2023-08-05 16:47:28,460 INFO basehttp: "GET /static/admin/img/icon-yes.svg HTTP/1.1" 304 0
2023-08-05 16:47:28,463 INFO basehttp: "GET /static/admin/img/tooltag-add.svg HTTP/1.1" 304 0
2023-08-05 16:47:30,664 INFO basehttp: "GET /admin/auth/user/ HTTP/1.1" 200 9298
2023-08-05 16:47:30,802 INFO basehttp: "GET /admin/jsi18n/ HTTP/1.1" 200 3195
2023-08-05 16:47:30,819 INFO basehttp: "GET /static/admin/img/search.svg HTTP/1.1" 304 0
2023-08-05 16:47:30,908 INFO basehttp: "GET /static/admin/img/sorting-icons.svg HTTP/1.1" 200 1097
2023-08-05 16:47:37,006 INFO basehttp: "POST /admin/auth/user/ HTTP/1.1" 200 5596
2023-08-05 16:47:37,123 INFO basehttp: "GET /static/admin/js/cancel.js HTTP/1.1" 304 0
2023-08-05 16:47:38,290 INFO basehttp: "POST /admin/auth/user/ HTTP/1.1" 302 0
2023-08-05 16:47:38,417 INFO basehttp: "GET /admin/auth/user/ HTTP/1.1" 200 9036
2023-08-05 16:47:38,549 INFO basehttp: "GET /admin/jsi18n/ HTTP/1.1" 200 3195
2023-08-05 16:47:43,783 INFO basehttp: "GET /admin/auth/group/ HTTP/1.1" 200 5828
2023-08-05 16:47:43,880 INFO basehttp: "GET /admin/jsi18n/ HTTP/1.1" 200 3195
2023-08-05 16:47:45,779 INFO basehttp: "GET /admin/app/uniquecode/ HTTP/1.1" 200 6745
2023-08-05 16:47:45,868 INFO basehttp: "GET /admin/jsi18n/ HTTP/1.1" 200 3195
2023-08-05 16:47:47,159 INFO basehttp: "GET /admin/app/prize/ HTTP/1.1" 200 14109
2023-08-05 16:47:47,278 INFO basehttp: "GET /admin/jsi18n/ HTTP/1.1" 200 3195
2023-08-05 16:47:47,283 INFO basehttp: "GET /static/admin/img/icon-no.svg HTTP/1.1" 304 0
2023-08-05 16:47:49,998 INFO basehttp: "GET /admin/app/draw/ HTTP/1.1" 200 7537
2023-08-05 16:47:50,101 INFO basehttp: "GET /admin/jsi18n/ HTTP/1.1" 200 3195
2023-08-05 16:47:54,900 INFO basehttp: "GET /admin/app/draw/add/ HTTP/1.1" 200 10262
2023-08-05 16:47:55,019 INFO basehttp: "GET /admin/jsi18n/ HTTP/1.1" 200 3195
2023-08-05 16:47:55,065 INFO basehttp: "GET /static/admin/js/calendar.js HTTP/1.1" 200 8466
2023-08-05 16:47:55,076 INFO basehttp: "GET /static/admin/js/admin/DateTimeShortcuts.js HTTP/1.1" 200 19634
2023-08-05 16:47:55,168 INFO basehttp: "GET /static/admin/img/icon-changelink.svg HTTP/1.1" 304 0
2023-08-05 16:47:55,392 INFO basehttp: "GET /static/admin/img/icon-calendar.svg HTTP/1.1" 200 1086
2023-08-05 16:47:55,396 INFO basehttp: "GET /static/admin/img/icon-clock.svg HTTP/1.1" 200 677
2023-08-05 16:48:24,256 INFO basehttp: "GET /admin/app/draw/ HTTP/1.1" 200 7537
2023-08-05 16:48:24,433 INFO basehttp: "GET /admin/jsi18n/ HTTP/1.1" 200 3195
2023-08-05 16:48:34,471 INFO basehttp: "GET /admin/app/draw/add/ HTTP/1.1" 200 10262
2023-08-05 16:48:34,614 INFO basehttp: "GET /admin/jsi18n/ HTTP/1.1" 200 3195
2023-08-05 16:48:34,625 INFO basehttp: "GET /static/admin/js/prepopulate_init.js HTTP/1.1" 304 0
2023-08-05 16:48:34,626 INFO basehttp: "GET /static/admin/js/change_form.js HTTP/1.1" 304 0
2023-08-05 16:48:34,634 INFO basehttp: "GET /static/admin/css/forms.css HTTP/1.1" 304 0
2023-08-05 16:48:34,687 INFO basehttp: "GET /static/admin/css/widgets.css HTTP/1.1" 304 0
2023-08-05 16:49:01,891 INFO basehttp: "GET /admin/app/uniquecode/ HTTP/1.1" 200 6745
2023-08-05 16:49:02,062 INFO basehttp: "GET /admin/jsi18n/ HTTP/1.1" 200 3195
2023-08-05 16:49:04,825 INFO basehttp: "GET /admin/auth/group/ HTTP/1.1" 200 5828
2023-08-05 16:49:04,982 INFO basehttp: "GET /admin/jsi18n/ HTTP/1.1" 200 3195
2023-08-05 16:49:06,569 INFO basehttp: "GET /admin/auth/user/ HTTP/1.1" 200 8902
2023-08-05 16:49:06,696 INFO basehttp: "GET /admin/jsi18n/ HTTP/1.1" 200 3195
2023-08-05 16:49:10,115 INFO basehttp: "GET /admin/app/draw/ HTTP/1.1" 200 7537
2023-08-05 16:49:10,233 INFO basehttp: "GET /admin/jsi18n/ HTTP/1.1" 200 3195
2023-08-05 16:49:11,763 INFO basehttp: "GET /admin/app/uniquecode/ HTTP/1.1" 200 6745
2023-08-05 16:49:11,914 INFO basehttp: "GET /admin/jsi18n/ HTTP/1.1" 200 3195
2023-08-05 16:49:13,401 INFO basehttp: "GET /admin/app/uniquecode/add/ HTTP/1.1" 200 8142
2023-08-05 16:49:13,546 INFO basehttp: "GET /admin/jsi18n/ HTTP/1.1" 200 3195
2023-08-05 16:49:20,572 INFO basehttp: "POST /admin/app/uniquecode/add/ HTTP/1.1" 302 0
2023-08-05 16:49:20,685 INFO basehttp: "GET /admin/app/uniquecode/ HTTP/1.1" 200 9018
2023-08-05 16:49:20,847 INFO basehttp: "GET /admin/jsi18n/ HTTP/1.1" 200 3195
2023-08-05 16:49:23,697 INFO basehttp: "GET /admin/app/uniquecode/3/change/ HTTP/1.1" 200 8412
2023-08-05 16:49:23,810 INFO basehttp: "GET /admin/jsi18n/ HTTP/1.1" 200 3195
2023-08-05 16:49:31,350 INFO views: Draw_new with POST
2023-08-05 16:49:31,373 WARNING views: invalid form else => False <ul class="errorlist"><li>code<ul class="errorlist"><li>Invalid or expired code!</li></ul></li></ul>
2023-08-05 16:49:31,410 INFO basehttp: "POST /draw HTTP/1.1" 200 7622
2023-08-05 16:49:42,347 INFO basehttp: "POST /admin/app/uniquecode/3/change/ HTTP/1.1" 302 0
2023-08-05 16:49:42,477 INFO basehttp: "GET /admin/app/uniquecode/ HTTP/1.1" 200 9021
2023-08-05 16:49:42,600 INFO basehttp: "GET /admin/jsi18n/ HTTP/1.1" 200 3195
2023-08-05 16:49:45,407 INFO basehttp: "GET /admin/app/uniquecode/3/change/ HTTP/1.1" 200 8407
2023-08-05 16:49:45,528 INFO basehttp: "GET /admin/jsi18n/ HTTP/1.1" 200 3195
2023-08-05 16:49:47,766 INFO views: Draw_new with POST
2023-08-05 16:49:47,827 INFO basehttp: "POST /draw HTTP/1.1" 200 6182
2023-08-05 16:49:57,073 INFO views: Draw with GET for id 7
2023-08-05 16:49:57,077 INFO views: Prize 1, 10% OFF, True
2023-08-05 16:49:57,095 INFO basehttp: "GET /7 HTTP/1.1" 200 7105
2023-08-05 16:50:04,331 INFO basehttp: "GET /admin/app/uniquecode/ HTTP/1.1" 200 8799
2023-08-05 16:50:04,442 INFO basehttp: "GET /admin/jsi18n/ HTTP/1.1" 200 3195
2023-08-05 16:50:10,143 INFO basehttp: "GET /admin/app/uniquecode/3/change/ HTTP/1.1" 200 8412
2023-08-05 16:50:10,298 INFO basehttp: "GET /admin/jsi18n/ HTTP/1.1" 200 3195
2023-08-05 16:50:13,685 INFO basehttp: "POST /admin/app/uniquecode/3/change/ HTTP/1.1" 302 0
2023-08-05 16:50:13,805 INFO basehttp: "GET /admin/app/uniquecode/ HTTP/1.1" 200 9021
2023-08-05 16:50:13,957 INFO basehttp: "GET /admin/jsi18n/ HTTP/1.1" 200 3195
2023-08-05 16:50:25,659 INFO basehttp: "GET /admin/app/prize/ HTTP/1.1" 200 14109
2023-08-05 16:50:25,759 INFO basehttp: "GET /admin/jsi18n/ HTTP/1.1" 200 3195
2023-08-05 16:50:27,086 INFO basehttp: "GET /admin/app/draw/ HTTP/1.1" 200 9912
2023-08-05 16:50:27,207 INFO basehttp: "GET /admin/jsi18n/ HTTP/1.1" 200 3195
2023-08-05 16:50:36,126 INFO basehttp: "GET /admin/app/uniquecode/ HTTP/1.1" 200 8799
2023-08-05 16:50:36,259 INFO basehttp: "GET /admin/jsi18n/ HTTP/1.1" 200 3195
2023-08-05 16:50:37,990 INFO basehttp: "GET /admin/app/draw/ HTTP/1.1" 200 9912
2023-08-05 16:50:38,141 INFO basehttp: "GET /admin/jsi18n/ HTTP/1.1" 200 3195
2023-08-05 16:50:41,481 INFO basehttp: "POST /admin/app/draw/ HTTP/1.1" 200 5593
2023-08-05 16:50:43,888 INFO basehttp: "POST /admin/app/draw/ HTTP/1.1" 302 0
2023-08-05 16:50:43,977 INFO basehttp: "GET /admin/app/draw/ HTTP/1.1" 200 7671
2023-08-05 16:50:44,097 INFO basehttp: "GET /admin/jsi18n/ HTTP/1.1" 200 3195
2023-08-05 16:53:25,844 INFO basehttp: "GET /admin/ HTTP/1.1" 200 7668
2023-08-05 16:53:25,952 INFO basehttp: "GET /static/admin/js/nav_sidebar.js HTTP/1.1" 304 0
2023-08-05 16:53:25,954 INFO basehttp: "GET /static/admin/css/responsive.css HTTP/1.1" 304 0
2023-08-05 16:53:25,957 INFO basehttp: "GET /static/admin/css/base.css HTTP/1.1" 304 0
2023-08-05 16:53:25,961 INFO basehttp: "GET /static/admin/css/nav_sidebar.css HTTP/1.1" 304 0
2023-08-05 16:53:25,966 INFO basehttp: "GET /static/admin/css/dashboard.css HTTP/1.1" 304 0
2023-08-05 16:53:26,019 INFO basehttp: "GET /static/admin/css/fonts.css HTTP/1.1" 304 0
2023-08-05 16:53:26,036 INFO basehttp: "GET /static/admin/img/icon-addlink.svg HTTP/1.1" 304 0
2023-08-05 16:53:26,039 INFO basehttp: "GET /static/admin/img/icon-changelink.svg HTTP/1.1" 304 0
2023-08-05 16:53:26,052 INFO basehttp: "GET /static/admin/img/icon-deletelink.svg HTTP/1.1" 200 392
2023-08-05 16:53:30,316 INFO basehttp: "GET /admin/app/uniquecode/ HTTP/1.1" 200 8799
2023-08-05 16:53:30,442 INFO basehttp: "GET /static/admin/js/vendor/jquery/jquery.js HTTP/1.1" 304 0
2023-08-05 16:53:30,449 INFO basehttp: "GET /static/admin/js/urlify.js HTTP/1.1" 304 0
2023-08-05 16:53:30,451 INFO basehttp: "GET /static/admin/js/jquery.init.js HTTP/1.1" 304 0
2023-08-05 16:53:30,460 INFO basehttp: "GET /static/admin/js/core.js HTTP/1.1" 304 0
2023-08-05 16:53:30,465 INFO basehttp: "GET /static/admin/js/admin/RelatedObjectLookups.js HTTP/1.1" 304 0
2023-08-05 16:53:30,467 INFO basehttp: "GET /static/admin/js/prepopulate.js HTTP/1.1" 304 0
2023-08-05 16:53:30,469 INFO basehttp: "GET /static/admin/js/actions.js HTTP/1.1" 304 0
2023-08-05 16:53:30,470 INFO basehttp: "GET /static/admin/js/vendor/xregexp/xregexp.js HTTP/1.1" 304 0
2023-08-05 16:53:30,478 INFO basehttp: "GET /admin/jsi18n/ HTTP/1.1" 200 3195
2023-08-05 16:53:30,480 INFO basehttp: "GET /static/admin/css/changelists.css HTTP/1.1" 304 0
2023-08-05 16:53:30,524 INFO basehttp: "GET /static/admin/img/icon-no.svg HTTP/1.1" 304 0
2023-08-05 16:53:30,596 INFO basehttp: "GET /static/admin/img/tooltag-add.svg HTTP/1.1" 304 0
2023-08-05 16:53:36,782 INFO basehttp: "GET /?csrfmiddlewaretoken=romcZTiHEnjXUG7QtLG5LdETIRnutERPyMu1vVDsYNGXPx2yboBlVcHdzthcVkYH HTTP/1.1" 200 7461
2023-08-05 16:54:20,450 INFO basehttp: "GET /?csrfmiddlewaretoken=romcZTiHEnjXUG7QtLG5LdETIRnutERPyMu1vVDsYNGXPx2yboBlVcHdzthcVkYH HTTP/1.1" 200 7466
2023-08-05 16:54:52,736 INFO basehttp: "GET /?csrfmiddlewaretoken=romcZTiHEnjXUG7QtLG5LdETIRnutERPyMu1vVDsYNGXPx2yboBlVcHdzthcVkYH HTTP/1.1" 200 7488
2023-08-05 16:55:17,488 INFO basehttp: "GET /?csrfmiddlewaretoken=romcZTiHEnjXUG7QtLG5LdETIRnutERPyMu1vVDsYNGXPx2yboBlVcHdzthcVkYH HTTP/1.1" 200 7503
2023-08-05 16:55:44,019 INFO basehttp: "GET /?csrfmiddlewaretoken=romcZTiHEnjXUG7QtLG5LdETIRnutERPyMu1vVDsYNGXPx2yboBlVcHdzthcVkYH HTTP/1.1" 200 7503
2023-08-05 16:56:16,721 INFO basehttp: "GET /?csrfmiddlewaretoken=romcZTiHEnjXUG7QtLG5LdETIRnutERPyMu1vVDsYNGXPx2yboBlVcHdzthcVkYH HTTP/1.1" 200 7506
2023-08-05 16:57:18,439 INFO basehttp: "GET /?csrfmiddlewaretoken=romcZTiHEnjXUG7QtLG5LdETIRnutERPyMu1vVDsYNGXPx2yboBlVcHdzthcVkYH HTTP/1.1" 200 7506
2023-08-05 16:59:17,775 INFO basehttp: "GET /?csrfmiddlewaretoken=romcZTiHEnjXUG7QtLG5LdETIRnutERPyMu1vVDsYNGXPx2yboBlVcHdzthcVkYH HTTP/1.1" 200 7447
2023-08-05 16:59:38,256 INFO basehttp: "GET /?csrfmiddlewaretoken=romcZTiHEnjXUG7QtLG5LdETIRnutERPyMu1vVDsYNGXPx2yboBlVcHdzthcVkYH HTTP/1.1" 200 7489
2023-08-05 16:59:39,891 INFO basehttp: "GET /?csrfmiddlewaretoken=romcZTiHEnjXUG7QtLG5LdETIRnutERPyMu1vVDsYNGXPx2yboBlVcHdzthcVkYH HTTP/1.1" 200 7489
2023-08-05 16:59:52,418 INFO basehttp: "GET /?csrfmiddlewaretoken=romcZTiHEnjXUG7QtLG5LdETIRnutERPyMu1vVDsYNGXPx2yboBlVcHdzthcVkYH HTTP/1.1" 200 7488
2023-08-05 16:59:56,383 INFO basehttp: "GET /?csrfmiddlewaretoken=romcZTiHEnjXUG7QtLG5LdETIRnutERPyMu1vVDsYNGXPx2yboBlVcHdzthcVkYH HTTP/1.1" 200 7492
2023-08-05 17:00:26,991 INFO basehttp: "GET /?csrfmiddlewaretoken=romcZTiHEnjXUG7QtLG5LdETIRnutERPyMu1vVDsYNGXPx2yboBlVcHdzthcVkYH HTTP/1.1" 200 7501
2023-08-05 17:01:48,640 INFO basehttp: "GET /?csrfmiddlewaretoken=romcZTiHEnjXUG7QtLG5LdETIRnutERPyMu1vVDsYNGXPx2yboBlVcHdzthcVkYH HTTP/1.1" 200 7501
2023-08-05 19:12:36,508 INFO basehttp: "GET /?csrfmiddlewaretoken=romcZTiHEnjXUG7QtLG5LdETIRnutERPyMu1vVDsYNGXPx2yboBlVcHdzthcVkYH HTTP/1.1" 200 7501
2023-08-05 19:12:36,813 INFO basehttp: "GET /static/media/roulette.mp3 HTTP/1.1" 200 95433
2023-08-05 19:12:46,741 INFO basehttp: "GET /admin/app/uniquecode/ HTTP/1.1" 200 8799
2023-08-05 19:12:46,830 INFO basehttp: "GET /static/admin/css/base.css HTTP/1.1" 200 19513
2023-08-05 19:12:46,849 INFO basehttp: "GET /static/admin/js/nav_sidebar.js HTTP/1.1" 304 0
2023-08-05 19:12:46,860 INFO basehttp: "GET /static/admin/js/core.js HTTP/1.1" 304 0
2023-08-05 19:12:46,864 INFO basehttp: "GET /static/admin/js/vendor/jquery/jquery.js HTTP/1.1" 304 0
2023-08-05 19:12:46,871 INFO basehttp: "GET /static/admin/js/admin/RelatedObjectLookups.js HTTP/1.1" 304 0
2023-08-05 19:12:46,872 INFO basehttp: "GET /static/admin/css/changelists.css HTTP/1.1" 200 6874
2023-08-05 19:12:46,873 INFO basehttp: "GET /static/admin/css/nav_sidebar.css HTTP/1.1" 200 2271
2023-08-05 19:12:46,878 INFO basehttp: "GET /static/admin/js/jquery.init.js HTTP/1.1" 304 0
2023-08-05 19:12:46,879 INFO basehttp: "GET /static/admin/js/actions.js HTTP/1.1" 304 0
2023-08-05 19:12:46,944 INFO basehttp: "GET /static/admin/js/vendor/xregexp/xregexp.js HTTP/1.1" 304 0
2023-08-05 19:12:46,948 INFO basehttp: "GET /static/admin/js/urlify.js HTTP/1.1" 304 0
2023-08-05 19:12:46,950 INFO basehttp: "GET /static/admin/css/fonts.css HTTP/1.1" 304 0
2023-08-05 19:12:46,952 INFO basehttp: "GET /static/admin/css/responsive.css HTTP/1.1" 304 0
2023-08-05 19:12:46,953 INFO basehttp: "GET /admin/jsi18n/ HTTP/1.1" 200 3195
2023-08-05 19:12:46,954 INFO basehttp: "GET /static/admin/js/prepopulate.js HTTP/1.1" 304 0
2023-08-05 19:12:47,043 INFO basehttp: "GET /static/admin/img/icon-no.svg HTTP/1.1" 304 0
2023-08-05 19:12:47,055 INFO basehttp: "GET /static/admin/img/icon-addlink.svg HTTP/1.1" 304 0
2023-08-05 19:12:47,058 INFO basehttp: "GET /static/admin/img/tooltag-add.svg HTTP/1.1" 304 0
2023-08-05 19:12:56,348 INFO basehttp: "GET /admin/app/draw/ HTTP/1.1" 200 7537
2023-08-05 19:12:56,485 INFO basehttp: "GET /admin/jsi18n/ HTTP/1.1" 200 3195
2023-08-05 19:12:56,496 INFO basehttp: "GET /static/admin/img/search.svg HTTP/1.1" 304 0
2023-08-05 19:12:59,509 INFO basehttp: "GET /admin/app/prize/ HTTP/1.1" 200 14109
2023-08-05 19:12:59,656 INFO basehttp: "GET /admin/jsi18n/ HTTP/1.1" 200 3195
2023-08-05 19:12:59,743 INFO basehttp: "GET /static/admin/img/icon-yes.svg HTTP/1.1" 304 0
2023-08-05 19:13:01,500 INFO basehttp: "GET /admin/app/uniquecode/ HTTP/1.1" 200 8799
2023-08-05 19:13:01,608 INFO basehttp: "GET /admin/jsi18n/ HTTP/1.1" 200 3195
2023-08-05 19:14:31,584 INFO basehttp: "GET / HTTP/1.1" 200 7501
2023-08-05 19:14:31,630 INFO basehttp: "GET /static/css/styles.css HTTP/1.1" 200 1055
2023-08-05 19:14:31,690 INFO basehttp: "GET /static/js/script.js HTTP/1.1" 200 4688
2023-08-05 19:14:31,691 INFO basehttp: "GET /static/js/confetti.js HTTP/1.1" 200 7222
2023-08-05 19:14:31,699 INFO basehttp: "GET /static/img/logo.svg HTTP/1.1" 200 124205
2023-08-05 19:14:32,218 INFO basehttp: "GET /static/img/wheel.png HTTP/1.1" 200 407425
2023-08-05 19:14:32,274 INFO basehttp: "GET /static/img/outwheel.png HTTP/1.1" 200 440976
2023-08-05 19:14:32,524 INFO basehttp: "GET /static/media/roulette.mp3 HTTP/1.1" 200 95433
2023-08-05 19:14:32,595 INFO basehttp: "GET /static/img/favicon.ico/apple-icon-180x180.png HTTP/1.1" 200 18486
2023-08-05 19:14:32,595 INFO basehttp: "GET /static/img/favicon.ico/android-icon-192x192.png HTTP/1.1" 200 17042
2023-08-05 19:14:43,591 INFO basehttp: "GET / HTTP/1.1" 200 7501
2023-08-05 19:16:22,976 INFO views: Draw_new with POST
2023-08-05 19:16:23,023 INFO basehttp: "POST /draw HTTP/1.1" 200 6187
2023-08-05 19:16:32,160 INFO views: Draw with GET for id 8
2023-08-05 19:16:32,163 INFO views: Prize 1, 10% OFF, True
2023-08-05 19:16:32,176 INFO basehttp: "GET /8 HTTP/1.1" 200 7094
2023-08-05 19:16:43,834 INFO basehttp: "GET /admin/app/uniquecode/ HTTP/1.1" 200 8799
2023-08-05 19:16:43,921 INFO basehttp: "GET /admin/jsi18n/ HTTP/1.1" 200 3195
2023-08-05 19:16:46,492 INFO basehttp: "GET /admin/app/draw/ HTTP/1.1" 200 9912
2023-08-05 19:16:46,616 INFO basehttp: "GET /admin/jsi18n/ HTTP/1.1" 200 3195
2023-08-05 19:16:53,424 INFO basehttp: "GET /admin/app/draw/8/change/ HTTP/1.1" 200 10640
2023-08-05 19:16:53,549 INFO basehttp: "GET /admin/jsi18n/ HTTP/1.1" 200 3195
2023-08-05 19:16:53,581 INFO basehttp: "GET /static/admin/css/forms.css HTTP/1.1" 304 0
2023-08-05 19:16:53,595 INFO basehttp: "GET /static/admin/js/calendar.js HTTP/1.1" 304 0
2023-08-05 19:16:53,599 INFO basehttp: "GET /static/admin/js/admin/DateTimeShortcuts.js HTTP/1.1" 304 0
2023-08-05 19:16:53,620 INFO basehttp: "GET /static/admin/js/change_form.js HTTP/1.1" 304 0
2023-08-05 19:16:53,621 INFO basehttp: "GET /static/admin/js/prepopulate_init.js HTTP/1.1" 304 0
2023-08-05 19:16:53,662 INFO basehttp: "GET /static/admin/css/widgets.css HTTP/1.1" 304 0
2023-08-05 19:16:53,758 INFO basehttp: "GET /static/admin/img/icon-changelink.svg HTTP/1.1" 304 0
2023-08-05 19:16:53,822 INFO basehttp: "GET /static/admin/img/icon-calendar.svg HTTP/1.1" 304 0
2023-08-05 19:16:53,847 INFO basehttp: "GET /static/admin/img/icon-clock.svg HTTP/1.1" 304 0
2023-08-05 19:16:56,423 INFO basehttp: "GET /admin/app/draw/ HTTP/1.1" 200 9912
2023-08-05 19:16:56,564 INFO basehttp: "GET /admin/jsi18n/ HTTP/1.1" 200 3195
2023-08-05 19:17:01,832 INFO basehttp: "GET /admin/app/draw/8/change/ HTTP/1.1" 200 10640
2023-08-05 19:17:01,983 INFO basehttp: "GET /admin/jsi18n/ HTTP/1.1" 200 3195
2023-08-05 19:17:12,840 INFO basehttp: "GET /?csrfmiddlewaretoken=uHmzVEBAnNnfHGJdK12O4KN55aibN8pdZXCyTgBbAS5414WBXCLcauejfJPT2TeQ HTTP/1.1" 200 7501
2023-08-05 19:17:30,752 INFO basehttp: "GET /admin/app/prize/1/change/?_to_field=id&_popup=1 HTTP/1.1" 200 3703
2023-08-05 19:17:30,852 INFO basehttp: "GET /admin/jsi18n/ HTTP/1.1" 200 3195
2023-08-05 19:17:52,254 INFO basehttp: "GET /admin/app/draw/ HTTP/1.1" 200 9912
2023-08-05 19:17:52,373 INFO basehttp: "GET /admin/jsi18n/ HTTP/1.1" 200 3195
2023-08-05 19:18:01,785 INFO basehttp: "GET /admin/app/uniquecode/ HTTP/1.1" 200 8799
2023-08-05 19:18:01,913 INFO basehttp: "GET /admin/jsi18n/ HTTP/1.1" 200 3195
2023-08-05 19:18:15,493 INFO views: Draw_new with POST
2023-08-05 19:18:15,503 WARNING views: invalid form else => False <ul class="errorlist"><li>code<ul class="errorlist"><li>Invalid or expired code!</li></ul></li></ul>
2023-08-05 19:18:15,523 INFO basehttp: "POST /draw HTTP/1.1" 200 7657
2023-08-05 19:20:19,396 INFO basehttp: - Broken pipe from ('192.168.1.17', 33298)

2023-08-05 19:20:19,397 INFO basehttp: - Broken pipe from ('192.168.1.17', 33308)

2023-08-05 19:20:19,397 INFO basehttp: - Broken pipe from ('192.168.1.17', 33292)

2023-08-05 19:20:24,625 INFO basehttp: "GET /admin/logout/ HTTP/1.1" 200 1532
2023-08-08 21:56:04,653 INFO autoreload: Watching for file changes with StatReloader
2023-08-08 21:56:12,940 INFO basehttp: "GET / HTTP/1.1" 200 7348
2023-08-08 21:57:55,834 INFO basehttp: "GET / HTTP/1.1" 200 7358
2023-08-08 21:58:42,977 INFO basehttp: "GET / HTTP/1.1" 200 7379
2023-08-08 21:59:20,856 INFO autoreload: /app/app/migrations/0001_initial.py changed, reloading.
2023-08-08 21:59:23,366 INFO autoreload: Watching for file changes with StatReloader
2023-08-08 21:59:25,143 INFO basehttp: "GET / HTTP/1.1" 200 7379
2023-08-09 16:51:15,070 INFO autoreload: Watching for file changes with StatReloader
2023-08-09 16:51:24,185 INFO basehttp: "GET /admin/ HTTP/1.1" 302 0
2023-08-09 16:51:24,275 INFO basehttp: "GET /admin/login/?next=/admin/ HTTP/1.1" 200 2217
2023-08-09 16:51:24,417 INFO basehttp: "GET /static/admin/css/responsive.css HTTP/1.1" 304 0
2023-08-09 16:51:24,419 INFO basehttp: "GET /static/admin/css/login.css HTTP/1.1" 304 0
2023-08-09 16:51:24,435 INFO basehttp: "GET /static/admin/css/nav_sidebar.css HTTP/1.1" 200 2271
2023-08-09 16:51:24,436 INFO basehttp: "GET /static/admin/css/base.css HTTP/1.1" 200 19513
2023-08-09 16:51:24,450 INFO basehttp: "GET /static/admin/js/nav_sidebar.js HTTP/1.1" 200 1360
2023-08-09 16:51:24,473 INFO basehttp: "GET /static/admin/css/fonts.css HTTP/1.1" 200 423
2023-08-09 16:51:24,535 INFO basehttp: "GET /static/admin/fonts/Roboto-Light-webfont.woff HTTP/1.1" 200 85692
2023-08-09 16:51:24,541 INFO basehttp: "GET /static/admin/fonts/Roboto-Regular-webfont.woff HTTP/1.1" 200 85876
2023-08-09 16:51:24,587 WARNING log: Not Found: /favicon.ico
2023-08-09 16:51:24,589 WARNING basehttp: "GET /favicon.ico HTTP/1.1" 404 2619
2023-08-09 16:51:28,718 INFO basehttp: "GET / HTTP/1.1" 200 7395
2023-08-09 16:51:28,870 INFO basehttp: "GET /static/js/confetti.js HTTP/1.1" 200 7222
2023-08-09 16:51:54,791 INFO views: Draw_new with POST
2023-08-09 16:51:54,882 ERROR log: Internal Server Error: /draw
Traceback (most recent call last):
  File "/usr/local/lib/python3.9/site-packages/django/db/backends/utils.py", line 84, in _execute
    return self.cursor.execute(sql, params)
  File "/usr/local/lib/python3.9/site-packages/django/db/backends/sqlite3/base.py", line 423, in execute
    return Database.Cursor.execute(self, query, params)
sqlite3.OperationalError: table app_draw has no column named name

The above exception was the direct cause of the following exception:

Traceback (most recent call last):
  File "/usr/local/lib/python3.9/site-packages/django/core/handlers/exception.py", line 47, in inner
    response = get_response(request)
  File "/usr/local/lib/python3.9/site-packages/django/core/handlers/base.py", line 181, in _get_response
    response = wrapped_callback(request, *callback_args, **callback_kwargs)
  File "/app/app/views.py", line 41, in draw_spin
    instance.save()
  File "/usr/local/lib/python3.9/site-packages/django/db/models/base.py", line 726, in save
    self.save_base(using=using, force_insert=force_insert,
  File "/usr/local/lib/python3.9/site-packages/django/db/models/base.py", line 763, in save_base
    updated = self._save_table(
  File "/usr/local/lib/python3.9/site-packages/django/db/models/base.py", line 868, in _save_table
    results = self._do_insert(cls._base_manager, using, fields, returning_fields, raw)
  File "/usr/local/lib/python3.9/site-packages/django/db/models/base.py", line 906, in _do_insert
    return manager._insert(
  File "/usr/local/lib/python3.9/site-packages/django/db/models/manager.py", line 85, in manager_method
    return getattr(self.get_queryset(), name)(*args, **kwargs)
  File "/usr/local/lib/python3.9/site-packages/django/db/models/query.py", line 1270, in _insert
    return query.get_compiler(using=using).execute_sql(returning_fields)
  File "/usr/local/lib/python3.9/site-packages/django/db/models/sql/compiler.py", line 1416, in execute_sql
    cursor.execute(sql, params)
  File "/usr/local/lib/python3.9/site-packages/django/db/backends/utils.py", line 98, in execute
    return super().execute(sql, params)
  File "/usr/local/lib/python3.9/site-packages/django/db/backends/utils.py", line 66, in execute
    return self._execute_with_wrappers(sql, params, many=False, executor=self._execute)
  File "/usr/local/lib/python3.9/site-packages/django/db/backends/utils.py", line 75, in _execute_with_wrappers
    return executor(sql, params, many, context)
  File "/usr/local/lib/python3.9/site-packages/django/db/backends/utils.py", line 84, in _execute
    return self.cursor.execute(sql, params)
  File "/usr/local/lib/python3.9/site-packages/django/db/utils.py", line 90, in __exit__
    raise dj_exc_value.with_traceback(traceback) from exc_value
  File "/usr/local/lib/python3.9/site-packages/django/db/backends/utils.py", line 84, in _execute
    return self.cursor.execute(sql, params)
  File "/usr/local/lib/python3.9/site-packages/django/db/backends/sqlite3/base.py", line 423, in execute
    return Database.Cursor.execute(self, query, params)
django.db.utils.OperationalError: table app_draw has no column named name
2023-08-09 16:51:54,898 ERROR basehttp: "POST /draw HTTP/1.1" 500 144599
2023-08-09 16:52:19,641 INFO views: Draw_new with POST
2023-08-09 16:52:19,685 ERROR draw: UniqueCode matching query does not exist.
2023-08-09 16:52:19,697 INFO basehttp: "POST /draw HTTP/1.1" 200 6051
2023-08-09 16:52:28,859 INFO views: Draw with GET for id 9
2023-08-09 16:52:28,871 INFO views: Prize 9, PS5, False
2023-08-09 16:52:28,888 INFO basehttp: "GET /9 HTTP/1.1" 200 6440
2023-08-09 16:52:46,359 INFO basehttp: "GET / HTTP/1.1" 200 7395
2023-08-09 16:53:12,500 INFO basehttp: "GET / HTTP/1.1" 200 7395
2023-08-09 16:53:19,098 INFO autoreload: /app/app/migrations/0001_initial.py changed, reloading.
2023-08-09 16:53:21,081 INFO autoreload: Watching for file changes with StatReloader
2023-08-09 16:53:30,838 INFO autoreload: /app/app/models.py changed, reloading.
2023-08-09 16:53:32,268 INFO autoreload: Watching for file changes with StatReloader
2023-08-09 16:53:37,660 INFO autoreload: /app/app/models.py changed, reloading.
2023-08-09 16:53:39,085 INFO autoreload: Watching for file changes with StatReloader
2023-08-09 16:53:45,895 INFO basehttp: "GET / HTTP/1.1" 200 7395
2023-08-09 16:56:04,368 INFO autoreload: Watching for file changes with StatReloader
2023-08-09 16:56:08,918 INFO basehttp: "GET / HTTP/1.1" 200 7395
2023-08-09 16:57:08,609 INFO autoreload: Watching for file changes with StatReloader
2023-08-09 16:57:14,139 INFO basehttp: "GET / HTTP/1.1" 200 7395
2023-08-09 16:57:29,169 INFO autoreload: /app/app/forms.py changed, reloading.
2023-08-09 16:57:31,053 INFO autoreload: Watching for file changes with StatReloader
2023-08-09 17:01:05,580 INFO autoreload: /app/app/admin.py changed, reloading.
2023-08-09 17:01:07,551 INFO autoreload: Watching for file changes with StatReloader
2023-08-09 17:01:08,807 INFO autoreload: /app/app/admin.py changed, reloading.
2023-08-09 17:01:10,330 INFO autoreload: Watching for file changes with StatReloader
2023-08-09 17:01:11,619 INFO autoreload: /app/app/admin.py changed, reloading.
2023-08-09 17:01:13,327 INFO autoreload: Watching for file changes with StatReloader
2023-08-09 17:01:22,147 INFO basehttp: "GET / HTTP/1.1" 200 7395
2023-08-09 17:01:31,489 INFO autoreload: /app/app/forms.py changed, reloading.
2023-08-09 17:01:32,966 INFO autoreload: Watching for file changes with StatReloader
2023-08-09 17:01:53,090 INFO autoreload: /app/app/admin.py changed, reloading.
2023-08-09 17:01:54,438 INFO autoreload: Watching for file changes with StatReloader
2023-08-09 17:01:56,336 INFO basehttp: "GET / HTTP/1.1" 200 7395
2023-08-09 17:02:34,580 INFO autoreload: /app/app/forms.py changed, reloading.
2023-08-09 17:02:35,902 INFO autoreload: Watching for file changes with StatReloader
2023-08-09 17:02:38,236 INFO basehttp: "GET / HTTP/1.1" 200 7399
2023-08-09 17:02:39,434 INFO basehttp: "GET / HTTP/1.1" 200 7399
2023-08-09 17:02:42,615 INFO basehttp: "GET / HTTP/1.1" 200 7399
2023-08-09 17:02:42,632 INFO autoreload: /app/app/forms.py changed, reloading.
2023-08-09 17:02:44,115 INFO autoreload: Watching for file changes with StatReloader
2023-08-09 17:02:46,168 INFO basehttp: "GET / HTTP/1.1" 200 7395
2023-08-09 17:02:52,932 INFO autoreload: /app/app/forms.py changed, reloading.
2023-08-09 17:02:54,347 INFO autoreload: Watching for file changes with StatReloader
2023-08-09 17:02:55,661 INFO autoreload: /app/app/forms.py changed, reloading.
2023-08-09 17:02:56,930 INFO autoreload: Watching for file changes with StatReloader
2023-08-09 17:03:00,150 INFO basehttp: "GET / HTTP/1.1" 200 7810
2023-08-09 17:03:01,173 INFO basehttp: "GET / HTTP/1.1" 200 7810
2023-08-09 17:03:34,313 INFO autoreload: /app/app/models.py changed, reloading.
2023-08-09 17:03:35,635 INFO autoreload: Watching for file changes with StatReloader
2023-08-09 17:03:40,058 INFO autoreload: /app/app/models.py changed, reloading.
2023-08-09 17:03:41,566 INFO autoreload: Watching for file changes with StatReloader
2023-08-09 17:03:47,037 INFO autoreload: /app/app/migrations/0001_initial.py changed, reloading.
2023-08-09 17:03:48,492 INFO autoreload: Watching for file changes with StatReloader
2023-08-09 17:04:03,402 INFO autoreload: /app/app/admin.py changed, reloading.
2023-08-09 17:04:04,673 INFO autoreload: Watching for file changes with StatReloader
2023-08-09 17:04:06,758 INFO basehttp: "GET / HTTP/1.1" 200 7810
2023-08-09 17:04:07,730 INFO basehttp: "GET / HTTP/1.1" 200 7810
2023-08-09 17:04:13,299 INFO autoreload: /app/app/forms.py changed, reloading.
2023-08-09 17:04:14,684 INFO autoreload: Watching for file changes with StatReloader
2023-08-09 17:04:15,974 INFO autoreload: /app/app/forms.py changed, reloading.
2023-08-09 17:04:17,314 INFO autoreload: Watching for file changes with StatReloader
2023-08-09 17:05:21,968 INFO autoreload: /app/app/models.py changed, reloading.
2023-08-09 17:05:23,442 INFO autoreload: Watching for file changes with StatReloader
2023-08-09 17:05:25,808 INFO autoreload: /app/app/admin.py changed, reloading.
2023-08-09 17:05:27,282 INFO autoreload: Watching for file changes with StatReloader
2023-08-09 17:05:33,848 INFO autoreload: /app/app/forms.py changed, reloading.
2023-08-09 17:05:35,206 INFO autoreload: Watching for file changes with StatReloader
2023-08-09 17:05:36,927 INFO basehttp: "GET / HTTP/1.1" 200 8229
2023-08-09 17:05:57,176 INFO basehttp: "GET / HTTP/1.1" 200 8208
2023-08-09 17:07:48,492 INFO views: Draw_new with POST
2023-08-09 17:07:48,585 ERROR log: Internal Server Error: /draw
Traceback (most recent call last):
  File "/usr/local/lib/python3.9/site-packages/django/db/backends/utils.py", line 84, in _execute
    return self.cursor.execute(sql, params)
  File "/usr/local/lib/python3.9/site-packages/django/db/backends/sqlite3/base.py", line 423, in execute
    return Database.Cursor.execute(self, query, params)
sqlite3.OperationalError: table app_draw has no column named number

The above exception was the direct cause of the following exception:

Traceback (most recent call last):
  File "/usr/local/lib/python3.9/site-packages/django/core/handlers/exception.py", line 47, in inner
    response = get_response(request)
  File "/usr/local/lib/python3.9/site-packages/django/core/handlers/base.py", line 181, in _get_response
    response = wrapped_callback(request, *callback_args, **callback_kwargs)
  File "/app/app/views.py", line 41, in draw_spin
    instance.save()
  File "/usr/local/lib/python3.9/site-packages/django/db/models/base.py", line 726, in save
    self.save_base(using=using, force_insert=force_insert,
  File "/usr/local/lib/python3.9/site-packages/django/db/models/base.py", line 763, in save_base
    updated = self._save_table(
  File "/usr/local/lib/python3.9/site-packages/django/db/models/base.py", line 868, in _save_table
    results = self._do_insert(cls._base_manager, using, fields, returning_fields, raw)
  File "/usr/local/lib/python3.9/site-packages/django/db/models/base.py", line 906, in _do_insert
    return manager._insert(
  File "/usr/local/lib/python3.9/site-packages/django/db/models/manager.py", line 85, in manager_method
    return getattr(self.get_queryset(), name)(*args, **kwargs)
  File "/usr/local/lib/python3.9/site-packages/django/db/models/query.py", line 1270, in _insert
    return query.get_compiler(using=using).execute_sql(returning_fields)
  File "/usr/local/lib/python3.9/site-packages/django/db/models/sql/compiler.py", line 1416, in execute_sql
    cursor.execute(sql, params)
  File "/usr/local/lib/python3.9/site-packages/django/db/backends/utils.py", line 98, in execute
    return super().execute(sql, params)
  File "/usr/local/lib/python3.9/site-packages/django/db/backends/utils.py", line 66, in execute
    return self._execute_with_wrappers(sql, params, many=False, executor=self._execute)
  File "/usr/local/lib/python3.9/site-packages/django/db/backends/utils.py", line 75, in _execute_with_wrappers
    return executor(sql, params, many, context)
  File "/usr/local/lib/python3.9/site-packages/django/db/backends/utils.py", line 84, in _execute
    return self.cursor.execute(sql, params)
  File "/usr/local/lib/python3.9/site-packages/django/db/utils.py", line 90, in __exit__
    raise dj_exc_value.with_traceback(traceback) from exc_value
  File "/usr/local/lib/python3.9/site-packages/django/db/backends/utils.py", line 84, in _execute
    return self.cursor.execute(sql, params)
  File "/usr/local/lib/python3.9/site-packages/django/db/backends/sqlite3/base.py", line 423, in execute
    return Database.Cursor.execute(self, query, params)
django.db.utils.OperationalError: table app_draw has no column named number
2023-08-09 17:07:48,593 ERROR basehttp: "POST /draw HTTP/1.1" 500 146395
2023-08-09 17:08:02,457 INFO views: Draw_new with POST
2023-08-09 17:08:02,502 ERROR draw: UniqueCode matching query does not exist.
2023-08-09 17:08:02,517 INFO basehttp: "POST /draw HTTP/1.1" 200 6053
2023-08-09 17:08:11,690 INFO views: Draw with GET for id 10
2023-08-09 17:08:11,698 INFO views: Prize 12, PREMIO 4, False
2023-08-09 17:08:11,712 INFO basehttp: "GET /10 HTTP/1.1" 200 6440
2023-08-09 17:08:25,990 INFO basehttp: "GET /?csrfmiddlewaretoken=NuJP3ZhvxdgDyTUIQ1R3TNaP4BXeOfZBngBFuINBzPKBHHb5rhVpOtn3RLIMapkR HTTP/1.1" 200 8056
2023-08-09 17:10:01,215 INFO autoreload: Watching for file changes with StatReloader
2023-08-09 17:10:27,900 INFO autoreload: Watching for file changes with StatReloader
2023-08-09 17:11:12,497 INFO autoreload: Watching for file changes with StatReloader
2023-08-09 17:11:15,308 INFO basehttp: "GET / HTTP/1.1" 200 8056
2023-08-09 17:11:42,567 INFO basehttp: "GET /admin/ HTTP/1.1" 302 0
2023-08-09 17:11:42,645 INFO basehttp: "GET /admin/login/?next=/admin/ HTTP/1.1" 200 2217
2023-08-09 17:11:42,758 INFO basehttp: "GET /static/admin/css/base.css HTTP/1.1" 304 0
2023-08-09 17:11:42,769 INFO basehttp: "GET /static/admin/css/nav_sidebar.css HTTP/1.1" 304 0
2023-08-09 17:11:42,774 INFO basehttp: "GET /static/admin/js/nav_sidebar.js HTTP/1.1" 304 0
2023-08-09 17:11:42,780 INFO basehttp: "GET /static/admin/css/responsive.css HTTP/1.1" 304 0
2023-08-09 17:11:42,788 INFO basehttp: "GET /static/admin/css/fonts.css HTTP/1.1" 304 0
2023-08-09 17:11:42,789 INFO basehttp: "GET /static/admin/css/login.css HTTP/1.1" 304 0
2023-08-09 17:11:42,841 INFO basehttp: "GET /static/admin/fonts/Roboto-Regular-webfont.woff HTTP/1.1" 304 0
2023-08-09 17:11:42,843 INFO basehttp: "GET /static/admin/fonts/Roboto-Light-webfont.woff HTTP/1.1" 304 0
2023-08-09 17:12:28,088 INFO autoreload: Watching for file changes with StatReloader
2023-08-09 17:13:11,341 INFO autoreload: Watching for file changes with StatReloader
2023-08-09 17:13:15,728 INFO basehttp: "POST /admin/login/?next=/admin/ HTTP/1.1" 302 0
2023-08-09 17:13:15,818 INFO basehttp: "GET /admin/ HTTP/1.1" 200 7668
2023-08-09 17:13:15,898 INFO basehttp: "GET /static/admin/css/dashboard.css HTTP/1.1" 304 0
2023-08-09 17:13:15,941 INFO basehttp: "GET /static/admin/img/icon-deletelink.svg HTTP/1.1" 304 0
2023-08-09 17:13:15,942 INFO basehttp: "GET /static/admin/img/icon-addlink.svg HTTP/1.1" 304 0
2023-08-09 17:13:15,962 INFO basehttp: "GET /static/admin/img/icon-changelink.svg HTTP/1.1" 304 0
2023-08-09 17:13:15,971 INFO basehttp: "GET /static/admin/fonts/Roboto-Bold-webfont.woff HTTP/1.1" 304 0
2023-08-09 17:17:42,761 INFO autoreload: Watching for file changes with StatReloader
2023-08-09 17:19:53,252 INFO autoreload: Watching for file changes with StatReloader
2023-08-09 17:19:56,302 INFO basehttp: "GET /admin/ HTTP/1.1" 200 7668
2023-08-09 17:19:56,404 INFO basehttp: "GET /static/admin/css/base.css HTTP/1.1" 304 0
2023-08-09 17:19:56,421 INFO basehttp: "GET /static/admin/js/nav_sidebar.js HTTP/1.1" 304 0
2023-08-09 17:19:56,422 INFO basehttp: "GET /static/admin/css/nav_sidebar.css HTTP/1.1" 304 0
2023-08-09 17:19:56,423 INFO basehttp: "GET /static/admin/css/dashboard.css HTTP/1.1" 304 0
2023-08-09 17:19:56,424 INFO basehttp: "GET /static/admin/css/responsive.css HTTP/1.1" 304 0
2023-08-09 17:19:56,440 INFO basehttp: "GET /static/admin/css/fonts.css HTTP/1.1" 304 0
2023-08-09 17:19:56,505 INFO basehttp: "GET /static/admin/img/icon-changelink.svg HTTP/1.1" 304 0
2023-08-09 17:19:56,525 INFO basehttp: "GET /static/admin/img/icon-addlink.svg HTTP/1.1" 304 0
2023-08-09 17:19:56,526 INFO basehttp: "GET /static/admin/img/icon-deletelink.svg HTTP/1.1" 304 0
2023-08-09 17:19:56,539 INFO basehttp: "GET /static/admin/fonts/Roboto-Regular-webfont.woff HTTP/1.1" 304 0
2023-08-09 17:19:56,540 INFO basehttp: "GET /static/admin/fonts/Roboto-Bold-webfont.woff HTTP/1.1" 304 0
2023-08-09 17:19:56,542 INFO basehttp: "GET /static/admin/fonts/Roboto-Light-webfont.woff HTTP/1.1" 304 0
2023-08-09 17:20:06,139 INFO basehttp: "GET /admin/app/draw/ HTTP/1.1" 200 7537
2023-08-09 17:20:06,255 INFO basehttp: "GET /admin/jsi18n/ HTTP/1.1" 200 3195
2023-08-09 17:20:06,269 INFO basehttp: "GET /static/admin/js/jquery.init.js HTTP/1.1" 200 347
2023-08-09 17:20:06,272 INFO basehttp: "GET /static/admin/js/admin/RelatedObjectLookups.js HTTP/1.1" 200 5984
2023-08-09 17:20:06,288 INFO basehttp: "GET /static/admin/css/changelists.css HTTP/1.1" 200 6874
2023-08-09 17:20:06,291 INFO basehttp: "GET /static/admin/js/core.js HTTP/1.1" 200 5698
2023-08-09 17:20:06,296 INFO basehttp: "GET /static/admin/js/vendor/jquery/jquery.js HTTP/1.1" 200 287630
2023-08-09 17:20:06,300 INFO basehttp: "GET /static/admin/js/actions.js HTTP/1.1" 200 7664
2023-08-09 17:20:06,309 INFO basehttp: "GET /static/admin/js/urlify.js HTTP/1.1" 200 7902
2023-08-09 17:20:06,316 INFO basehttp: "GET /static/admin/js/prepopulate.js HTTP/1.1" 200 1531
2023-08-09 17:20:06,338 INFO basehttp: "GET /static/admin/js/vendor/xregexp/xregexp.js HTTP/1.1" 200 232381
2023-08-09 17:20:06,388 INFO basehttp: "GET /static/admin/img/search.svg HTTP/1.1" 200 458
2023-08-09 17:20:06,450 INFO basehttp: "GET /static/admin/img/tooltag-add.svg HTTP/1.1" 200 331
2023-08-09 17:20:09,672 INFO basehttp: "GET /admin/app/ HTTP/1.1" 200 3545
2023-08-09 17:20:11,234 INFO basehttp: "GET /admin/app/draw/ HTTP/1.1" 200 7537
2023-08-09 17:20:11,332 INFO basehttp: "GET /admin/jsi18n/ HTTP/1.1" 200 3195
2023-08-09 17:20:12,916 INFO basehttp: "GET /admin/app/uniquecode/ HTTP/1.1" 200 8799
2023-08-09 17:20:13,006 INFO basehttp: "GET /admin/jsi18n/ HTTP/1.1" 200 3195
2023-08-09 17:20:13,017 INFO basehttp: "GET /static/admin/img/icon-no.svg HTTP/1.1" 200 560
2023-08-09 17:20:13,650 INFO basehttp: "GET /admin/app/draw/ HTTP/1.1" 200 7537
2023-08-09 17:20:13,750 INFO basehttp: "GET /admin/jsi18n/ HTTP/1.1" 200 3195
2023-08-09 17:20:14,553 INFO basehttp: "GET /admin/app/ HTTP/1.1" 200 3545
2023-08-09 17:20:15,745 INFO basehttp: "GET /admin/ HTTP/1.1" 200 7668
2023-08-09 17:20:21,181 INFO basehttp: "GET / HTTP/1.1" 200 7298
2023-08-09 17:20:21,306 INFO basehttp: "GET /static/css/styles.css HTTP/1.1" 200 1127
2023-08-09 17:20:45,019 INFO autoreload: /app/app/admin.py changed, reloading.
2023-08-09 17:20:46,552 INFO autoreload: Watching for file changes with StatReloader
2023-08-09 17:20:48,844 INFO autoreload: /app/app/admin.py changed, reloading.
2023-08-09 17:20:50,131 INFO autoreload: Watching for file changes with StatReloader
2023-08-09 17:20:51,492 INFO autoreload: /app/app/admin.py changed, reloading.
2023-08-09 17:20:52,879 INFO autoreload: Watching for file changes with StatReloader
2023-08-09 17:20:54,208 INFO autoreload: /app/app/admin.py changed, reloading.
2023-08-09 17:20:55,529 INFO autoreload: Watching for file changes with StatReloader
2023-08-09 17:21:03,157 INFO autoreload: /app/app/admin.py changed, reloading.
2023-08-09 17:21:04,552 INFO autoreload: Watching for file changes with StatReloader
2023-08-09 17:21:06,817 INFO basehttp: "GET /admin/ HTTP/1.1" 200 7668
2023-08-09 17:21:08,249 INFO basehttp: "GET /admin/app/draw/ HTTP/1.1" 200 7537
2023-08-09 17:21:08,345 INFO basehttp: "GET /admin/jsi18n/ HTTP/1.1" 200 3195
2023-08-09 17:21:17,682 INFO views: Draw_new with POST
2023-08-09 17:21:17,718 ERROR draw: UniqueCode matching query does not exist.
2023-08-09 17:21:17,734 INFO basehttp: "POST /draw HTTP/1.1" 200 6053
2023-08-09 17:21:27,146 INFO views: Draw with GET for id 11
2023-08-09 17:21:27,154 INFO views: Prize 8, FREE T-SHIRT!, True
2023-08-09 17:21:27,169 INFO basehttp: "GET /11 HTTP/1.1" 200 7003
2023-08-09 17:21:28,277 INFO basehttp: "GET /admin/app/draw/ HTTP/1.1" 200 10470
2023-08-09 17:21:28,351 INFO basehttp: "GET /admin/jsi18n/ HTTP/1.1" 200 3195
2023-08-09 17:21:51,024 INFO autoreload: /app/app/admin.py changed, reloading.
2023-08-09 17:21:52,680 INFO autoreload: Watching for file changes with StatReloader
2023-08-09 17:21:55,942 INFO basehttp: "GET /admin/app/draw/ HTTP/1.1" 200 10388
2023-08-09 17:21:56,006 INFO basehttp: "GET /admin/jsi18n/ HTTP/1.1" 200 3195
2023-08-09 17:21:58,502 INFO basehttp: "GET /admin/app/draw/11/change/ HTTP/1.1" 200 11588
2023-08-09 17:21:58,623 INFO basehttp: "GET /static/admin/css/forms.css HTTP/1.1" 200 8804
2023-08-09 17:21:58,662 INFO basehttp: "GET /static/admin/js/prepopulate_init.js HTTP/1.1" 200 492
2023-08-09 17:21:58,664 INFO basehttp: "GET /static/admin/js/change_form.js HTTP/1.1" 200 606
2023-08-09 17:21:58,664 INFO basehttp: "GET /static/admin/js/admin/DateTimeShortcuts.js HTTP/1.1" 200 19634
2023-08-09 17:21:58,666 INFO basehttp: "GET /static/admin/js/calendar.js HTTP/1.1" 200 8466
2023-08-09 17:21:58,683 INFO basehttp: "GET /static/admin/css/widgets.css HTTP/1.1" 200 11097
2023-08-09 17:21:58,704 INFO basehttp: "GET /admin/jsi18n/ HTTP/1.1" 200 3195
2023-08-09 17:21:58,791 INFO basehttp: "GET /static/admin/img/icon-clock.svg HTTP/1.1" 200 677
2023-08-09 17:21:58,791 INFO basehttp: "GET /static/admin/img/icon-calendar.svg HTTP/1.1" 200 1086
2023-08-09 17:22:01,157 INFO basehttp: "GET /admin/app/draw/ HTTP/1.1" 200 10388
2023-08-09 17:22:21,665 INFO autoreload: /app/app/admin.py changed, reloading.
2023-08-09 17:22:23,172 INFO autoreload: Watching for file changes with StatReloader
2023-08-09 17:22:24,476 INFO autoreload: /app/app/admin.py changed, reloading.
2023-08-09 17:22:25,802 INFO autoreload: Watching for file changes with StatReloader
2023-08-09 17:22:27,073 INFO autoreload: /app/app/admin.py changed, reloading.
2023-08-09 17:22:28,641 INFO autoreload: Watching for file changes with StatReloader
2023-08-09 17:22:28,951 INFO basehttp: "GET /admin/app/draw/ HTTP/1.1" 200 10059
2023-08-09 17:22:29,014 INFO basehttp: "GET /admin/jsi18n/ HTTP/1.1" 200 3195
2023-08-09 17:22:29,913 INFO basehttp: "GET /admin/app/draw/ HTTP/1.1" 200 10059
2023-08-09 17:22:30,035 INFO basehttp: "GET /admin/jsi18n/ HTTP/1.1" 200 3195
2023-08-09 17:22:36,599 INFO basehttp: "GET /admin/app/draw/11/change/ HTTP/1.1" 200 11588
2023-08-09 17:22:36,686 INFO basehttp: "GET /admin/jsi18n/ HTTP/1.1" 200 3195
2023-08-09 17:22:41,808 INFO basehttp: "GET /admin/app/draw/ HTTP/1.1" 200 10059
2023-08-09 17:23:08,758 INFO basehttp: "GET /admin/app/draw/ HTTP/1.1" 200 10059
2023-08-09 17:23:08,842 INFO basehttp: "GET /admin/jsi18n/ HTTP/1.1" 200 3195
2023-08-09 17:23:09,882 INFO basehttp: "GET /admin/app/prize/ HTTP/1.1" 200 14109
2023-08-09 17:23:09,962 INFO basehttp: "GET /admin/jsi18n/ HTTP/1.1" 200 3195
2023-08-09 17:23:09,983 INFO basehttp: "GET /static/admin/img/icon-yes.svg HTTP/1.1" 200 436
2023-08-09 17:23:11,959 INFO basehttp: "GET /admin/app/uniquecode/ HTTP/1.1" 200 8799
2023-08-09 17:23:12,031 INFO basehttp: "GET /admin/jsi18n/ HTTP/1.1" 200 3195
2023-08-09 17:23:14,804 INFO basehttp: "GET /admin/app/draw/ HTTP/1.1" 200 10059
2023-08-09 17:23:14,890 INFO basehttp: "GET /admin/jsi18n/ HTTP/1.1" 200 3195
2023-08-09 17:23:31,640 INFO autoreload: /app/app/forms.py changed, reloading.
2023-08-09 17:23:33,021 INFO autoreload: Watching for file changes with StatReloader
2023-08-09 17:23:34,337 INFO autoreload: /app/app/forms.py changed, reloading.
2023-08-09 17:23:35,897 INFO autoreload: Watching for file changes with StatReloader
2023-08-09 17:23:36,678 INFO views: Draw with GET for id 11
2023-08-09 17:23:36,689 INFO views: Prize 8, FREE T-SHIRT!, True
2023-08-09 17:23:36,722 INFO basehttp: "GET /11 HTTP/1.1" 200 7003
2023-08-09 17:23:40,358 INFO basehttp: "GET / HTTP/1.1" 200 7675
2023-08-09 17:23:41,190 INFO basehttp: "GET / HTTP/1.1" 200 7675
2023-08-09 17:23:45,967 INFO basehttp: "GET /admin/ HTTP/1.1" 200 7668
2023-08-09 17:23:47,322 INFO basehttp: "GET /admin/ HTTP/1.1" 200 7668
2023-08-09 17:23:48,168 INFO basehttp: "GET /admin/ HTTP/1.1" 200 7668
2023-08-09 17:23:48,383 INFO basehttp: "GET /admin/ HTTP/1.1" 200 7668
2023-08-09 17:23:48,612 INFO basehttp: "GET /admin/ HTTP/1.1" 200 7668
2023-08-09 17:23:48,987 INFO basehttp: "GET /admin/ HTTP/1.1" 200 7668
2023-08-09 17:23:59,200 INFO views: Draw_new with POST
2023-08-09 17:23:59,245 ERROR draw: UniqueCode matching query does not exist.
2023-08-09 17:23:59,257 INFO basehttp: "POST /draw HTTP/1.1" 200 6053
2023-08-09 17:24:08,391 INFO views: Draw with GET for id 12
2023-08-09 17:24:08,403 INFO views: Prize 9, PS5, False
2023-08-09 17:24:08,420 INFO basehttp: "GET /12 HTTP/1.1" 200 6440
2023-08-09 17:24:16,089 INFO basehttp: "GET /admin/ HTTP/1.1" 200 7668
2023-08-09 17:24:17,907 INFO basehttp: "GET /admin/app/draw/ HTTP/1.1" 200 10584
2023-08-09 17:24:18,003 INFO basehttp: "GET /admin/jsi18n/ HTTP/1.1" 200 3195
2023-08-09 17:24:23,139 INFO basehttp: "POST /admin/app/draw/ HTTP/1.1" 200 5738
2023-08-09 17:24:23,227 INFO basehttp: "GET /static/admin/js/cancel.js HTTP/1.1" 200 884
2023-08-09 17:24:25,491 INFO basehttp: "POST /admin/app/draw/ HTTP/1.1" 302 0
2023-08-09 17:24:25,586 INFO basehttp: "GET /admin/app/draw/ HTTP/1.1" 200 7672
2023-08-09 17:24:25,661 INFO basehttp: "GET /admin/jsi18n/ HTTP/1.1" 200 3195
2023-08-09 17:24:28,473 INFO basehttp: "GET /?csrfmiddlewaretoken=PhKukIzI2yUgx6vDBiaubnuHstgzLlsFs0nkitawjiO1r87bvhI50dv1ehTwtbcr HTTP/1.1" 200 7675
2023-08-09 17:24:47,108 INFO views: Draw_new with POST
2023-08-09 17:24:47,155 ERROR draw: UniqueCode matching query does not exist.
2023-08-09 17:24:47,172 INFO basehttp: "POST /draw HTTP/1.1" 200 6053
2023-08-09 17:24:56,323 INFO views: Draw with GET for id 13
2023-08-09 17:24:56,331 INFO views: Prize 8, FREE T-SHIRT!, True
2023-08-09 17:24:56,345 INFO basehttp: "GET /13 HTTP/1.1" 200 7003
2023-08-09 17:25:06,490 INFO basehttp: "GET /admin/app/draw/ HTTP/1.1" 200 10067
2023-08-09 17:25:06,567 INFO basehttp: "GET /admin/jsi18n/ HTTP/1.1" 200 3195
2023-08-09 17:25:15,000 INFO basehttp: "GET /admin/logout/ HTTP/1.1" 200 1532
2023-08-09 17:25:16,435 INFO basehttp: "GET /admin/ HTTP/1.1" 302 0
2023-08-09 17:25:16,473 INFO basehttp: "GET /admin/login/?next=/admin/ HTTP/1.1" 200 2217
2023-08-09 17:25:16,524 INFO basehttp: "GET /static/admin/css/login.css HTTP/1.1" 304 0
2023-08-09 17:25:23,456 INFO basehttp: "POST /admin/login/?next=/admin/ HTTP/1.1" 302 0
2023-08-09 17:25:23,502 INFO basehttp: "GET /admin/ HTTP/1.1" 200 7595
2023-08-09 17:25:25,275 INFO basehttp: "GET /admin/app/draw/ HTTP/1.1" 200 10067
2023-08-09 17:25:25,358 INFO basehttp: "GET /admin/jsi18n/ HTTP/1.1" 200 3195
2023-08-09 18:11:53,278 INFO basehttp: "GET /admin/app/draw/ HTTP/1.1" 200 10067
2023-08-09 18:11:53,407 INFO basehttp: "GET /static/admin/css/nav_sidebar.css HTTP/1.1" 304 0
2023-08-09 18:11:53,408 INFO basehttp: "GET /static/admin/js/jquery.init.js HTTP/1.1" 304 0
2023-08-09 18:11:53,418 INFO basehttp: "GET /static/admin/css/base.css HTTP/1.1" 304 0
2023-08-09 18:11:53,430 INFO basehttp: "GET /static/admin/js/core.js HTTP/1.1" 304 0
2023-08-09 18:11:53,443 INFO basehttp: "GET /static/admin/js/admin/RelatedObjectLookups.js HTTP/1.1" 304 0
2023-08-09 18:11:53,444 INFO basehttp: "GET /static/admin/css/changelists.css HTTP/1.1" 304 0
2023-08-09 18:11:53,449 INFO basehttp: "GET /static/admin/js/nav_sidebar.js HTTP/1.1" 304 0
2023-08-09 18:11:53,463 INFO basehttp: "GET /static/admin/js/actions.js HTTP/1.1" 304 0
2023-08-09 18:11:53,465 INFO basehttp: "GET /static/admin/js/prepopulate.js HTTP/1.1" 304 0
2023-08-09 18:11:53,467 INFO basehttp: "GET /static/admin/js/urlify.js HTTP/1.1" 304 0
2023-08-09 18:11:53,478 INFO basehttp: "GET /static/admin/css/responsive.css HTTP/1.1" 304 0
2023-08-09 18:11:53,481 INFO basehttp: "GET /static/admin/js/vendor/xregexp/xregexp.js HTTP/1.1" 304 0
2023-08-09 18:11:53,489 INFO basehttp: "GET /static/admin/js/vendor/jquery/jquery.js HTTP/1.1" 304 0
2023-08-09 18:11:53,491 INFO basehttp: "GET /static/admin/css/fonts.css HTTP/1.1" 304 0
2023-08-09 18:11:53,517 INFO basehttp: "GET /admin/jsi18n/ HTTP/1.1" 200 3195
2023-08-09 18:11:53,577 INFO basehttp: "GET /static/admin/img/icon-no.svg HTTP/1.1" 304 0
2023-08-09 18:11:53,579 INFO basehttp: "GET /static/admin/img/tooltag-add.svg HTTP/1.1" 304 0
2023-08-09 18:11:53,580 INFO basehttp: "GET /static/admin/img/icon-addlink.svg HTTP/1.1" 304 0
2023-08-09 18:11:53,585 INFO basehttp: "GET /static/admin/img/search.svg HTTP/1.1" 304 0
2023-08-09 18:11:53,691 WARNING log: Not Found: /favicon.ico
2023-08-09 18:11:53,694 WARNING basehttp: "GET /favicon.ico HTTP/1.1" 404 2619
2023-08-09 18:12:01,818 INFO basehttp: "GET / HTTP/1.1" 200 7675
2023-08-09 18:12:52,698 INFO autoreload: /app/app/forms.py changed, reloading.
2023-08-09 18:12:54,934 INFO autoreload: Watching for file changes with StatReloader
2023-08-09 18:13:00,054 INFO basehttp: "GET / HTTP/1.1" 200 8056
2023-08-09 18:13:03,659 INFO basehttp: "GET /admin/app/draw/ HTTP/1.1" 200 10067
2023-08-09 18:13:03,731 INFO basehttp: "GET /admin/jsi18n/ HTTP/1.1" 200 3195
2023-08-09 18:13:03,828 WARNING log: Not Found: /favicon.ico
2023-08-09 18:13:03,841 WARNING basehttp: "GET /favicon.ico HTTP/1.1" 404 2619
2023-08-09 18:13:05,143 INFO basehttp: "GET /admin/app/draw/ HTTP/1.1" 200 10067
2023-08-09 18:13:05,210 INFO basehttp: "GET /admin/jsi18n/ HTTP/1.1" 200 3195
2023-08-09 18:13:06,801 INFO basehttp: "GET /admin/logout/ HTTP/1.1" 200 1532
2023-08-09 18:13:08,598 INFO basehttp: "GET /admin/ HTTP/1.1" 302 0
2023-08-09 18:13:08,637 INFO basehttp: "GET /admin/login/?next=/admin/ HTTP/1.1" 200 2217
2023-08-09 18:13:08,708 INFO basehttp: "GET /static/admin/css/login.css HTTP/1.1" 200 939
2023-08-09 18:13:14,895 INFO basehttp: "GET /admin/ HTTP/1.1" 302 0
2023-08-09 18:13:14,930 INFO basehttp: "GET /admin/login/?next=/admin/ HTTP/1.1" 200 2217
2023-08-09 18:13:21,616 INFO basehttp: "POST /admin/login/?next=/admin/ HTTP/1.1" 302 0
2023-08-09 18:13:21,677 INFO basehttp: "GET /admin/ HTTP/1.1" 200 7595
2023-08-09 18:13:21,753 INFO basehttp: "GET /static/admin/css/dashboard.css HTTP/1.1" 304 0
2023-08-09 18:13:21,805 INFO basehttp: "GET /static/admin/img/icon-deletelink.svg HTTP/1.1" 304 0
2023-08-09 18:13:21,806 INFO basehttp: "GET /static/admin/img/icon-changelink.svg HTTP/1.1" 304 0
2023-08-09 18:13:27,573 INFO basehttp: "GET / HTTP/1.1" 200 8056
2023-08-09 18:14:40,724 INFO basehttp: "GET / HTTP/1.1" 200 8056
2023-08-09 18:14:44,003 INFO views: Draw_new with POST
2023-08-09 18:14:44,043 ERROR draw: UniqueCode matching query does not exist.
2023-08-09 18:14:44,057 INFO basehttp: "POST /draw HTTP/1.1" 200 6053
2023-08-09 18:14:53,192 INFO views: Draw with GET for id 14
2023-08-09 18:14:53,205 INFO views: Prize 6, BAD LUCK!, False
2023-08-09 18:14:53,220 INFO basehttp: "GET /14 HTTP/1.1" 200 6440
2023-08-09 18:14:56,241 INFO basehttp: "GET /?csrfmiddlewaretoken=lSJNsCrJ0AiZe63UV0xaB8wOvM27CX55dIgb4eoHKBowKEythvHXh4Ld6lHcK37t HTTP/1.1" 200 8056
2023-08-09 18:15:15,045 INFO views: Draw_new with POST
2023-08-09 18:15:15,085 ERROR draw: UniqueCode matching query does not exist.
2023-08-09 18:15:15,098 INFO basehttp: "POST /draw HTTP/1.1" 200 6053
2023-08-09 18:15:24,271 INFO views: Draw with GET for id 15
2023-08-09 18:15:24,283 INFO views: Prize 14, PREMIO 2, True
2023-08-09 18:15:24,299 INFO basehttp: "GET /15 HTTP/1.1" 200 7170
2023-08-09 18:15:31,600 INFO basehttp: "GET /?csrfmiddlewaretoken=C7XlSzJM38Bm5NUZ6AyHDbMOGps74h6KuXuJubGKN9HTBlpys5Iuj71dhY7ccn88 HTTP/1.1" 200 8056
2023-08-09 18:16:02,447 INFO views: Draw_new with POST
2023-08-09 18:16:02,485 ERROR draw: UniqueCode matching query does not exist.
2023-08-09 18:16:02,500 INFO basehttp: "POST /draw HTTP/1.1" 200 6053
2023-08-09 18:16:11,656 INFO views: Draw with GET for id 16
2023-08-09 18:16:11,668 INFO views: Prize 13, PREMIO 3, False
2023-08-09 18:16:11,688 INFO basehttp: "GET /16 HTTP/1.1" 200 6440
2023-08-09 18:16:14,178 INFO basehttp: "GET /?csrfmiddlewaretoken=4RlNTEYyfJlWB7HWrCEid33WumYn7jEnWHSbvgVwZKrt7FcvN7O5TZil5VDsfpGL HTTP/1.1" 200 8056
2023-08-09 18:16:19,332 INFO views: Draw_new with POST
2023-08-09 18:16:19,378 ERROR draw: UniqueCode matching query does not exist.
2023-08-09 18:16:19,395 INFO basehttp: "POST /draw HTTP/1.1" 200 6053
2023-08-09 18:16:24,037 INFO basehttp: "GET /admin/app/draw/ HTTP/1.1" 200 12198
2023-08-09 18:16:24,138 INFO basehttp: "GET /admin/jsi18n/ HTTP/1.1" 200 3195
2023-08-09 18:16:28,533 INFO views: Draw with GET for id 17
2023-08-09 18:16:28,544 INFO views: Prize 7, NOTHING ..., False
2023-08-09 18:16:28,558 INFO basehttp: "GET /17 HTTP/1.1" 200 6440
2023-08-09 18:16:29,978 INFO basehttp: "GET /?csrfmiddlewaretoken=fjXzKDUjq9RzEYozQ6eU30FIPI6uLP8E79uXmfRhaaX6awT8cBoHJWU7qhLzTVa2 HTTP/1.1" 200 8056
2023-08-09 18:16:36,115 INFO views: Draw_new with POST
2023-08-09 18:16:36,159 ERROR draw: UniqueCode matching query does not exist.
2023-08-09 18:16:36,174 INFO basehttp: "POST /draw HTTP/1.1" 200 6054
2023-08-09 18:16:45,344 INFO views: Draw with GET for id 18
2023-08-09 18:16:45,352 INFO views: Prize 6, BAD LUCK!, False
2023-08-09 18:16:45,367 INFO basehttp: "GET /18 HTTP/1.1" 200 6442
2023-08-09 18:16:47,125 INFO basehttp: "GET /?csrfmiddlewaretoken=f4SCUwNehnHFGE3dTNT6N4dVt92RjT7v7Up0w8Kc1oNcccyMfi3Tt0sk4IHWrZ9T HTTP/1.1" 200 8056
2023-08-09 18:16:50,720 INFO basehttp: "GET /admin/app/draw/ HTTP/1.1" 200 12708
2023-08-09 18:16:50,806 INFO basehttp: "GET /admin/jsi18n/ HTTP/1.1" 200 3195
2023-08-09 18:16:54,773 INFO basehttp: "POST /admin/app/draw/ HTTP/1.1" 200 6310
2023-08-09 18:16:54,835 INFO basehttp: "GET /static/admin/js/cancel.js HTTP/1.1" 200 884
2023-08-09 18:16:55,974 INFO basehttp: "POST /admin/app/draw/ HTTP/1.1" 302 0
2023-08-09 18:16:56,067 INFO basehttp: "GET /admin/app/draw/ HTTP/1.1" 200 7672
2023-08-09 18:16:56,159 INFO basehttp: "GET /admin/jsi18n/ HTTP/1.1" 200 3195
2023-08-09 18:16:56,191 INFO basehttp: "GET /static/admin/img/icon-yes.svg HTTP/1.1" 304 0
2023-08-09 18:16:59,375 INFO basehttp: "GET /admin/ HTTP/1.1" 200 7446
2023-08-09 18:18:59,915 INFO basehttp: "GET /?csrfmiddlewaretoken=f4SCUwNehnHFGE3dTNT6N4dVt92RjT7v7Up0w8Kc1oNcccyMfi3Tt0sk4IHWrZ9T HTTP/1.1" 200 8056
2023-08-09 18:20:15,732 INFO basehttp: "GET /admin/app/draw/ HTTP/1.1" 200 7537
2023-08-09 18:20:15,854 INFO basehttp: "GET /admin/jsi18n/ HTTP/1.1" 200 3195
2023-08-09 18:54:53,310 INFO autoreload: Watching for file changes with StatReloader
2023-08-09 18:54:55,896 INFO basehttp: "GET /admin/ HTTP/1.1" 200 7446
2023-08-09 18:54:55,979 INFO basehttp: "GET /static/admin/css/base.css HTTP/1.1" 304 0
2023-08-09 18:54:55,986 INFO basehttp: "GET /static/admin/css/dashboard.css HTTP/1.1" 304 0
2023-08-09 18:54:55,993 INFO basehttp: "GET /static/admin/css/responsive.css HTTP/1.1" 304 0
2023-08-09 18:54:56,004 INFO basehttp: "GET /static/admin/css/nav_sidebar.css HTTP/1.1" 304 0
2023-08-09 18:54:56,012 INFO basehttp: "GET /static/admin/css/fonts.css HTTP/1.1" 304 0
2023-08-09 18:54:56,017 INFO basehttp: "GET /static/admin/js/nav_sidebar.js HTTP/1.1" 304 0
2023-08-09 18:54:56,048 INFO basehttp: "GET /static/admin/img/icon-changelink.svg HTTP/1.1" 304 0
2023-08-09 18:54:56,048 INFO basehttp: "GET /static/admin/img/icon-deletelink.svg HTTP/1.1" 304 0
2023-08-09 18:54:56,052 INFO basehttp: "GET /static/admin/img/icon-addlink.svg HTTP/1.1" 304 0
2023-08-09 18:54:58,601 INFO basehttp: "GET /admin/ HTTP/1.1" 200 7446
2023-08-09 18:55:07,051 INFO basehttp: "GET /admin/logout/ HTTP/1.1" 200 1532
2023-08-09 18:56:05,018 INFO basehttp: "GET / HTTP/1.1" 200 8056
2023-08-09 19:31:43,057 INFO autoreload: Watching for file changes with StatReloader
2023-08-09 19:32:42,476 INFO autoreload: Watching for file changes with StatReloader
2023-08-09 19:33:18,256 INFO basehttp: "GET / HTTP/1.1" 200 8056
2023-08-09 19:33:18,508 INFO basehttp: "GET /static/css/styles.css HTTP/1.1" 200 1127
2023-08-09 19:45:17,908 INFO autoreload: Watching for file changes with StatReloader
2023-08-09 19:45:22,691 INFO basehttp: "GET / HTTP/1.1" 200 8056
2023-08-09 19:45:23,121 INFO basehttp: "GET /static/img/favicon.ico/favicon-16x16.png HTTP/1.1" 200 1534
2023-08-09 19:45:24,864 INFO basehttp: "GET / HTTP/1.1" 200 8056
2023-08-09 19:45:27,974 INFO basehttp: "GET / HTTP/1.1" 200 8056
2023-08-09 19:45:29,237 INFO basehttp: "GET / HTTP/1.1" 200 8056
2023-08-09 19:51:49,560 INFO autoreload: Watching for file changes with StatReloader
2023-08-09 19:51:52,789 ERROR log: Internal Server Error: /
Traceback (most recent call last):
  File "/home/usrWheel/venv/lib/python3.9/site-packages/django/template/smartif.py", line 175, in translate_token
    op = OPERATORS[token]
KeyError: "{'name',"

During handling of the above exception, another exception occurred:

Traceback (most recent call last):
  File "/home/usrWheel/venv/lib/python3.9/site-packages/django/core/handlers/exception.py", line 47, in inner
    response = get_response(request)
  File "/home/usrWheel/venv/lib/python3.9/site-packages/django/core/handlers/base.py", line 181, in _get_response
    response = wrapped_callback(request, *callback_args, **callback_kwargs)
  File "/app/app/views.py", line 71, in index
    return render(request, 'index.html',
  File "/home/usrWheel/venv/lib/python3.9/site-packages/django/shortcuts.py", line 19, in render
    content = loader.render_to_string(template_name, context, request, using=using)
  File "/home/usrWheel/venv/lib/python3.9/site-packages/django/template/loader.py", line 61, in render_to_string
    template = get_template(template_name, using=using)
  File "/home/usrWheel/venv/lib/python3.9/site-packages/django/template/loader.py", line 15, in get_template
    return engine.get_template(template_name)
  File "/home/usrWheel/venv/lib/python3.9/site-packages/django/template/backends/django.py", line 34, in get_template
    return Template(self.engine.get_template(template_name), self)
  File "/home/usrWheel/venv/lib/python3.9/site-packages/django/template/engine.py", line 143, in get_template
    template, origin = self.find_template(template_name)
  File "/home/usrWheel/venv/lib/python3.9/site-packages/django/template/engine.py", line 125, in find_template
    template = loader.get_template(name, skip=skip)
  File "/home/usrWheel/venv/lib/python3.9/site-packages/django/template/loaders/base.py", line 29, in get_template
    return Template(
  File "/home/usrWheel/venv/lib/python3.9/site-packages/django/template/base.py", line 155, in __init__
    self.nodelist = self.compile_nodelist()
  File "/home/usrWheel/venv/lib/python3.9/site-packages/django/template/base.py", line 193, in compile_nodelist
    return parser.parse()
  File "/home/usrWheel/venv/lib/python3.9/site-packages/django/template/base.py", line 478, in parse
    raise self.error(token, e)
  File "/home/usrWheel/venv/lib/python3.9/site-packages/django/template/base.py", line 476, in parse
    compiled_result = compile_func(self, token)
  File "/home/usrWheel/venv/lib/python3.9/site-packages/django/template/loader_tags.py", line 278, in do_extends
    nodelist = parser.parse()
  File "/home/usrWheel/venv/lib/python3.9/site-packages/django/template/base.py", line 478, in parse
    raise self.error(token, e)
  File "/home/usrWheel/venv/lib/python3.9/site-packages/django/template/base.py", line 476, in parse
    compiled_result = compile_func(self, token)
  File "/home/usrWheel/venv/lib/python3.9/site-packages/django/template/loader_tags.py", line 216, in do_block
    nodelist = parser.parse(('endblock',))
  File "/home/usrWheel/venv/lib/python3.9/site-packages/django/template/base.py", line 478, in parse
    raise self.error(token, e)
  File "/home/usrWheel/venv/lib/python3.9/site-packages/django/template/base.py", line 476, in parse
    compiled_result = compile_func(self, token)
  File "/home/usrWheel/venv/lib/python3.9/site-packages/django/template/defaulttags.py", line 979, in do_if
    nodelist = parser.parse(('endif',))
  File "/home/usrWheel/venv/lib/python3.9/site-packages/django/template/base.py", line 478, in parse
    raise self.error(token, e)
  File "/home/usrWheel/venv/lib/python3.9/site-packages/django/template/base.py", line 476, in parse
    compiled_result = compile_func(self, token)
  File "/home/usrWheel/venv/lib/python3.9/site-packages/django/template/defaulttags.py", line 814, in do_for
    nodelist_loop = parser.parse(('empty', 'endfor',))
  File "/home/usrWheel/venv/lib/python3.9/site-packages/django/template/base.py", line 478, in parse
    raise self.error(token, e)
  File "/home/usrWheel/venv/lib/python3.9/site-packages/django/template/base.py", line 476, in parse
    compiled_result = compile_func(self, token)
  File "/home/usrWheel/venv/lib/python3.9/site-packages/django/template/defaulttags.py", line 964, in do_if
    condition = TemplateIfParser(parser, bits).parse()
  File "/home/usrWheel/venv/lib/python3.9/site-packages/django/template/defaulttags.py", line 897, in __init__
    super().__init__(*args, **kwargs)
  File "/home/usrWheel/venv/lib/python3.9/site-packages/django/template/smartif.py", line 166, in __init__
    mapped_tokens.append(self.translate_token(token))
  File "/home/usrWheel/venv/lib/python3.9/site-packages/django/template/smartif.py", line 177, in translate_token
    return self.create_var(token)
  File "/home/usrWheel/venv/lib/python3.9/site-packages/django/template/defaulttags.py", line 900, in create_var
    return TemplateLiteral(self.template_parser.compile_filter(value), value)
  File "/home/usrWheel/venv/lib/python3.9/site-packages/django/template/base.py", line 563, in compile_filter
    return FilterExpression(token, self)
  File "/home/usrWheel/venv/lib/python3.9/site-packages/django/template/base.py", line 662, in __init__
    raise TemplateSyntaxError("Could not parse the remainder: '%s' "
django.template.exceptions.TemplateSyntaxError: Could not parse the remainder: '{'name',' from '{'name','
2023-08-09 19:51:52,802 ERROR basehttp: "GET / HTTP/1.1" 500 225492
2023-08-09 19:51:53,042 WARNING log: Not Found: /favicon.ico
2023-08-09 19:51:53,052 WARNING basehttp: "GET /favicon.ico HTTP/1.1" 404 2619
2023-08-09 19:52:21,449 INFO basehttp: "GET / HTTP/1.1" 200 8311
2023-08-09 19:52:21,698 INFO basehttp: "GET /static/css/styles.css HTTP/1.1" 200 1127
2023-08-09 19:52:21,724 INFO basehttp: "GET /static/img/favicon.ico/android-icon-192x192.png HTTP/1.1" 200 17042
2023-08-09 19:52:36,125 INFO basehttp: "GET / HTTP/1.1" 200 8311
2023-08-09 19:53:04,718 INFO basehttp: "GET / HTTP/1.1" 200 8311
2023-08-09 19:53:42,744 INFO views: Draw_new with POST
2023-08-09 19:53:42,795 ERROR draw: UniqueCode matching query does not exist.
2023-08-09 19:53:42,808 INFO basehttp: "POST /draw HTTP/1.1" 200 6054
2023-08-09 19:57:09,493 INFO autoreload: Watching for file changes with StatReloader
2023-08-09 19:57:12,399 INFO views: Draw with GET for id 19
2023-08-09 19:57:12,406 INFO views: Prize 12, PREMIO 4, False
2023-08-09 19:57:12,451 INFO basehttp: "GET /19 HTTP/1.1" 200 6442
2023-08-09 20:04:02,493 INFO autoreload: Watching for file changes with StatReloader
2023-08-09 20:04:04,497 INFO basehttp: "GET /? HTTP/1.1" 200 8052
2023-08-09 20:04:42,708 ERROR log: Internal Server Error: /
Traceback (most recent call last):
  File "/home/usrWheel/venv/lib/python3.9/site-packages/django/template/smartif.py", line 175, in translate_token
    op = OPERATORS[token]
KeyError: "{'name',"

During handling of the above exception, another exception occurred:

Traceback (most recent call last):
  File "/home/usrWheel/venv/lib/python3.9/site-packages/django/core/handlers/exception.py", line 47, in inner
    response = get_response(request)
  File "/home/usrWheel/venv/lib/python3.9/site-packages/django/core/handlers/base.py", line 181, in _get_response
    response = wrapped_callback(request, *callback_args, **callback_kwargs)
  File "/app/app/views.py", line 71, in index
    return render(request, 'index.html',
  File "/home/usrWheel/venv/lib/python3.9/site-packages/django/shortcuts.py", line 19, in render
    content = loader.render_to_string(template_name, context, request, using=using)
  File "/home/usrWheel/venv/lib/python3.9/site-packages/django/template/loader.py", line 61, in render_to_string
    template = get_template(template_name, using=using)
  File "/home/usrWheel/venv/lib/python3.9/site-packages/django/template/loader.py", line 15, in get_template
    return engine.get_template(template_name)
  File "/home/usrWheel/venv/lib/python3.9/site-packages/django/template/backends/django.py", line 34, in get_template
    return Template(self.engine.get_template(template_name), self)
  File "/home/usrWheel/venv/lib/python3.9/site-packages/django/template/engine.py", line 143, in get_template
    template, origin = self.find_template(template_name)
  File "/home/usrWheel/venv/lib/python3.9/site-packages/django/template/engine.py", line 125, in find_template
    template = loader.get_template(name, skip=skip)
  File "/home/usrWheel/venv/lib/python3.9/site-packages/django/template/loaders/base.py", line 29, in get_template
    return Template(
  File "/home/usrWheel/venv/lib/python3.9/site-packages/django/template/base.py", line 155, in __init__
    self.nodelist = self.compile_nodelist()
  File "/home/usrWheel/venv/lib/python3.9/site-packages/django/template/base.py", line 193, in compile_nodelist
    return parser.parse()
  File "/home/usrWheel/venv/lib/python3.9/site-packages/django/template/base.py", line 478, in parse
    raise self.error(token, e)
  File "/home/usrWheel/venv/lib/python3.9/site-packages/django/template/base.py", line 476, in parse
    compiled_result = compile_func(self, token)
  File "/home/usrWheel/venv/lib/python3.9/site-packages/django/template/loader_tags.py", line 278, in do_extends
    nodelist = parser.parse()
  File "/home/usrWheel/venv/lib/python3.9/site-packages/django/template/base.py", line 478, in parse
    raise self.error(token, e)
  File "/home/usrWheel/venv/lib/python3.9/site-packages/django/template/base.py", line 476, in parse
    compiled_result = compile_func(self, token)
  File "/home/usrWheel/venv/lib/python3.9/site-packages/django/template/loader_tags.py", line 216, in do_block
    nodelist = parser.parse(('endblock',))
  File "/home/usrWheel/venv/lib/python3.9/site-packages/django/template/base.py", line 478, in parse
    raise self.error(token, e)
  File "/home/usrWheel/venv/lib/python3.9/site-packages/django/template/base.py", line 476, in parse
    compiled_result = compile_func(self, token)
  File "/home/usrWheel/venv/lib/python3.9/site-packages/django/template/defaulttags.py", line 979, in do_if
    nodelist = parser.parse(('endif',))
  File "/home/usrWheel/venv/lib/python3.9/site-packages/django/template/base.py", line 478, in parse
    raise self.error(token, e)
  File "/home/usrWheel/venv/lib/python3.9/site-packages/django/template/base.py", line 476, in parse
    compiled_result = compile_func(self, token)
  File "/home/usrWheel/venv/lib/python3.9/site-packages/django/template/defaulttags.py", line 814, in do_for
    nodelist_loop = parser.parse(('empty', 'endfor',))
  File "/home/usrWheel/venv/lib/python3.9/site-packages/django/template/base.py", line 478, in parse
    raise self.error(token, e)
  File "/home/usrWheel/venv/lib/python3.9/site-packages/django/template/base.py", line 476, in parse
    compiled_result = compile_func(self, token)
  File "/home/usrWheel/venv/lib/python3.9/site-packages/django/template/defaulttags.py", line 964, in do_if
    condition = TemplateIfParser(parser, bits).parse()
  File "/home/usrWheel/venv/lib/python3.9/site-packages/django/template/defaulttags.py", line 897, in __init__
    super().__init__(*args, **kwargs)
  File "/home/usrWheel/venv/lib/python3.9/site-packages/django/template/smartif.py", line 166, in __init__
    mapped_tokens.append(self.translate_token(token))
  File "/home/usrWheel/venv/lib/python3.9/site-packages/django/template/smartif.py", line 177, in translate_token
    return self.create_var(token)
  File "/home/usrWheel/venv/lib/python3.9/site-packages/django/template/defaulttags.py", line 900, in create_var
    return TemplateLiteral(self.template_parser.compile_filter(value), value)
  File "/home/usrWheel/venv/lib/python3.9/site-packages/django/template/base.py", line 563, in compile_filter
    return FilterExpression(token, self)
  File "/home/usrWheel/venv/lib/python3.9/site-packages/django/template/base.py", line 662, in __init__
    raise TemplateSyntaxError("Could not parse the remainder: '%s' "
django.template.exceptions.TemplateSyntaxError: Could not parse the remainder: '{'name',' from '{'name','
2023-08-09 20:04:42,717 ERROR basehttp: "GET /? HTTP/1.1" 500 225137
2023-08-09 20:04:42,935 WARNING log: Not Found: /favicon.ico
2023-08-09 20:04:42,983 WARNING basehttp: "GET /favicon.ico HTTP/1.1" 404 2619
2023-08-09 20:04:51,864 INFO basehttp: "GET /? HTTP/1.1" 200 8297
2023-08-09 20:05:10,574 INFO basehttp: "GET /? HTTP/1.1" 200 8340
2023-08-09 20:05:11,334 INFO basehttp: "GET /? HTTP/1.1" 200 8340
2023-08-09 20:07:13,217 INFO basehttp: "GET /? HTTP/1.1" 200 8340
2023-08-09 20:07:44,652 INFO views: Draw_new with POST
2023-08-09 20:07:44,754 ERROR log: Internal Server Error: /draw
Traceback (most recent call last):
  File "/home/usrWheel/venv/lib/python3.9/site-packages/django/db/backends/utils.py", line 84, in _execute
    return self.cursor.execute(sql, params)
  File "/home/usrWheel/venv/lib/python3.9/site-packages/django/db/backends/sqlite3/base.py", line 423, in execute
    return Database.Cursor.execute(self, query, params)
sqlite3.OperationalError: table app_draw has no column named ident

The above exception was the direct cause of the following exception:

Traceback (most recent call last):
  File "/home/usrWheel/venv/lib/python3.9/site-packages/django/core/handlers/exception.py", line 47, in inner
    response = get_response(request)
  File "/home/usrWheel/venv/lib/python3.9/site-packages/django/core/handlers/base.py", line 181, in _get_response
    response = wrapped_callback(request, *callback_args, **callback_kwargs)
  File "/app/app/views.py", line 41, in draw_spin
    instance.save()
  File "/home/usrWheel/venv/lib/python3.9/site-packages/django/db/models/base.py", line 726, in save
    self.save_base(using=using, force_insert=force_insert,
  File "/home/usrWheel/venv/lib/python3.9/site-packages/django/db/models/base.py", line 763, in save_base
    updated = self._save_table(
  File "/home/usrWheel/venv/lib/python3.9/site-packages/django/db/models/base.py", line 868, in _save_table
    results = self._do_insert(cls._base_manager, using, fields, returning_fields, raw)
  File "/home/usrWheel/venv/lib/python3.9/site-packages/django/db/models/base.py", line 906, in _do_insert
    return manager._insert(
  File "/home/usrWheel/venv/lib/python3.9/site-packages/django/db/models/manager.py", line 85, in manager_method
    return getattr(self.get_queryset(), name)(*args, **kwargs)
  File "/home/usrWheel/venv/lib/python3.9/site-packages/django/db/models/query.py", line 1270, in _insert
    return query.get_compiler(using=using).execute_sql(returning_fields)
  File "/home/usrWheel/venv/lib/python3.9/site-packages/django/db/models/sql/compiler.py", line 1416, in execute_sql
    cursor.execute(sql, params)
  File "/home/usrWheel/venv/lib/python3.9/site-packages/django/db/backends/utils.py", line 98, in execute
    return super().execute(sql, params)
  File "/home/usrWheel/venv/lib/python3.9/site-packages/django/db/backends/utils.py", line 66, in execute
    return self._execute_with_wrappers(sql, params, many=False, executor=self._execute)
  File "/home/usrWheel/venv/lib/python3.9/site-packages/django/db/backends/utils.py", line 75, in _execute_with_wrappers
    return executor(sql, params, many, context)
  File "/home/usrWheel/venv/lib/python3.9/site-packages/django/db/backends/utils.py", line 84, in _execute
    return self.cursor.execute(sql, params)
  File "/home/usrWheel/venv/lib/python3.9/site-packages/django/db/utils.py", line 90, in __exit__
    raise dj_exc_value.with_traceback(traceback) from exc_value
  File "/home/usrWheel/venv/lib/python3.9/site-packages/django/db/backends/utils.py", line 84, in _execute
    return self.cursor.execute(sql, params)
  File "/home/usrWheel/venv/lib/python3.9/site-packages/django/db/backends/sqlite3/base.py", line 423, in execute
    return Database.Cursor.execute(self, query, params)
django.db.utils.OperationalError: table app_draw has no column named ident
2023-08-09 20:07:44,760 ERROR basehttp: "POST /draw HTTP/1.1" 500 146743
2023-08-09 20:09:05,018 INFO autoreload: Watching for file changes with StatReloader
2023-08-09 20:09:08,156 INFO views: Draw_new with POST
2023-08-09 20:09:08,185 ERROR draw: UniqueCode matching query does not exist.
2023-08-09 20:09:08,216 INFO basehttp: "POST /draw HTTP/1.1" 200 6054
2023-08-09 20:09:17,364 INFO views: Draw with GET for id 20
2023-08-09 20:09:17,371 INFO views: Prize 2, NO LUCK ..., False
2023-08-09 20:09:17,391 INFO basehttp: "GET /20 HTTP/1.1" 200 6442
2023-08-09 20:09:21,889 INFO basehttp: "GET /?csrfmiddlewaretoken=rPjt6a168uztYGsy0cBGiYdz4G7HN2KOjFQRIMY4SvF0ueX7mHLtYUsYFfMMV8Mc HTTP/1.1" 200 8340
2023-08-09 20:09:32,036 INFO basehttp: "GET /admin/ HTTP/1.1" 302 0
2023-08-09 20:09:32,084 INFO basehttp: "GET /admin/login/?next=/admin/ HTTP/1.1" 200 2217
2023-08-09 20:09:32,235 INFO basehttp: "GET /static/admin/css/login.css HTTP/1.1" 200 939
2023-08-09 20:09:32,241 INFO basehttp: "GET /static/admin/css/nav_sidebar.css HTTP/1.1" 200 2271
2023-08-09 20:09:32,242 INFO basehttp: "GET /static/admin/css/base.css HTTP/1.1" 200 19513
2023-08-09 20:09:32,254 INFO basehttp: "GET /static/admin/css/responsive.css HTTP/1.1" 200 18545
2023-08-09 20:09:32,262 INFO basehttp: "GET /static/admin/js/nav_sidebar.js HTTP/1.1" 200 1360
2023-08-09 20:09:32,279 INFO basehttp: "GET /static/admin/css/fonts.css HTTP/1.1" 200 423
2023-08-09 20:09:32,337 INFO basehttp: "GET /static/admin/fonts/Roboto-Regular-webfont.woff HTTP/1.1" 200 85876
2023-08-09 20:09:32,341 INFO basehttp: "GET /static/admin/fonts/Roboto-Light-webfont.woff HTTP/1.1" 200 85692
2023-08-09 20:09:32,372 WARNING log: Not Found: /favicon.ico
2023-08-09 20:09:36,711 INFO basehttp: "POST /admin/login/?next=/admin/ HTTP/1.1" 302 0
2023-08-09 20:09:36,763 INFO basehttp: "GET /admin/ HTTP/1.1" 200 7446
2023-08-09 20:09:36,869 INFO basehttp: "GET /static/admin/css/dashboard.css HTTP/1.1" 200 380
2023-08-09 20:09:36,908 INFO basehttp: "GET /static/admin/img/icon-changelink.svg HTTP/1.1" 200 380
2023-08-09 20:09:36,910 INFO basehttp: "GET /static/admin/img/icon-deletelink.svg HTTP/1.1" 200 392
2023-08-09 20:09:36,918 INFO basehttp: "GET /static/admin/fonts/Roboto-Bold-webfont.woff HTTP/1.1" 200 86184
2023-08-09 20:09:36,920 INFO basehttp: "GET /static/admin/img/icon-addlink.svg HTTP/1.1" 200 331
2023-08-09 20:09:39,312 INFO basehttp: "GET /admin/app/uniquecode/ HTTP/1.1" 200 8799
2023-08-09 20:09:39,405 INFO basehttp: "GET /static/admin/css/changelists.css HTTP/1.1" 200 6874
2023-08-09 20:09:39,406 INFO basehttp: "GET /static/admin/img/icon-no.svg HTTP/1.1" 200 560
2023-08-09 20:09:39,408 INFO basehttp: "GET /static/admin/js/jquery.init.js HTTP/1.1" 200 347
2023-08-09 20:09:39,451 INFO basehttp: "GET /admin/jsi18n/ HTTP/1.1" 200 3195
2023-08-09 20:09:39,504 INFO basehttp: "GET /static/admin/js/core.js HTTP/1.1" 200 5698
2023-08-09 20:09:39,504 INFO basehttp: "GET /static/admin/js/vendor/jquery/jquery.js HTTP/1.1" 200 287630
2023-08-09 20:09:39,531 INFO basehttp: "GET /static/admin/js/actions.js HTTP/1.1" 200 7664
2023-08-09 20:09:39,548 INFO basehttp: "GET /static/admin/js/urlify.js HTTP/1.1" 200 7902
2023-08-09 20:09:39,550 INFO basehttp: "GET /static/admin/js/admin/RelatedObjectLookups.js HTTP/1.1" 200 5984
2023-08-09 20:09:39,555 INFO basehttp: "GET /static/admin/js/prepopulate.js HTTP/1.1" 200 1531
2023-08-09 20:09:39,640 INFO basehttp: "GET /static/admin/js/vendor/xregexp/xregexp.js HTTP/1.1" 200 232381
2023-08-09 20:09:39,719 INFO basehttp: "GET /static/admin/img/tooltag-add.svg HTTP/1.1" 200 331
2023-08-09 20:09:43,968 INFO basehttp: "POST /admin/app/uniquecode/ HTTP/1.1" 200 5627
2023-08-09 20:09:44,083 INFO basehttp: "GET /static/admin/js/cancel.js HTTP/1.1" 200 884
2023-08-09 20:09:45,148 INFO basehttp: "POST /admin/app/uniquecode/ HTTP/1.1" 302 0
2023-08-09 20:09:45,225 INFO basehttp: "GET /admin/app/uniquecode/ HTTP/1.1" 200 6886
2023-08-09 20:09:45,340 INFO basehttp: "GET /admin/jsi18n/ HTTP/1.1" 200 3195
2023-08-09 20:09:45,385 INFO basehttp: "GET /static/admin/img/icon-yes.svg HTTP/1.1" 200 436
2023-08-09 20:09:46,468 INFO basehttp: "GET /admin/app/uniquecode/ HTTP/1.1" 200 6745
2023-08-09 20:09:46,552 INFO basehttp: "GET /admin/jsi18n/ HTTP/1.1" 200 3195
2023-08-09 20:09:48,381 INFO basehttp: "GET /admin/app/uniquecode/add/ HTTP/1.1" 200 8142
2023-08-09 20:09:48,488 INFO basehttp: "GET /static/admin/js/prepopulate_init.js HTTP/1.1" 200 492
2023-08-09 20:09:48,489 INFO basehttp: "GET /static/admin/js/change_form.js HTTP/1.1" 200 606
2023-08-09 20:09:48,491 INFO basehttp: "GET /static/admin/css/forms.css HTTP/1.1" 200 8804
2023-08-09 20:09:48,523 INFO basehttp: "GET /static/admin/css/widgets.css HTTP/1.1" 200 11097
2023-08-09 20:09:48,538 INFO basehttp: "GET /admin/jsi18n/ HTTP/1.1" 200 3195
2023-08-09 20:09:53,684 INFO basehttp: "POST /admin/app/uniquecode/add/ HTTP/1.1" 302 0
2023-08-09 20:09:53,829 INFO basehttp: "GET /admin/app/uniquecode/ HTTP/1.1" 200 9024
2023-08-09 20:09:53,969 INFO basehttp: "GET /admin/jsi18n/ HTTP/1.1" 200 3195
2023-08-09 20:10:04,556 INFO basehttp: "GET / HTTP/1.1" 200 8340
2023-08-09 20:10:04,690 INFO basehttp: "GET /static/css/styles.css HTTP/1.1" 200 1127
2023-08-09 20:10:10,353 INFO basehttp: "GET /admin/app/uniquecode/26/change/ HTTP/1.1" 200 8409
2023-08-09 20:10:10,473 INFO basehttp: "GET /admin/jsi18n/ HTTP/1.1" 200 3195
2023-08-09 20:10:30,925 INFO views: Draw_new with POST
2023-08-09 20:10:30,996 INFO basehttp: "POST /draw HTTP/1.1" 200 6054
2023-08-09 20:10:40,168 INFO views: Draw with GET for id 21
2023-08-09 20:10:40,177 INFO views: Prize 5, 5% OFF, True
2023-08-09 20:10:40,191 INFO basehttp: "GET /21 HTTP/1.1" 200 7185
2023-08-09 20:11:05,994 INFO views: Draw with GET for id 21
2023-08-09 20:11:06,009 INFO views: Prize 5, 5% OFF, True
2023-08-09 20:11:06,024 INFO basehttp: "GET /21 HTTP/1.1" 200 7185
2023-08-09 20:11:14,997 INFO basehttp: "GET /?csrfmiddlewaretoken=TrZ2gxuDf3Z0qvRiyoI21mogDtymc5yNzR4uGKKO9Hbpx7qkEc3ELntqiPGq4elU HTTP/1.1" 200 8340
2023-08-09 20:12:11,181 INFO autoreload: /app/app/migrations/0001_initial.py changed, reloading.
2023-08-09 20:12:13,592 INFO autoreload: Watching for file changes with StatReloader
2023-08-09 20:12:34,747 INFO autoreload: /app/app/migrations/0001_initial.py changed, reloading.
2023-08-09 20:12:36,337 INFO autoreload: Watching for file changes with StatReloader
2023-08-09 20:20:38,732 INFO autoreload: Watching for file changes with StatReloader
2023-08-09 20:20:50,748 INFO autoreload: Watching for file changes with StatReloader
2023-08-09 20:21:02,650 INFO autoreload: /app/app/migrations/0001_initial.py changed, reloading.
2023-08-09 20:21:04,024 INFO autoreload: Watching for file changes with StatReloader
2023-08-09 20:21:37,082 INFO autoreload: Watching for file changes with StatReloader
2023-08-09 20:21:53,949 INFO basehttp: "GET /admin/app/uniquecode/26/change/ HTTP/1.1" 200 8414
2023-08-09 20:21:54,072 INFO basehttp: "GET /static/admin/css/nav_sidebar.css HTTP/1.1" 304 0
2023-08-09 20:21:54,088 INFO basehttp: "GET /static/admin/css/base.css HTTP/1.1" 304 0
2023-08-09 20:21:54,089 INFO basehttp: "GET /static/admin/js/nav_sidebar.js HTTP/1.1" 304 0
2023-08-09 20:21:54,100 INFO basehttp: "GET /static/admin/js/jquery.init.js HTTP/1.1" 304 0
2023-08-09 20:21:54,104 INFO basehttp: "GET /static/admin/js/vendor/jquery/jquery.js HTTP/1.1" 304 0
2023-08-09 20:21:54,105 INFO basehttp: "GET /static/admin/css/forms.css HTTP/1.1" 304 0
2023-08-09 20:21:54,135 INFO basehttp: "GET /static/admin/js/actions.js HTTP/1.1" 304 0
2023-08-09 20:21:54,136 INFO basehttp: "GET /static/admin/js/core.js HTTP/1.1" 304 0
2023-08-09 20:21:54,137 INFO basehttp: "GET /static/admin/js/prepopulate.js HTTP/1.1" 304 0
2023-08-09 20:21:54,148 INFO basehttp: "GET /static/admin/js/admin/RelatedObjectLookups.js HTTP/1.1" 304 0
2023-08-09 20:21:54,154 INFO basehttp: "GET /static/admin/js/urlify.js HTTP/1.1" 304 0
2023-08-09 20:21:54,172 INFO basehttp: "GET /static/admin/js/vendor/xregexp/xregexp.js HTTP/1.1" 304 0
2023-08-09 20:21:54,179 INFO basehttp: "GET /static/admin/js/change_form.js HTTP/1.1" 304 0
2023-08-09 20:21:54,194 INFO basehttp: "GET /static/admin/js/prepopulate_init.js HTTP/1.1" 304 0
2023-08-09 20:21:54,197 INFO basehttp: "GET /static/admin/css/fonts.css HTTP/1.1" 304 0
2023-08-09 20:21:54,180 INFO basehttp: "GET /static/admin/css/responsive.css HTTP/1.1" 304 0
2023-08-09 20:21:54,206 INFO basehttp: "GET /static/admin/css/widgets.css HTTP/1.1" 304 0
2023-08-09 20:21:54,210 INFO basehttp: "GET /admin/jsi18n/ HTTP/1.1" 200 3195
2023-08-09 20:21:54,279 INFO basehttp: "GET /static/admin/img/icon-addlink.svg HTTP/1.1" 304 0
2023-08-09 20:21:54,280 INFO basehttp: "GET /static/admin/img/icon-changelink.svg HTTP/1.1" 304 0
2023-08-09 20:21:54,351 WARNING log: Not Found: /favicon.ico
2023-08-09 20:21:54,354 WARNING basehttp: "GET /favicon.ico HTTP/1.1" 404 2619
2023-08-09 20:21:57,542 INFO basehttp: "GET /?csrfmiddlewaretoken=TrZ2gxuDf3Z0qvRiyoI21mogDtymc5yNzR4uGKKO9Hbpx7qkEc3ELntqiPGq4elU HTTP/1.1" 200 8340
2023-08-09 20:23:03,248 INFO basehttp: "GET /admin/app/draw/ HTTP/1.1" 200 11141
2023-08-09 20:23:03,344 INFO basehttp: "GET /static/admin/css/changelists.css HTTP/1.1" 304 0
2023-08-09 20:23:03,346 INFO basehttp: "GET /static/admin/img/icon-no.svg HTTP/1.1" 304 0
2023-08-09 20:23:03,361 INFO basehttp: "GET /admin/jsi18n/ HTTP/1.1" 200 3195
2023-08-09 20:23:03,411 INFO basehttp: "GET /static/admin/img/tooltag-add.svg HTTP/1.1" 304 0
2023-08-09 20:23:03,470 INFO basehttp: "GET /static/admin/img/search.svg HTTP/1.1" 200 458
2023-08-09 20:23:03,512 WARNING log: Not Found: /favicon.ico
2023-08-09 20:23:03,515 WARNING basehttp: "GET /favicon.ico HTTP/1.1" 404 2619
2023-08-09 20:23:05,971 INFO basehttp: "GET /?csrfmiddlewaretoken=TrZ2gxuDf3Z0qvRiyoI21mogDtymc5yNzR4uGKKO9Hbpx7qkEc3ELntqiPGq4elU HTTP/1.1" 200 8340
2023-08-09 20:23:37,289 INFO basehttp: "POST /admin/app/draw/ HTTP/1.1" 200 5888
2023-08-09 20:23:37,381 INFO basehttp: "GET /static/admin/js/cancel.js HTTP/1.1" 304 0
2023-08-09 20:23:38,538 INFO basehttp: "POST /admin/app/draw/ HTTP/1.1" 302 0
2023-08-09 20:23:38,617 INFO basehttp: "GET /admin/app/draw/ HTTP/1.1" 200 7672
2023-08-09 20:23:38,711 INFO basehttp: "GET /admin/jsi18n/ HTTP/1.1" 200 3195
2023-08-09 20:23:38,744 INFO basehttp: "GET /static/admin/img/icon-yes.svg HTTP/1.1" 304 0
2023-08-09 20:23:41,589 INFO basehttp: "GET /admin/app/draw/ HTTP/1.1" 200 7537
2023-08-09 20:23:41,672 INFO basehttp: "GET /admin/jsi18n/ HTTP/1.1" 200 3195
2023-08-09 20:23:42,626 INFO basehttp: "GET /admin/app/uniquecode/ HTTP/1.1" 200 8803
2023-08-09 20:23:42,715 INFO basehttp: "GET /admin/jsi18n/ HTTP/1.1" 200 3195
2023-08-09 20:23:46,303 INFO basehttp: "POST /admin/app/uniquecode/ HTTP/1.1" 200 5628
2023-08-09 20:23:47,588 INFO basehttp: "POST /admin/app/uniquecode/ HTTP/1.1" 302 0
2023-08-09 20:23:47,705 INFO basehttp: "GET /admin/app/uniquecode/ HTTP/1.1" 200 6886
2023-08-09 20:23:47,787 INFO basehttp: "GET /admin/jsi18n/ HTTP/1.1" 200 3195
2023-08-09 20:48:00,536 INFO autoreload: Watching for file changes with StatReloader
2023-08-09 20:48:04,905 INFO basehttp: "GET /?csrfmiddlewaretoken=TrZ2gxuDf3Z0qvRiyoI21mogDtymc5yNzR4uGKKO9Hbpx7qkEc3ELntqiPGq4elU HTTP/1.1" 200 8340
2023-08-09 20:48:25,594 INFO basehttp: "GET / HTTP/1.1" 200 8340
2023-08-09 20:55:22,135 INFO autoreload: Watching for file changes with StatReloader
2023-08-09 20:57:01,948 INFO basehttp: "GET / HTTP/1.1" 200 8340
2023-08-09 20:57:02,014 INFO basehttp: "GET /static/css/styles.css HTTP/1.1" 200 1055
2023-08-09 20:57:02,033 INFO basehttp: "GET /static/js/confetti.js HTTP/1.1" 200 7222
2023-08-09 20:57:02,042 INFO basehttp: "GET /static/js/script.js HTTP/1.1" 200 4688
2023-08-09 20:57:02,669 INFO basehttp: "GET /static/img/outwheel.png HTTP/1.1" 200 440976
2023-08-09 20:57:02,717 INFO basehttp: "GET /static/media/roulette.mp3 HTTP/1.1" 200 95433
2023-08-09 20:57:02,720 INFO basehttp: "GET /static/img/wheel.png HTTP/1.1" 200 407425
2023-08-09 20:57:02,781 INFO basehttp: "GET /static/img/favicon.ico/favicon-16x16.png HTTP/1.1" 200 1534
2023-08-09 20:57:02,785 INFO basehttp: "GET /static/img/favicon.ico/android-icon-192x192.png HTTP/1.1" 200 17042
2023-08-09 20:57:24,373 INFO basehttp: "GET / HTTP/1.1" 200 8340
2023-08-09 21:21:35,816 INFO basehttp: "GET / HTTP/1.1" 200 8340
2023-08-09 21:21:35,889 INFO basehttp: "GET /static/css/styles.css HTTP/1.1" 200 1055
2023-08-09 21:21:35,913 INFO basehttp: "GET /static/js/confetti.js HTTP/1.1" 200 7222
2023-08-09 21:21:35,918 INFO basehttp: "GET /static/js/script.js HTTP/1.1" 200 4688
2023-08-09 21:21:36,008 INFO basehttp: "GET /static/img/wheel.png HTTP/1.1" 304 0
2023-08-09 21:21:36,010 INFO basehttp: "GET /static/img/outwheel.png HTTP/1.1" 304 0
2023-08-09 21:21:36,028 INFO basehttp: "GET /static/media/roulette.mp3 HTTP/1.1" 200 95433
2023-08-09 21:21:36,104 INFO basehttp: "GET /static/img/favicon.ico/android-icon-192x192.png HTTP/1.1" 200 17042
2023-08-09 21:21:36,113 INFO basehttp: "GET /static/img/favicon.ico/favicon-16x16.png HTTP/1.1" 200 1534
2023-08-09 21:21:40,861 INFO basehttp: "GET /admin HTTP/1.1" 301 0
2023-08-09 21:21:40,939 INFO basehttp: "GET /admin/ HTTP/1.1" 302 0
2023-08-09 21:21:41,012 INFO basehttp: "GET /admin/login/?next=/admin/ HTTP/1.1" 200 2217
2023-08-09 21:21:41,085 INFO basehttp: "GET /static/admin/css/base.css HTTP/1.1" 200 19513
2023-08-09 21:21:41,086 INFO basehttp: "GET /static/admin/css/nav_sidebar.css HTTP/1.1" 200 2271
2023-08-09 21:21:41,097 INFO basehttp: "GET /static/admin/js/nav_sidebar.js HTTP/1.1" 200 1360
2023-08-09 21:21:41,115 INFO basehttp: "GET /static/admin/css/login.css HTTP/1.1" 200 939
2023-08-09 21:21:41,118 INFO basehttp: "GET /static/admin/css/responsive.css HTTP/1.1" 200 18545
2023-08-09 21:21:41,126 INFO basehttp: "GET /static/admin/css/fonts.css HTTP/1.1" 200 423
2023-08-09 21:21:41,188 INFO basehttp: "GET /static/admin/fonts/Roboto-Regular-webfont.woff HTTP/1.1" 200 85876
2023-08-09 21:21:41,218 INFO basehttp: "GET /static/admin/fonts/Roboto-Light-webfont.woff HTTP/1.1" 200 85692
2023-08-09 21:21:41,251 WARNING log: Not Found: /favicon.ico
2023-08-09 21:21:41,253 WARNING basehttp: "GET /favicon.ico HTTP/1.1" 404 2622
2023-08-09 21:21:45,602 INFO basehttp: "POST /admin/login/?next=/admin/ HTTP/1.1" 302 0
2023-08-09 21:21:45,676 INFO basehttp: "GET /admin/ HTTP/1.1" 200 7469
2023-08-09 21:21:45,757 INFO basehttp: "GET /static/admin/css/dashboard.css HTTP/1.1" 200 380
2023-08-09 21:21:45,821 INFO basehttp: "GET /static/admin/img/icon-addlink.svg HTTP/1.1" 200 331
2023-08-09 21:21:45,832 INFO basehttp: "GET /static/admin/img/icon-changelink.svg HTTP/1.1" 200 380
2023-08-09 21:21:45,834 INFO basehttp: "GET /static/admin/img/icon-deletelink.svg HTTP/1.1" 200 392
2023-08-09 21:21:45,850 INFO basehttp: "GET /static/admin/fonts/Roboto-Bold-webfont.woff HTTP/1.1" 200 86184
2023-08-09 21:21:47,569 INFO basehttp: "GET /admin/app/uniquecode/ HTTP/1.1" 200 6745
2023-08-09 21:21:47,634 INFO basehttp: "GET /static/admin/css/changelists.css HTTP/1.1" 200 6874
2023-08-09 21:21:47,642 INFO basehttp: "GET /admin/jsi18n/ HTTP/1.1" 200 3195
2023-08-09 21:21:47,649 INFO basehttp: "GET /static/admin/js/vendor/jquery/jquery.js HTTP/1.1" 200 287630
2023-08-09 21:21:47,697 INFO basehttp: "GET /static/admin/js/jquery.init.js HTTP/1.1" 200 347
2023-08-09 21:21:47,709 INFO basehttp: "GET /static/admin/js/admin/RelatedObjectLookups.js HTTP/1.1" 200 5984
2023-08-09 21:21:47,710 INFO basehttp: "GET /static/admin/js/core.js HTTP/1.1" 200 5698
2023-08-09 21:21:47,716 INFO basehttp: "GET /static/admin/js/actions.js HTTP/1.1" 200 7664
2023-08-09 21:21:47,719 INFO basehttp: "GET /static/admin/js/urlify.js HTTP/1.1" 200 7902
2023-08-09 21:21:47,719 INFO basehttp: "GET /static/admin/js/prepopulate.js HTTP/1.1" 200 1531
2023-08-09 21:21:47,752 INFO basehttp: "GET /static/admin/js/vendor/xregexp/xregexp.js HTTP/1.1" 200 232381
2023-08-09 21:21:47,851 INFO basehttp: "GET /static/admin/img/tooltag-add.svg HTTP/1.1" 200 331
2023-08-09 21:21:49,690 INFO basehttp: "GET /admin/app/uniquecode/add/ HTTP/1.1" 200 8142
2023-08-09 21:21:49,756 INFO basehttp: "GET /static/admin/css/forms.css HTTP/1.1" 200 8804
2023-08-09 21:21:49,769 INFO basehttp: "GET /admin/jsi18n/ HTTP/1.1" 200 3195
2023-08-09 21:21:49,812 INFO basehttp: "GET /static/admin/js/change_form.js HTTP/1.1" 200 606
2023-08-09 21:21:49,820 INFO basehttp: "GET /static/admin/js/prepopulate_init.js HTTP/1.1" 200 492
2023-08-09 21:21:49,823 INFO basehttp: "GET /static/admin/css/widgets.css HTTP/1.1" 200 11097
2023-08-09 21:21:56,918 INFO basehttp: "POST /admin/app/uniquecode/add/ HTTP/1.1" 302 0
2023-08-09 21:21:57,018 INFO basehttp: "GET /admin/app/uniquecode/ HTTP/1.1" 200 9019
2023-08-09 21:21:57,124 INFO basehttp: "GET /admin/jsi18n/ HTTP/1.1" 200 3195
2023-08-09 21:21:57,199 INFO basehttp: "GET /static/admin/img/icon-no.svg HTTP/1.1" 200 560
2023-08-09 21:21:57,241 INFO basehttp: "GET /static/admin/img/icon-yes.svg HTTP/1.1" 200 436
2023-08-09 21:22:01,138 INFO basehttp: "GET /admin/app/uniquecode/add/ HTTP/1.1" 200 8142
2023-08-09 21:22:01,214 INFO basehttp: "GET /admin/jsi18n/ HTTP/1.1" 200 3195
2023-08-09 21:22:02,696 INFO basehttp: "POST /admin/app/uniquecode/add/ HTTP/1.1" 302 0
2023-08-09 21:22:02,792 INFO basehttp: "GET /admin/app/uniquecode/ HTTP/1.1" 200 9526
2023-08-09 21:22:02,913 INFO basehttp: "GET /admin/jsi18n/ HTTP/1.1" 200 3195
2023-08-09 21:22:03,809 INFO basehttp: "GET /admin/app/uniquecode/add/ HTTP/1.1" 200 8142
2023-08-09 21:22:03,888 INFO basehttp: "GET /admin/jsi18n/ HTTP/1.1" 200 3195
2023-08-09 21:22:04,855 INFO basehttp: "POST /admin/app/uniquecode/add/ HTTP/1.1" 302 0
2023-08-09 21:22:04,956 INFO basehttp: "GET /admin/app/uniquecode/ HTTP/1.1" 200 10032
2023-08-09 21:22:05,004 INFO basehttp: "GET /admin/jsi18n/ HTTP/1.1" 200 3195
2023-08-09 21:22:05,855 INFO basehttp: "GET /admin/app/uniquecode/add/ HTTP/1.1" 200 8142
2023-08-09 21:22:05,943 INFO basehttp: "GET /admin/jsi18n/ HTTP/1.1" 200 3195
2023-08-09 21:22:06,766 INFO basehttp: "POST /admin/app/uniquecode/add/ HTTP/1.1" 302 0
2023-08-09 21:22:06,896 INFO basehttp: "GET /admin/app/uniquecode/ HTTP/1.1" 200 10538
2023-08-09 21:22:06,974 INFO basehttp: "GET /admin/jsi18n/ HTTP/1.1" 200 3195
2023-08-09 21:22:26,856 INFO basehttp: "GET /admin/app/uniquecode/add/ HTTP/1.1" 200 8142
2023-08-09 21:22:26,939 INFO basehttp: "GET /admin/jsi18n/ HTTP/1.1" 200 3195
2023-08-09 21:22:28,054 INFO basehttp: "POST /admin/app/uniquecode/add/ HTTP/1.1" 302 0
2023-08-09 21:22:28,167 INFO basehttp: "GET /admin/app/uniquecode/ HTTP/1.1" 200 11044
2023-08-09 21:22:28,262 INFO basehttp: "GET /admin/jsi18n/ HTTP/1.1" 200 3195
2023-08-09 21:22:32,035 INFO basehttp: "GET /admin/app/uniquecode/add/ HTTP/1.1" 200 8142
2023-08-09 21:22:32,106 INFO basehttp: "GET /admin/jsi18n/ HTTP/1.1" 200 3195
2023-08-09 21:22:33,152 INFO basehttp: "POST /admin/app/uniquecode/add/ HTTP/1.1" 302 0
2023-08-09 21:22:33,254 INFO basehttp: "GET /admin/app/uniquecode/ HTTP/1.1" 200 11550
2023-08-09 21:22:33,319 INFO basehttp: "GET /admin/jsi18n/ HTTP/1.1" 200 3195
2023-08-09 21:22:34,113 INFO basehttp: "GET /admin/app/uniquecode/add/ HTTP/1.1" 200 8142
2023-08-09 21:22:34,193 INFO basehttp: "GET /admin/jsi18n/ HTTP/1.1" 200 3195
2023-08-09 21:22:34,880 INFO basehttp: "POST /admin/app/uniquecode/add/ HTTP/1.1" 302 0
2023-08-09 21:22:34,996 INFO basehttp: "GET /admin/app/uniquecode/ HTTP/1.1" 200 12056
2023-08-09 21:22:35,076 INFO basehttp: "GET /admin/jsi18n/ HTTP/1.1" 200 3195
2023-08-09 21:22:40,461 INFO basehttp: "GET /admin/app/uniquecode/add/ HTTP/1.1" 200 8142
2023-08-09 21:22:40,536 INFO basehttp: "GET /admin/jsi18n/ HTTP/1.1" 200 3195
2023-08-09 21:22:41,997 INFO basehttp: "POST /admin/app/uniquecode/add/ HTTP/1.1" 302 0
2023-08-09 21:22:42,109 INFO basehttp: "GET /admin/app/uniquecode/ HTTP/1.1" 200 12562
2023-08-09 21:22:42,185 INFO basehttp: "GET /admin/jsi18n/ HTTP/1.1" 200 3195
2023-08-09 21:24:45,803 INFO basehttp: "GET /static/admin/img/icon-yes.svg HTTP/1.1" 304 0
2023-08-09 21:57:47,176 INFO basehttp: "GET /admin/logout/ HTTP/1.1" 200 1532
2023-08-09 21:57:47,239 INFO basehttp: "GET /static/admin/css/base.css HTTP/1.1" 304 0
2023-08-09 21:57:47,248 INFO basehttp: "GET /static/admin/css/nav_sidebar.css HTTP/1.1" 304 0
2023-08-09 21:57:47,254 INFO basehttp: "GET /static/admin/js/nav_sidebar.js HTTP/1.1" 304 0
2023-08-09 21:57:47,255 INFO basehttp: "GET /static/admin/css/responsive.css HTTP/1.1" 304 0
2023-08-09 21:57:47,310 INFO basehttp: "GET /static/admin/css/fonts.css HTTP/1.1" 304 0
2023-08-09 21:58:19,765 INFO basehttp: "GET / HTTP/1.1" 200 8340
2023-08-09 21:58:19,846 INFO basehttp: "GET /static/js/confetti.js HTTP/1.1" 200 7222
2023-08-09 21:58:19,850 INFO basehttp: "GET /static/js/script.js HTTP/1.1" 200 4688
2023-08-09 21:58:20,044 INFO basehttp: "GET /static/img/favicon.ico/android-icon-192x192.png HTTP/1.1" 200 17042
2023-08-09 21:58:20,052 INFO basehttp: "GET /static/img/favicon.ico/favicon-16x16.png HTTP/1.1" 200 1534
2023-08-09 21:58:20,075 INFO basehttp: "GET /static/media/roulette.mp3 HTTP/1.1" 200 95433
2023-08-09 21:59:29,809 INFO basehttp: "GET / HTTP/1.1" 200 8340
2023-08-09 21:59:29,858 INFO basehttp: "GET /static/css/styles.css HTTP/1.1" 200 1055
2023-08-09 21:59:29,867 INFO basehttp: "GET /static/js/script.js HTTP/1.1" 200 4688
2023-08-09 21:59:29,868 INFO basehttp: "GET /static/js/confetti.js HTTP/1.1" 200 7222
2023-08-09 21:59:30,435 INFO basehttp: "GET /static/img/wheel.png HTTP/1.1" 200 407425
2023-08-09 21:59:30,447 INFO basehttp: "GET /static/media/roulette.mp3 HTTP/1.1" 200 95433
2023-08-09 21:59:30,450 INFO basehttp: "GET /static/img/outwheel.png HTTP/1.1" 200 440976
2023-08-09 21:59:30,594 INFO basehttp: "GET /static/img/favicon.ico/android-icon-192x192.png HTTP/1.1" 200 17042
2023-08-09 21:59:30,595 INFO basehttp: "GET /static/img/favicon.ico/favicon-96x96.png HTTP/1.1" 200 8699
2023-08-09 21:59:30,603 INFO basehttp: "GET /static/img/favicon.ico/favicon-32x32.png HTTP/1.1" 200 2438
2023-08-09 21:59:30,604 INFO basehttp: "GET /static/img/favicon.ico/favicon-16x16.png HTTP/1.1" 200 1534
2023-08-09 22:00:01,749 INFO views: Draw_new with POST
2023-08-09 22:00:01,760 ERROR draw: UniqueCode matching query does not exist.
2023-08-09 22:00:01,766 INFO basehttp: "POST /draw HTTP/1.1" 200 6053
2023-08-09 22:00:01,818 INFO basehttp: "GET /static/media/roulette.mp3 HTTP/1.1" 200 95433
2023-08-09 22:00:10,822 INFO views: Draw with GET for id 22
2023-08-09 22:00:10,823 INFO views: Prize 9, PS5, False
2023-08-09 22:00:10,829 INFO basehttp: "GET /22 HTTP/1.1" 200 6440
2023-08-09 22:00:10,880 INFO basehttp: "GET /static/media/roulette.mp3 HTTP/1.1" 200 95433
2023-08-09 22:00:18,458 INFO basehttp: "GET /?csrfmiddlewaretoken=jqKDGhRGnNheXRjbYwoiPrQdBuI6TAJrF12FFSxuRzDKV9ntlalOmXjHa4ZOJ4vR HTTP/1.1" 200 8340
2023-08-09 22:00:18,506 INFO basehttp: "GET /static/media/roulette.mp3 HTTP/1.1" 200 95433
2023-08-09 22:00:42,461 INFO views: Draw_new with POST
2023-08-09 22:00:42,476 ERROR draw: UniqueCode matching query does not exist.
2023-08-09 22:00:42,482 INFO basehttp: "POST /draw HTTP/1.1" 200 6053
2023-08-09 22:00:42,533 INFO basehttp: "GET /static/media/roulette.mp3 HTTP/1.1" 200 95433
2023-08-09 22:00:51,552 INFO views: Draw with GET for id 23
2023-08-09 22:00:51,553 INFO views: Prize 12, PREMIO 4, False
2023-08-09 22:00:51,559 INFO basehttp: "GET /23 HTTP/1.1" 200 6440
2023-08-09 22:00:51,607 INFO basehttp: "GET /static/media/roulette.mp3 HTTP/1.1" 200 95433
2023-08-09 22:00:55,711 INFO basehttp: "GET /?csrfmiddlewaretoken=hc0AwKSSUqy2p9FhwYDcHcKPdWokvozmDNiCvlyGocUynrJzTCAIeIdjMwF2lSlM HTTP/1.1" 200 8340
2023-08-09 22:00:55,757 INFO basehttp: "GET /static/media/roulette.mp3 HTTP/1.1" 200 95433
2023-08-09 22:43:01,097 WARNING log: Not Found: /.git/config
2023-08-09 22:43:01,097 WARNING basehttp: "GET /.git/config HTTP/1.1" 404 2631
2023-08-09 22:56:21,083 INFO views: Draw_new with POST
2023-08-09 22:56:21,087 ERROR draw: UniqueCode matching query does not exist.
2023-08-09 22:56:21,088 WARNING views: invalid form else => False <ul class="errorlist"><li>name<ul class="errorlist"><li>This field is required.</li></ul></li><li>phone<ul class="errorlist"><li>This field is required.</li></ul></li><li>ident<ul class="errorlist"><li>This field is required.</li></ul></li><li>code<ul class="errorlist"><li>¡Código no válido o caducado!</li></ul></li></ul>
2023-08-09 22:56:21,095 ERROR draw: UniqueCode matching query does not exist.
2023-08-09 22:56:21,102 INFO basehttp: "POST /draw HTTP/1.1" 200 8810
2023-08-09 22:56:21,227 INFO basehttp: "GET /static/css/styles.css HTTP/1.1" 200 1055
2023-08-09 22:56:21,674 INFO basehttp: "GET /static/media/roulette.mp3 HTTP/1.1" 200 95433
2023-08-09 22:56:37,123 INFO views: Draw_new with POST
2023-08-09 22:56:37,126 ERROR draw: UniqueCode matching query does not exist.
2023-08-09 22:56:37,126 WARNING views: invalid form else => False <ul class="errorlist"><li>code<ul class="errorlist"><li>¡Código no válido o caducado!</li></ul></li></ul>
2023-08-09 22:56:37,133 ERROR draw: UniqueCode matching query does not exist.
2023-08-09 22:56:37,139 INFO basehttp: "POST /draw HTTP/1.1" 200 8538
2023-08-09 22:56:55,846 INFO views: Draw_new with POST
2023-08-09 22:56:55,876 ERROR draw: UniqueCode matching query does not exist.
2023-08-09 22:56:55,882 INFO basehttp: "POST /draw HTTP/1.1" 200 6053
2023-08-09 22:56:56,008 INFO basehttp: "GET /static/img/favicon.ico/android-icon-192x192.png HTTP/1.1" 200 17042
2023-08-09 22:57:04,983 INFO views: Draw with GET for id 24
2023-08-09 22:57:04,984 INFO views: Prize 2, NO LUCK ..., False
2023-08-09 22:57:04,990 INFO basehttp: "GET /24 HTTP/1.1" 200 6440
2023-08-09 22:57:10,448 INFO basehttp: "GET /?csrfmiddlewaretoken=D1gO0Esw7YLUh034vffmPx6XZKDki5s2nQZSSfHOAIo07sSkFklziTr3ARSWN5sL HTTP/1.1" 200 8340
2023-08-09 22:57:29,612 INFO views: Draw_new with POST
2023-08-09 22:57:29,622 ERROR draw: UniqueCode matching query does not exist.
2023-08-09 22:57:29,627 INFO basehttp: "POST /draw HTTP/1.1" 200 6054
2023-08-09 22:57:38,716 INFO views: Draw with GET for id 25
2023-08-09 22:57:38,717 INFO views: Prize 15, PREMIO 1, False
2023-08-09 22:57:38,723 INFO basehttp: "GET /25 HTTP/1.1" 200 6442
2023-08-09 22:58:20,559 INFO basehttp: "GET /?csrfmiddlewaretoken=m3dPmTGRvUv2h1nTZoKAd1euN8BTbYRI6SWTeuV9YE887tc99tQNGnzAofQvGYRr HTTP/1.1" 200 8340
2023-08-09 22:58:26,900 INFO views: Draw_new with POST
2023-08-09 22:58:26,910 ERROR draw: UniqueCode matching query does not exist.
2023-08-09 22:58:26,916 INFO basehttp: "POST /draw HTTP/1.1" 200 6053
2023-08-09 22:58:36,036 INFO views: Draw with GET for id 26
2023-08-09 22:58:36,038 INFO views: Prize 11, 25% OFF, True
2023-08-09 22:58:36,043 INFO basehttp: "GET /26 HTTP/1.1" 200 7188
2023-08-09 22:58:51,543 INFO basehttp: "GET /?csrfmiddlewaretoken=ZDkmSelqxevyRsl3exWGD5n6dGimmlnPJs3qKPAI0Y8EHUajoC2T6rIcONxYRlny HTTP/1.1" 200 8340
2023-08-09 22:58:58,862 INFO views: Draw_new with POST
2023-08-09 22:58:58,871 ERROR draw: UniqueCode matching query does not exist.
2023-08-09 22:58:58,877 INFO basehttp: "POST /draw HTTP/1.1" 200 6054
2023-08-09 22:59:07,969 INFO views: Draw with GET for id 27
2023-08-09 22:59:07,971 INFO views: Prize 10, FREE SPIN!, False
2023-08-09 22:59:07,971 ERROR draw: UniqueCode matching query does not exist.
2023-08-09 22:59:07,983 INFO basehttp: "GET /27 HTTP/1.1" 200 6759
2023-08-09 22:59:11,477 INFO views: Draw_new with POST
2023-08-09 22:59:11,480 WARNING views: invalid form else => False <ul class="errorlist"><li>name<ul class="errorlist"><li>This field is required.</li></ul></li><li>phone<ul class="errorlist"><li>This field is required.</li></ul></li><li>ident<ul class="errorlist"><li>This field is required.</li></ul></li></ul>
2023-08-09 22:59:11,492 INFO basehttp: "POST /draw HTTP/1.1" 200 8690
2023-08-09 22:59:19,299 INFO views: Draw_new with POST
2023-08-09 22:59:19,309 ERROR draw: UniqueCode matching query does not exist.
2023-08-09 22:59:19,315 INFO basehttp: "POST /draw HTTP/1.1" 200 6053
2023-08-09 22:59:28,422 INFO views: Draw with GET for id 28
2023-08-09 22:59:28,423 INFO views: Prize 14, PREMIO 2, True
2023-08-09 22:59:28,429 INFO basehttp: "GET /28 HTTP/1.1" 200 7189
2023-08-09 23:01:32,096 INFO basehttp: "GET /admin HTTP/1.1" 301 0
2023-08-09 23:01:32,118 INFO basehttp: "GET /admin/ HTTP/1.1" 302 0
2023-08-09 23:01:32,139 INFO basehttp: "GET /admin/login/?next=/admin/ HTTP/1.1" 200 2217
2023-08-09 23:01:32,213 INFO basehttp: "GET /static/admin/css/base.css HTTP/1.1" 200 19513
2023-08-09 23:01:32,217 INFO basehttp: "GET /static/admin/css/nav_sidebar.css HTTP/1.1" 200 2271
2023-08-09 23:01:32,220 INFO basehttp: "GET /static/admin/css/login.css HTTP/1.1" 200 939
2023-08-09 23:01:32,235 INFO basehttp: "GET /static/admin/css/responsive.css HTTP/1.1" 200 18545
2023-08-09 23:01:32,254 INFO basehttp: "GET /static/admin/css/fonts.css HTTP/1.1" 200 423
2023-08-09 23:01:32,310 INFO basehttp: "GET /static/admin/fonts/Roboto-Regular-webfont.woff HTTP/1.1" 200 85876
2023-08-09 23:01:32,313 INFO basehttp: "GET /static/admin/fonts/Roboto-Light-webfont.woff HTTP/1.1" 200 85692
2023-08-10 02:54:55,765 INFO basehttp: code 400, message Bad HTTP/0.9 request type ('\x16\x03\x01\x00{\x01\x00\x00w\x03\x03FÄá_\x87\x08*')
2023-08-10 02:54:55,765 ERROR basehttp: You're accessing the development server over HTTPS, but it only supports HTTP.

2023-08-10 03:05:17,769 INFO basehttp: "GET / HTTP/1.1" 200 8340
2023-08-10 03:05:56,011 INFO basehttp: "GET / HTTP/1.1" 200 8340
2023-08-10 03:19:58,258 INFO basehttp: "GET / HTTP/1.1" 200 8340
2023-08-10 03:19:59,658 WARNING log: Not Found: /Public/home/js/check.js
2023-08-10 03:19:59,658 WARNING basehttp: "GET /Public/home/js/check.js HTTP/1.1" 404 2667
2023-08-10 03:20:00,983 WARNING basehttp: "GET /static/admin/javascript/hetong.js HTTP/1.1" 404 1849
2023-08-10 04:29:54,913 INFO basehttp: code 400, message Bad request version ('À\x14À')
2023-08-10 04:29:54,913 ERROR basehttp: You're accessing the development server over HTTPS, but it only supports HTTP.

2023-08-10 10:34:07,587 INFO basehttp: "GET / HTTP/1.1" 200 8340
2023-08-10 10:34:18,560 WARNING log: Not Found: /favicon.ico
2023-08-10 10:34:18,560 WARNING basehttp: "GET /favicon.ico HTTP/1.1" 404 2622
2023-08-10 10:34:22,289 WARNING log: Not Found: /http:/api.ipify.org/
2023-08-10 10:34:22,289 WARNING basehttp: "GET http://api.ipify.org/?format=json HTTP/1.1" 404 1818
2023-08-10 10:34:24,717 WARNING log: Not Found: /www.shadowserver.org:443
2023-08-10 10:34:24,718 WARNING basehttp: "CONNECT www.shadowserver.org:443 HTTP/1.1" 404 1827
2023-08-10 10:49:59,161 INFO basehttp: "GET / HTTP/1.1" 200 8340
2023-08-10 10:50:59,004 INFO basehttp: "GET / HTTP/1.1" 200 8340
2023-08-10 10:51:03,234 INFO basehttp: "GET /static/img/favicon.ico/favicon-16x16.png HTTP/1.1" 200 1534
2023-08-10 10:51:04,067 INFO basehttp: "GET /static/js/confetti.js HTTP/1.1" 200 7222
2023-08-10 10:51:05,456 INFO basehttp: "GET /static/js/script.js HTTP/1.1" 200 4688
2023-08-10 16:05:09,008 INFO basehttp: "GET / HTTP/1.1" 200 8340
2023-08-10 18:17:13,086 INFO basehttp: "GET / HTTP/1.1" 200 8340
2023-08-10 18:17:14,054 INFO basehttp: "GET /static/img/favicon.ico/apple-icon-120x120.png HTTP/1.1" 200 11163
2023-08-10 18:17:14,054 INFO basehttp: "GET /static/img/favicon.ico/apple-icon-114x114.png HTTP/1.1" 200 10552
2023-08-10 18:17:14,055 INFO basehttp: "GET /static/img/favicon.ico/apple-icon-76x76.png HTTP/1.1" 200 6566
2023-08-10 18:17:14,055 INFO basehttp: "GET /static/img/favicon.ico/favicon-16x16.png HTTP/1.1" 200 1534
2023-08-10 18:17:14,056 INFO basehttp: "GET /static/img/favicon.ico/favicon-96x96.png HTTP/1.1" 200 8699
2023-08-10 18:17:14,060 INFO basehttp: "GET /static/img/favicon.ico/favicon-32x32.png HTTP/1.1" 200 2438
2023-08-10 18:17:14,061 INFO basehttp: "GET /static/img/favicon.ico/apple-icon-60x60.png HTTP/1.1" 200 5016
2023-08-10 18:17:14,066 INFO basehttp: "GET /static/img/favicon.ico/apple-icon-72x72.png HTTP/1.1" 200 6259
2023-08-10 18:17:14,068 INFO basehttp: "GET /static/img/favicon.ico/ms-icon-144x144.png HTTP/1.1" 200 13984
2023-08-10 18:17:14,068 INFO basehttp: "GET /static/img/favicon.ico/apple-icon-180x180.png HTTP/1.1" 200 18486
2023-08-10 18:17:14,068 INFO basehttp: "GET /static/img/favicon.ico/apple-icon-152x152.png HTTP/1.1" 200 15035
2023-08-10 18:17:14,070 INFO basehttp: "GET /static/img/favicon.ico/android-icon-192x192.png HTTP/1.1" 200 17042
2023-08-10 18:17:14,072 INFO basehttp: "GET /static/img/favicon.ico/apple-icon-57x57.png HTTP/1.1" 200 4652
2023-08-10 18:17:14,074 INFO basehttp: "GET /static/img/favicon.ico/apple-icon-144x144.png HTTP/1.1" 200 13984
2023-08-10 19:27:18,392 INFO basehttp: "GET / HTTP/1.1" 200 8340
2023-08-10 19:27:20,772 INFO basehttp: "GET /static/img/favicon.ico/apple-icon-57x57.png HTTP/1.1" 200 4652
2023-08-10 19:27:20,775 INFO basehttp: "GET /static/img/favicon.ico/favicon-96x96.png HTTP/1.1" 200 8699
2023-08-10 19:27:20,780 INFO basehttp: "GET /static/img/favicon.ico/apple-icon-144x144.png HTTP/1.1" 200 13984
2023-08-10 19:27:20,780 INFO basehttp: "GET /static/img/favicon.ico/apple-icon-114x114.png HTTP/1.1" 200 10552
2023-08-10 19:27:20,783 INFO basehttp: "GET /static/img/favicon.ico/apple-icon-152x152.png HTTP/1.1" 200 15035
2023-08-10 19:27:20,784 INFO basehttp: "GET /static/img/favicon.ico/favicon-32x32.png HTTP/1.1" 200 2438
2023-08-10 19:27:20,790 INFO basehttp: "GET /static/img/favicon.ico/apple-icon-76x76.png HTTP/1.1" 200 6566
2023-08-10 19:27:20,791 INFO basehttp: "GET /static/img/favicon.ico/apple-icon-120x120.png HTTP/1.1" 200 11163
2023-08-10 19:27:20,792 INFO basehttp: "GET /static/img/favicon.ico/apple-icon-72x72.png HTTP/1.1" 200 6259
2023-08-10 19:27:20,796 INFO basehttp: "GET /static/img/favicon.ico/favicon-16x16.png HTTP/1.1" 200 1534
2023-08-10 19:27:20,797 INFO basehttp: "GET /static/img/favicon.ico/android-icon-192x192.png HTTP/1.1" 200 17042
2023-08-10 19:27:20,797 INFO basehttp: "GET /static/img/favicon.ico/ms-icon-144x144.png HTTP/1.1" 200 13984
2023-08-10 19:27:20,798 INFO basehttp: "GET /static/img/favicon.ico/apple-icon-60x60.png HTTP/1.1" 200 5016
2023-08-10 19:27:20,799 INFO basehttp: "GET /static/img/favicon.ico/apple-icon-180x180.png HTTP/1.1" 200 18486
2023-08-10 20:12:59,218 INFO basehttp: "GET / HTTP/1.1" 200 8340
2023-08-10 20:15:50,097 INFO basehttp: "GET / HTTP/1.1" 200 8340
2023-08-10 20:15:50,200 INFO basehttp: "GET /static/css/styles.css HTTP/1.1" 200 1055
2023-08-10 20:15:50,232 INFO basehttp: "GET /static/js/confetti.js HTTP/1.1" 200 7222
2023-08-10 20:15:50,270 INFO basehttp: "GET /static/js/script.js HTTP/1.1" 200 4688
2023-08-10 20:15:50,479 INFO basehttp: "GET /static/media/roulette.mp3 HTTP/1.1" 200 95433
2023-08-10 20:15:50,545 INFO basehttp: "GET /static/img/outwheel.png HTTP/1.1" 200 440976
2023-08-10 20:15:50,606 INFO basehttp: "GET /static/img/wheel.png HTTP/1.1" 200 407425
2023-08-10 20:15:50,799 INFO basehttp: "GET /static/img/favicon.ico/android-icon-192x192.png HTTP/1.1" 200 17042
2023-08-10 20:15:50,799 INFO basehttp: "GET /static/img/favicon.ico/apple-icon-180x180.png HTTP/1.1" 200 18486
2023-08-10 20:15:51,920 INFO basehttp: "GET / HTTP/1.1" 200 8340
2023-08-10 20:21:09,514 INFO basehttp: - Broken pipe from ('192.168.1.1', 20176)

2023-08-11 00:10:33,953 INFO basehttp: "GET / HTTP/1.1" 200 8340
2023-08-11 00:10:34,127 INFO basehttp: "GET /static/css/styles.css HTTP/1.1" 200 1055
2023-08-11 00:10:36,902 INFO basehttp: "GET /static/js/confetti.js HTTP/1.1" 200 7222
2023-08-11 00:10:37,076 INFO basehttp: "GET /static/js/script.js HTTP/1.1" 200 4688
2023-08-11 01:44:09,380 INFO basehttp: "GET / HTTP/1.1" 200 8340
2023-08-11 01:44:09,690 INFO basehttp: "GET / HTTP/1.1" 200 8340
2023-08-11 01:44:14,786 INFO basehttp: "GET / HTTP/1.1" 200 8340
2023-08-11 02:00:58,230 INFO basehttp: code 400, message Bad request version ('À\x14À')
2023-08-11 02:00:58,230 ERROR basehttp: You're accessing the development server over HTTPS, but it only supports HTTP.

2023-08-11 02:22:56,207 INFO basehttp: "GET / HTTP/1.1" 200 8340
2023-08-11 02:22:56,876 INFO basehttp: "GET / HTTP/1.1" 200 8340
2023-08-11 03:48:35,731 INFO basehttp: code 400, message Bad request version ('À\x13À')
2023-08-11 03:48:35,731 ERROR basehttp: You're accessing the development server over HTTPS, but it only supports HTTP.

2023-08-11 03:48:37,757 INFO basehttp: "GET / HTTP/1.1" 200 8340
2023-08-11 04:13:01,499 INFO basehttp: "GET / HTTP/1.1" 200 8340
2023-08-11 05:33:55,772 INFO basehttp: "GET / HTTP/1.1" 200 8340
2023-08-11 05:34:03,486 WARNING log: Not Found: /favicon.ico
2023-08-11 05:34:03,486 WARNING basehttp: "GET /favicon.ico HTTP/1.1" 404 2622
2023-08-11 05:34:06,780 WARNING log: Not Found: /http:/api.ipify.org/
2023-08-11 05:34:06,781 WARNING basehttp: "GET http://api.ipify.org/?format=json HTTP/1.1" 404 1818
2023-08-11 05:34:09,170 WARNING log: Not Found: /www.shadowserver.org:443
2023-08-11 05:34:09,170 WARNING basehttp: "CONNECT www.shadowserver.org:443 HTTP/1.1" 404 1827
2023-08-11 07:41:25,680 INFO basehttp: code 400, message Bad request version ('À\x14À')
2023-08-11 07:41:25,681 ERROR basehttp: You're accessing the development server over HTTPS, but it only supports HTTP.

2023-08-11 10:07:28,188 WARNING log: Not Found: /.env
2023-08-11 10:07:28,189 WARNING basehttp: "GET /.env HTTP/1.1" 404 2610
2023-08-11 14:05:05,000 INFO basehttp: "GET /?csrfmiddlewaretoken=hc0AwKSSUqy2p9FhwYDcHcKPdWokvozmDNiCvlyGocUynrJzTCAIeIdjMwF2lSlM HTTP/1.1" 200 8340
2023-08-11 14:05:05,086 INFO basehttp: "GET /static/css/styles.css HTTP/1.1" 200 1055
2023-08-11 14:05:05,098 INFO basehttp: "GET /static/js/confetti.js HTTP/1.1" 200 7222
2023-08-11 14:05:05,099 INFO basehttp: "GET /static/js/script.js HTTP/1.1" 200 4688
2023-08-11 14:05:05,882 INFO basehttp: "GET /static/img/outwheel.png HTTP/1.1" 200 440976
2023-08-11 14:05:05,882 INFO basehttp: "GET /static/img/wheel.png HTTP/1.1" 200 407425
2023-08-11 14:05:05,912 INFO basehttp: "GET /static/media/roulette.mp3 HTTP/1.1" 200 95433
2023-08-11 14:05:06,157 INFO basehttp: "GET /static/img/favicon.ico/android-icon-192x192.png HTTP/1.1" 200 17042
2023-08-11 14:05:06,158 INFO basehttp: "GET /static/img/favicon.ico/favicon-96x96.png HTTP/1.1" 200 8699
2023-08-11 14:05:06,161 INFO basehttp: "GET /static/img/favicon.ico/favicon-32x32.png HTTP/1.1" 200 2438
2023-08-11 14:05:06,163 INFO basehttp: "GET /static/img/favicon.ico/favicon-16x16.png HTTP/1.1" 200 1534
2023-08-11 14:05:45,037 INFO basehttp: "GET / HTTP/1.1" 200 8340
2023-08-11 14:05:45,134 INFO basehttp: "GET /static/css/styles.css HTTP/1.1" 200 1055
2023-08-11 14:05:45,175 INFO basehttp: "GET /static/js/confetti.js HTTP/1.1" 200 7222
2023-08-11 14:05:45,176 INFO basehttp: "GET /static/js/script.js HTTP/1.1" 200 4688
2023-08-11 14:05:50,546 INFO basehttp: "GET /static/img/wheel.png HTTP/1.1" 200 407425
2023-08-11 14:05:50,549 INFO basehttp: "GET /static/img/outwheel.png HTTP/1.1" 200 440976
2023-08-11 14:05:50,609 INFO basehttp: "GET /static/media/roulette.mp3 HTTP/1.1" 200 95433
2023-08-11 14:05:51,418 INFO basehttp: "GET /static/img/favicon.ico/favicon-32x32.png HTTP/1.1" 200 2438
2023-08-11 14:05:51,418 INFO basehttp: "GET /static/img/favicon.ico/favicon-16x16.png HTTP/1.1" 200 1534
2023-08-11 14:05:51,419 INFO basehttp: "GET /static/img/favicon.ico/favicon-96x96.png HTTP/1.1" 200 8699
2023-08-11 14:05:51,420 INFO basehttp: "GET /static/img/favicon.ico/android-icon-192x192.png HTTP/1.1" 200 17042
2023-08-11 14:06:28,118 INFO views: Draw_new with POST
2023-08-11 14:06:28,140 ERROR draw: UniqueCode matching query does not exist.
2023-08-11 14:06:28,149 INFO basehttp: "POST /draw HTTP/1.1" 200 6053
2023-08-11 14:06:28,289 INFO basehttp: "GET /static/media/roulette.mp3 HTTP/1.1" 200 95433
2023-08-11 14:06:37,425 INFO views: Draw with GET for id 29
2023-08-11 14:06:37,426 INFO views: Prize 11, 25% OFF, True
2023-08-11 14:06:37,432 INFO basehttp: "GET /29 HTTP/1.1" 200 7179
2023-08-11 14:06:37,830 INFO basehttp: "GET /static/media/roulette.mp3 HTTP/1.1" 200 95433
2023-08-11 14:09:04,166 INFO basehttp: "GET / HTTP/1.1" 200 8340
2023-08-11 14:09:04,305 INFO basehttp: "GET /static/css/styles.css HTTP/1.1" 200 1055
2023-08-11 14:09:04,325 INFO basehttp: "GET /static/js/confetti.js HTTP/1.1" 200 7222
2023-08-11 14:09:04,325 INFO basehttp: "GET /static/js/script.js HTTP/1.1" 200 4688
2023-08-11 14:09:05,290 INFO basehttp: "GET /static/img/outwheel.png HTTP/1.1" 200 440976
2023-08-11 14:09:05,302 INFO basehttp: "GET /static/img/wheel.png HTTP/1.1" 200 407425
2023-08-11 14:09:05,327 INFO basehttp: "GET /static/media/roulette.mp3 HTTP/1.1" 200 95433
2023-08-11 14:09:22,824 INFO basehttp: "GET /static/img/favicon.ico/android-icon-192x192.png HTTP/1.1" 200 17042
2023-08-11 14:09:22,833 INFO basehttp: "GET /static/img/favicon.ico/apple-icon-180x180.png HTTP/1.1" 200 18486
2023-08-11 14:10:15,025 INFO views: Draw_new with POST
2023-08-11 14:10:15,028 ERROR draw: UniqueCode matching query does not exist.
2023-08-11 14:10:15,028 WARNING views: invalid form else => False <ul class="errorlist"><li>code<ul class="errorlist"><li>¡Código no válido o caducado!</li></ul></li></ul>
2023-08-11 14:10:15,035 ERROR draw: UniqueCode matching query does not exist.
2023-08-11 14:10:15,041 INFO basehttp: "POST /draw HTTP/1.1" 200 8535
2023-08-11 14:10:31,185 INFO views: Draw_new with POST
2023-08-11 14:10:31,188 ERROR draw: UniqueCode matching query does not exist.
2023-08-11 14:10:31,188 WARNING views: invalid form else => False <ul class="errorlist"><li>code<ul class="errorlist"><li>¡Código no válido o caducado!</li></ul></li></ul>
2023-08-11 14:10:31,194 ERROR draw: UniqueCode matching query does not exist.
2023-08-11 14:10:31,201 INFO basehttp: "POST /draw HTTP/1.1" 200 8535
2023-08-11 14:11:06,233 INFO views: Draw_new with POST
2023-08-11 14:11:06,236 ERROR draw: UniqueCode matching query does not exist.
2023-08-11 14:11:06,236 WARNING views: invalid form else => False <ul class="errorlist"><li>code<ul class="errorlist"><li>¡Código no válido o caducado!</li></ul></li></ul>
2023-08-11 14:11:06,244 ERROR draw: UniqueCode matching query does not exist.
2023-08-11 14:11:06,250 INFO basehttp: "POST /draw HTTP/1.1" 200 8535
2023-08-11 14:11:13,075 INFO views: Draw_new with POST
2023-08-11 14:11:13,077 ERROR draw: UniqueCode matching query does not exist.
2023-08-11 14:11:13,078 WARNING views: invalid form else => False <ul class="errorlist"><li>code<ul class="errorlist"><li>¡Código no válido o caducado!</li></ul></li></ul>
2023-08-11 14:11:13,084 ERROR draw: UniqueCode matching query does not exist.
2023-08-11 14:11:13,090 INFO basehttp: "POST /draw HTTP/1.1" 200 8535
2023-08-11 14:11:23,265 INFO views: Draw_new with POST
2023-08-11 14:11:23,267 ERROR draw: UniqueCode matching query does not exist.
2023-08-11 14:11:23,268 WARNING views: invalid form else => False <ul class="errorlist"><li>code<ul class="errorlist"><li>¡Código no válido o caducado!</li></ul></li></ul>
2023-08-11 14:11:23,275 ERROR draw: UniqueCode matching query does not exist.
2023-08-11 14:11:23,282 INFO basehttp: "POST /draw HTTP/1.1" 200 8535
2023-08-11 14:11:45,256 INFO views: Draw_new with POST
2023-08-11 14:11:45,291 ERROR draw: UniqueCode matching query does not exist.
2023-08-11 14:11:45,296 INFO basehttp: "POST /draw HTTP/1.1" 200 6052
2023-08-11 14:11:54,436 INFO views: Draw with GET for id 30
2023-08-11 14:11:54,437 INFO views: Prize 12, PREMIO 4, False
2023-08-11 14:11:54,442 INFO basehttp: "GET /30 HTTP/1.1" 200 6438
2023-08-11 14:12:14,918 INFO views: Draw_new with POST
2023-08-11 14:12:14,930 ERROR draw: UniqueCode matching query does not exist.
2023-08-11 14:12:14,936 INFO basehttp: "POST /draw HTTP/1.1" 200 6053
2023-08-11 14:12:24,068 INFO views: Draw with GET for id 31
2023-08-11 14:12:24,069 INFO views: Prize 10, FREE SPIN!, False
2023-08-11 14:12:24,070 ERROR draw: UniqueCode matching query does not exist.
2023-08-11 14:12:24,081 INFO basehttp: "GET /31 HTTP/1.1" 200 6757
2023-08-11 14:12:34,717 INFO views: Draw_new with POST
2023-08-11 14:12:34,719 WARNING views: invalid form else => False <ul class="errorlist"><li>name<ul class="errorlist"><li>This field is required.</li></ul></li><li>phone<ul class="errorlist"><li>This field is required.</li></ul></li><li>ident<ul class="errorlist"><li>This field is required.</li></ul></li></ul>
2023-08-11 14:12:34,731 INFO basehttp: "POST /draw HTTP/1.1" 200 8690
2023-08-11 14:12:45,712 INFO basehttp: "GET / HTTP/1.1" 200 8340
2023-08-11 14:16:56,928 INFO basehttp: "GET / HTTP/1.1" 200 8340
2023-08-11 14:16:57,071 INFO basehttp: "GET /static/css/styles.css HTTP/1.1" 200 1055
2023-08-11 14:16:57,097 INFO basehttp: "GET /static/js/script.js HTTP/1.1" 200 4688
2023-08-11 14:16:57,097 INFO basehttp: "GET /static/js/confetti.js HTTP/1.1" 200 7222
2023-08-11 14:16:57,495 INFO basehttp: "GET /static/media/roulette.mp3 HTTP/1.1" 200 95433
2023-08-11 14:16:57,525 INFO basehttp: "GET /static/img/wheel.png HTTP/1.1" 200 407425
2023-08-11 14:16:57,552 INFO basehttp: "GET /static/img/outwheel.png HTTP/1.1" 200 440976
2023-08-11 14:16:57,655 INFO basehttp: "GET /static/img/favicon.ico/android-icon-192x192.png HTTP/1.1" 200 17042
2023-08-11 14:16:57,685 INFO basehttp: "GET /static/img/favicon.ico/favicon-16x16.png HTTP/1.1" 200 1534
2023-08-11 14:17:01,123 INFO basehttp: "GET / HTTP/1.1" 200 8340
2023-08-11 14:17:01,135 INFO basehttp: "GET /static/img/favicon.ico/apple-icon-114x114.png HTTP/1.1" 200 10552
2023-08-11 14:17:03,450 INFO basehttp: "GET / HTTP/1.1" 200 8340
2023-08-11 14:17:03,458 INFO basehttp: "GET /static/img/favicon.ico/apple-icon-114x114.png HTTP/1.1" 200 10552
2023-08-11 14:17:22,095 INFO basehttp: "GET / HTTP/1.1" 200 8340
2023-08-11 14:17:22,120 INFO basehttp: "GET /static/css/styles.css HTTP/1.1" 200 1055
2023-08-11 14:17:22,126 INFO basehttp: "GET /static/js/confetti.js HTTP/1.1" 200 7222
2023-08-11 14:17:22,126 INFO basehttp: "GET /static/js/script.js HTTP/1.1" 200 4688
2023-08-11 14:17:22,468 INFO basehttp: "GET /static/media/roulette.mp3 HTTP/1.1" 200 95433
2023-08-11 14:17:22,503 INFO basehttp: "GET /static/img/wheel.png HTTP/1.1" 200 407425
2023-08-11 14:17:22,523 INFO basehttp: "GET /static/img/outwheel.png HTTP/1.1" 200 440976
2023-08-11 14:17:22,611 INFO basehttp: "GET /static/img/favicon.ico/favicon-32x32.png HTTP/1.1" 200 2438
2023-08-11 14:18:30,094 INFO views: Draw_new with POST
2023-08-11 14:18:30,117 ERROR draw: UniqueCode matching query does not exist.
2023-08-11 14:18:30,129 INFO basehttp: "POST /draw HTTP/1.1" 200 6054
2023-08-11 14:18:30,235 INFO basehttp: "GET /static/img/favicon.ico/android-icon-192x192.png HTTP/1.1" 200 17042
2023-08-11 14:18:39,218 INFO views: Draw with GET for id 32
2023-08-11 14:18:39,220 INFO views: Prize 12, PREMIO 4, False
2023-08-11 14:18:39,226 INFO basehttp: "GET /32 HTTP/1.1" 200 6442
2023-08-11 14:18:46,711 INFO basehttp: "GET /?csrfmiddlewaretoken=yw1afWyWL1QZ9kAGgpy0YCr9oaoSwjUuTFKwn4koul19rYsVVnmhGUUEz96MqJyu HTTP/1.1" 200 8340
2023-08-11 14:19:59,893 INFO basehttp: "GET /admin HTTP/1.1" 301 0
2023-08-11 14:19:59,907 INFO basehttp: "GET /admin/ HTTP/1.1" 302 0
2023-08-11 14:19:59,930 INFO basehttp: "GET /admin/login/?next=/admin/ HTTP/1.1" 200 2217
2023-08-11 14:19:59,959 INFO basehttp: "GET /static/admin/css/base.css HTTP/1.1" 200 19513
2023-08-11 14:19:59,965 INFO basehttp: "GET /static/admin/css/nav_sidebar.css HTTP/1.1" 200 2271
2023-08-11 14:19:59,966 INFO basehttp: "GET /static/admin/css/login.css HTTP/1.1" 200 939
2023-08-11 14:19:59,967 INFO basehttp: "GET /static/admin/css/responsive.css HTTP/1.1" 200 18545
2023-08-11 14:19:59,978 INFO basehttp: "GET /static/admin/js/nav_sidebar.js HTTP/1.1" 200 1360
2023-08-11 14:19:59,990 INFO basehttp: "GET /static/admin/css/fonts.css HTTP/1.1" 200 423
2023-08-11 14:20:00,025 INFO basehttp: "GET /static/admin/fonts/Roboto-Regular-webfont.woff HTTP/1.1" 200 85876
2023-08-11 14:20:00,025 INFO basehttp: "GET /static/admin/fonts/Roboto-Light-webfont.woff HTTP/1.1" 200 85692
2023-08-11 14:20:00,063 WARNING log: Not Found: /favicon.ico
2023-08-11 14:20:00,064 WARNING basehttp: "GET /favicon.ico HTTP/1.1" 404 2631
2023-08-11 14:41:10,189 INFO basehttp: "GET / HTTP/1.1" 200 8340
